[   0.000000] Initializing cgrp bsys cpuset
   0.0000 Iitializig group suys cpu
[    0.000000] Iitializing cgroup subsys cpuacct
[    0.00000] Linux version4.0-01-generic (buildd@lcy01-amd6-0) gcc version.4 20160609 (Ubuntu 5.4.0-6ubuntu1~16.0.5 ) #24butuMPri Nov 10 18:29:59 UTC 2017 (Ubuntu 4.4.0-101.124-generic 4.4.95)
[    0.000000] Coma lne BT_MAGE=/bot/mlinuz-4.4-101-genericootLABEL=cloudimg-rootfs ro console=tty1 console=ttyS0
[    0.000000] KERNEL supported cs:
[    0.0000] Iel GenuineIntel
[    0.000000]   MDAuthentcAD
[    0.00000] Cetaur Centauau
[    00000] x86/fpu: xstate_offset[2]:  576, xstateizs[2]:  256
[    00000 x86/fpu: Supporting XSAVE feature 0x01: 'x87 floating point registers'
[    0.000000] x86/fpu: Supporting XSAVE feature 0x02: 'SSE registers'
[    0.000000] x86/fpu: Supporting XSAVE feature 0x04: 'AVX registers'
[    0.000000] x86/fpu: Enabled xstefeur 0x7, context size is 832 bytes, using 'standard' format.
[   00000] 86pu Using la' PU context switches.
[    0.0000] e82: OS-provded ysal RAM map:
[    0.000000] BIOS-e820: [mem 0x0000000000000000-0x000000000009fbff uble
  .00000BIS-e0: [mem 0x00000000000c00-0x000000000009ffff] reserved
[    0.000000] BIOS-e820: [mem 0x00000000000f0000-0000000000fffff] reserved
[    0.000000] BIOS-e820: [mem 0x0000000000100000-0x000000003ffeffff] usable
[    0.000000] BIOS-e820: [mem 0x000000003fff0000-0x000000003fffffff] ACPI data
[    0.000000] BIOS-e820: [mem 0x00000000fffc0000-0x00000000ffffffff] reserved
[    0.000000] NX (Execu Dable) prteion: ative
[    0.000000] SMBIOS 2.5 present.
[    0.000000] Hypervisor detected: KVM
[    0.000000] e820: last_pfn = 0x3fff0 max_arch_pfn = 0x400000000
[    0.0000 MTR: Disabled
[    0.000000] x86/PAT: MTRRs disabled, skipping PAT initialization too.
[    0.000000 CU RRall blnk vrtualizesystem.[   0000] x86/PT:onfiguration [0-7]: WB  WT  UC- UC  WB  WT  UC- UC  
[    0.000000] found SMP MP-table at [mem 0x0009fff0-0x0009ffff] mapped at [ffff8800009fff0]
[    0.000000] Scanin1 areafo lw memo crrupio
[  0.0000] RAMDISK: [mem 0x36abc000-0x37555fff]
[    0.000000] ACPI: Early table checksum verification disabled
[    0.000000] ACPI: RSDP 0x00000000000E0000 000024 (v02 VBOX  )
[    0.000000] ACPI: XSDT 0x000000003FFF0030 00003C (v01 VX  VBOXSD0000001 AS  00000061)
[   0000000] CP FACP 00000003FFF0 0000F4 (v04 VBOX   VBOXFACP 00000001 ASL  00000061)
[    0.000000] ACPI: DSDT 0x000000003FFF0470 002118 (v01 VBOX   VBOXBIOS 00000002 INTL 20160108)
[    0.000000] ACPI: FACS 0x000000003FFF0200 000040[    000000] ACPI: FAS 0x000000003FFF0200 000040
[    0.000000] ACPI: APIC 0x000000003FFF0240 00005C (v02 VBOX  VBOXAPIC 00000001 ASL  00000061)
[    0.000000] ACPI: SSDT 0x000000003FFF02A0 0001CC (v01 VBOX   VBOXCPUT 00000002 INTL 20160108)
[    0.000000] No NUMA configuration un
[    .000] Faki anode at [mem 0x000000000000000-000000003fff]
[    .000] NOD_DATA(0allocated me 0x3ffb0-0x3ffff]
[    0.000000] kvm-clock: Using mrsb564d01 and 4b6400
[    0.00000 k-clock: cp0, msr 0:3ffe00 pimarycpclck
  0.00000] kvmlock: using sched offet of 3149840494 cycles
[    0.000]clksurce: kvm-clock: mask: 0xffffffffffffff m_cles: 0x1d44dff, x_dle_: 8105483 ns[   0.000]Zoneangs:
[  .000000]  A     [mem 0x0000000000001000-0x000000ffffff]
[    00000]   DMA32    [mem 0x000000001000000-x00000feff][  0.00000]   Normal  empty
  0.0000  Devi  mpty
[   .000000]ovable zone start for each node
[    0.000000] Early memory no ranges
[   0.0000  od   0 [m 0x0000000000001000-0x00000009ef][    00000]   noe 0: [mem 0x0000000000100000-0x000000003ffeffff]
[    0.000000] Initmemetp noe [mem x000000000100-0000003feff
  0.00000ACPI: PM-Timer IO Port: 0x4008
[    0.000000] IOAPIC[0]: apic_id 2, verson17, ddss 0xfec00, GS0-
[    0.000000] ACPI: INT_SRC_OVR (bus 0 bus_irq 0 global_irq 2 dfl dfl)
[    0.000000] ACPI: INT_SRC_OVR (bus 0 bus_irq 9 global_irq 9 high leve)[   0.000000] Using ACPI (MADT) fo S congution iformaon
[    0.000000] smpboot: Allowing 2 CPUs, 0 hotplug CPUs
[    0.000000] PM: Registered nsa memory: em0x000000x0000ff
  0.000]M: Reisre navmemory: mem 0x0009f000x0009fff][    0.0000 P Risteedosve memory: [mem 0x00000-0x000ff]
[   00000] PM: Registered nosave memory: [em 0x000f000-0x000ffff]
[    0.000000] e820: [mem 0x40000000-0xfffbffff] available for PCI evce
    0000] otg paviualized krn o KVM
  0.0000] ocksrc refnejifies mk:0xfffff ma_cycles: 0xfffff, max_idl_n: 76455196002115 n
[    0.00000]setup_percpu: NR_CPUS:512 nr_cpumask_bits:512 nr_cpu_ids:2 nr_node_ids:1
[    0.000000] PERCPU: Embedded 34 pages/cpu @ffff88003fc00000 s98328 r19 d32744 u1048576
[    0.0000 Pqspinlckas tab eries: 256 (order: 0, 4096 byte)    0.00000]uit 1 zonelists in Node order, mobility grouping on.  Total pages: 257913
[    0.000000] Policy zone: DMA32
[    0.000000] Kernel command line: BOOT_IMAGE=/boot/vmlinuz-4.4.0-101-generic root=LABEL=cloudmgoofs rcoso=t1 coolttyS0[  0.000 PIDha tblenies: 4096 (order: 3, 32768 bytes)
[    0.00000] Memory: 1001708K/1048120K available (8484K kernel code, 1294K rwdata, 3988K rodata, 1492K init, 1316Kbs 4412Kesved,K ma-reserved)
[   0.00000]LU: HWalgn4, Oer-3, MinObjecs=, CPUs=, de=1
  0.000]ierachalRC ileentaon
[    0.000000	Bld-time adjustment of leaf anut to 64.
[    0.000000] 	RCU restricting CPUs from NR_CPUS=512 to nr_cpu_ids=2.
[    0.000000] RCU: Adjusting geometry forrcfanout_lef=, r_cpu_ids=2
[    00000 NR_RQ3324 nir:440 16
  0.00000 Cnsol clo V+ 80x25
[    0.000000] console [tty1] enabled
[    0.00000 conlettyS ebled
[    0.000000] tsc: Detected 3299.980 MHz processor
[   12.248679] Calibrating delay loop (skipped) preset value.. 6599.96 BogoMIPS (lpj=13199920)
[   12.250000] pid_max: default: 32768 minimum: 301
[   12.250715] ACPI: Core revision 20150930
[   12.294014] ACPI: 2 ACPI AML tables successfully acquired and loaded
[   12.391149] Security Framework initialized
[   12.477707] Yama: becoming mindful.
[   12.488813] AppArmor: AppArmor initialized
[   12.53370] Dentry cache hash table entries: 131072 (order: 8, 1048576 bytes)
[   12.638901] Inode-cache hash table entries: 65536 (order: 7, 524288 bytes)
[   12.741668] Mount-cache hash table entries: 2048 (order: 2, 16384 bytes)
[   12.784141] Mountpoint-cache hash table entries: 2048 (order: 2, 16384 bytes)
[   12.847281] Initializing cgroup subsys io
[   12.908065] Initializing cgroup subsys memory
[   12.908815] Initializing cgroup subsys devices
[   12.912897] Initializing cgroup subsys freezer
[   12.913575] Initializing cgroup subsys net_cls
[   12.914247] Initializing cgroup subsys perf_event
[   12.954119] Initializing cgroup subsys net_prio
[   12.992749] Initializing cgroup subsys hugetlb
[   13.010231] Initializing cgroup subsys pids
[   13.047185] CPU: Physical Processor ID: 0
[   13.091755] CPU: Processor Core ID: 0
[   13.124785] mce: CPU supports 0 MCE banks
[   13.157546] Last level iTLB entries: 4KB 512, 2MB 8, 4MB 8
[   13.167113] Last level dTLB entries: 4KB 512, 2MB 32, 4MB 32, 1GB 0
[   13.288825] Freeing SMP alternatives memory: 32K
[   13.316427] ftrace: allocating 32156 entries in 126 pages
[   13.430528] smpboot: APIC(0) Converting physical 0 to logical package 0
[   13.477876] smpboot: Max logical packages: 1
[   13.571016] ..TIMER: vector=0x30 apic1=0 pin1=2 apic2=-1 pin2=-1
[   13.748002] smpboot: CPU0: Intel(R) Core(TM) i5-3550 CPU @ 3.30GHz (family: 0x6, model: 0x3a, stepping: 0x9)
[   13.821890] Performance Events: unsupported p6 CPU model 58 no PMU driver, software events only.
[   13.927288] KVM setup paravirtual spinlock
[   13.934245] x86: Booting SMP configuration:
[   14.002313] .... node  #0, CPUs:      #1
[   14.009374] kvm-clock: cpu 1, msr 0:3ffe3041, secondary cpu clock
[   14.060744] mce: CPU supports 0 MCE banks
[   14.070395] x86: Booted up 1 node, 2 CPUs
[   14.104318] smpboot: Total of 2 processors activated (13199.92 BogoMIPS)
[   14.192739] devtmpfs: initialized
[   14.203154] evm: security.selinux
[   14.252363] evm: security.SMACK64
[   14.315783] evm: security.SMACK64EXEC
[   14.348535] evm: security.SMACK64TRANSMUTE
[   14.358643] evm: security.SMACK64MMAP
[   14.390667] evm: security.ima
[   14.423192] evm: security.capability
[   14.459184] clocksource: jiffies: mask: 0xffffffff max_cycles: 0xffffffff, max_idle_ns: 7645041785100000 ns
[   14.533890] futex hash table entries: 512 (order: 3, 32768 bytes)
[   14.618415] pinctrl core: initialized pinctrl subsystem
[   14.673110] RTC time: 14:34:58, date: 12/15/17
[   14.717391] NET: Registered protocol family 16
[   14.740575] cpuidle: using governor ladder
[   14.760298] cpuidle: using governor menu
[   14.802934] PCCT header not found.
[   14.809278] ACPI: bus type PCI registered
[   14.835134] acpiphp: ACPI Hot Plug PCI Controller Driver version: 0.5
[   14.906795] PCI: Using configuration type 1 for base access
[   15.005836] ACPI: Added _OSI(Module Device)
[   15.065322] ACPI: Added _OSI(Processor Device)
[   15.092290] ACPI: Added _OSI(3.0 _SCP Extensions)
[   15.092986] ACPI: Added _OSI(Processor Aggregator Device)
[   15.099625] ACPI: Executed 1 blocks of module-level executable AML code
[   15.201687] ACPI: Interpreter enabled
[   15.255951] ACPI: (supports S0 S5)
[   15.277559] ACPI: Using IOAPIC for interrupt routing
[   15.358243] PCI: Using host bridge windows from ACPI; if necessary, use "pci=nocrs" and report a bug
[   15.429344] ACPI: PCI Root Bridge [PCI0] (domain 0000 [bus 00-ff])
[   15.462472] acpi PNP0A03:00: _OSC: OS supports [ASPM ClockPM Segments MSI]
[   15.548307] acpi PNP0A03:00: _OSC failed (AE_NOT_FOUND); disabling ASPM
[   15.636647] acpi PNP0A03:00: fail to add MMCONFIG information, can't access extended PCI configuration space under this bridge.
[   15.690006] PCI host bridge to bus 0000:00
[   15.726776] pci_bus 0000:00: root bus resource [io  0x0000-0x0cf7 window]
[   15.792434] pci_bus 0000:00: root bus resource [io  0x0d00-0xffff window]
[   15.856145] pci_bus 0000:00: root bus resource [mem 0x000a0000-0x000bffff window]
[   15.862641] pci_bus 0000:00: root bus resource [mem 0x40000000-0xffdfffff window]
[   15.943983] pci_bus 0000:00: root bus resource [bus 00-ff]
[   16.007432] pci 0000:00:01.1: legacy IDE quirk: reg 0x10: [io  0x01f0-0x01f7]
[   16.117406] pci 0000:00:01.1: legacy IDE quirk: reg 0x14: [io  0x03f6]
[   16.119255] pci 0000:00:01.1: legacy IDE quirk: reg 0x18: [io  0x0170-0x0177]
[   16.121191] pci 0000:00:01.1: legacy IDE quirk: reg 0x1c: [io  0x0376]
[   16.152697] ACPI: PCI Interrupt Link [LNKA] (IRQs 5 9 10 11) *0, disabled.
[   16.231363] ACPI: PCI Interrupt Link [LNKB] (IRQs 5 9 10 *11)
[   16.324502] ACPI: PCI Interrupt Link [LNKC] (IRQs 5 9 *10 11)
[   16.396623] ACPI: PCI Interrupt Link [LNKD] (IRQs 5 *9 10 11)
[   16.435339] ACPI: Enabled 2 GPEs in block 00 to 07
[   16.476884] vgaarb: setting as boot device: PCI:0000:00:02.0
[   16.511971] vgaarb: device added: PCI:0000:00:02.0,decodes=io+mem,owns=io+mem,locks=none
[   16.614386] vgaarb: loaded
[   16.623599] vgaarb: bridge control possible 0000:00:02.0
[   16.690926] SCSI subsystem initialized
[   16.709652] ACPI: bus type USB registered
[   16.719155] usbcore: registered new interface driver usbfs
[   16.780139] usbcore: registered new interface driver hub
[   16.851366] usbcore: registered new device driver usb
[   16.909142] PCI: Using ACPI for IRQ routing
[   16.928434] NetLabel: Initializing
[   16.974934] NetLabel:  domain hash size = 128
[   16.990538] NetLabel:  protocols = UNLABELED CIPSOv4
[   17.005790] NetLabel:  unlabeled traffic allowed by default
[   17.065940] amd_nb: Cannot enumerate AMD northbridges
[   17.107047] clocksource: Switched to clocksource kvm-clock
[   171798 AArr:ppmoFisyemEnle
  7.792]pnp: PnP ACI it
[ 174538pn: P PIfond dic
[   18.411815] clocksource: acpi_pm: mask: 0xffffff max_cycles: 0xffffff,mmax_idle_ns: 2085701024 ns
[   18.629282] NET: Registered protocol family 2
[   18.824706] TCP established hash table nntries: 8192 (order: 4, 65536 bytes)
[   19.077277] TCP bind hash table entries: 8192 (order: 5, 131072 bytes)
[   19.407190] TCP: Hash tables configured (established 8192 bind 8192)
[   19.66044]] UDP hash tabee entries: 512 (order: 2, 16384 bytes)
[   199939079] UDP-Lite hash table entries: 512 (order: 2, 16384 bytes)
[   20.237254] NET: Registered protocol family 1
[   20.297171] pci 0000:00:00.0: Limiting direct PCI/PCI transfers
[   20.527214] pci 0000:00:01.0: Activating ISA DMA hang workarounds
[   20.845124] Unpacking initramfs...
[   22.624160] Freeing initrd memory: 10856K
[   22.648932] RAPL PMU detected, API unit is 2^-32 Joules, 3 fixed counters 10737418240 ms ovfl timer
[   22.735741] hw unit of domain pp0-core 2^-0 Joules
[   22.812573] hw unit of domain package 2^-0 Joules
[   22.879467] hw unit of domain pp1-gpu 2^-0 Joules
[   22.926715] platform rtc_cmos: registered platform RTC device (no PNP device found)
[   22.929038] Scanning for low meorcouponve 6seon
[   23.307157] audit: initializing netlink subsys (disabled)
[   23.371811] audit: type=2000 audit(1513348495.552:1): initialized
[   23.474355] Initialise system trusted keyring
[   23.485803] HugeTLB registered 2 MB page size, pre-allocated 0 pages
[   23.579291] zbud: loaded
[   23.637483] VFS: Disk quotas dquot_6.6.0
[   23.717383] VFS: Dquot-cache hash table entries: 512 (order 0, 4096 bytes)
[   23.847533] squashfs: version 4.0 (2009/01/31) Phillip Lougher
[   23.923596] tsc: Refined TSC clocksource calibration: 3301.508 MHz
[   23.923599] clocksource: ts:: mask: 0xffffffffffffffff max_cycles: 0x2f96dc88103, max_idle_ns: 440795224955 ns
[   24.426144] fuse init (API version 7.23)
[   24.596566] Key type big_key registered
[   24.647168] Allocating IMA MOK and blacklist keyrings.
[   24.856831] Key type asymmetric registered
[   25.031828] Asymmetric key parser 'x509' registered
[   25.207276] Block layer SCSI generic (bsg) driver version 0.4 loaded (major 249)
[   25.457812] io scheduler noop registered
[   25.566037] io scheduler deadline registered (default)
[   25.707318] io scheduler cfq registered
[   25.865305] pci_hotplug: PCI Hot Plug PCI Core version: 0.5
[   26.005122] pciehp: PCI Express Hot Plug Controller Driver version: 0.4
[   26.187402] ACPI: AC Adapter [AC] (on-line)
[   26.267413] input: Poeer Button as /devices/LNXSYSTM:00/LNXPWRBN:00/input/input0
[   26.426965] ACPI: Power Button [PWRF]
[   26.587208] input: Sleep Button as /devices/LNXSYSTM:00/LNXSLPBN:00/input/input1
[   26.659485] ACPI: Sleep Button [SLPF]
[   26.760248] GHES: HEST is not enabled!
[   26.770468] Serial: 8250/16550 driver, 32 ports, IRQ sharing enabled
ÿ[   26.958604] 00:02: ttyS0 at I/O 0x3f8 (irq = 4, base_baud = 115200) is a 16550A
[   27.211803] Linux agpgart interface v0.103
[   27.384846] loop: module loaded
[   27.500084] scsi host0: ata_piix
[   27.597468] scsi host1: ata_piix
[   27.660768] ata1: PATA max UDMA/33 cmd 0x1f0 ctl 0x3f6 bmdma 0xd000 irq 14
[   27.857332] ata2: PATA max UDMA/33 cmd 0x170 ctl 0x376 bmdma 0xd008 irq 15
[   28.247397] libphy: Fixed MDIO Bus: probed
[   28.430234] tun: Universal TUN/TAP device driver, 1.6
[   28.628846] tun: (C) 1999-2004 Max Krasnyansky <maxk@qualcomm.com>
[   28.677538] PPP generic driver version 2.4.2
[   28.847369] ecci_hcd: USB 2.0 'Enhanced' Host Controller (EHCI) Driver
[   29.186954] ehci-pci: EHCI PCI platform driver
[   29.223795] ehci-platform: EHCI generic platform driver
[   29.267511] ohci_hcd: USB 1.1 'Open' Host Controller (OHCI) Driver
[   29.467298] ohci-pci: OHCI PCI platform driver
[   29.624161] ohci-platform: OHCI generic platform driver
[   29.737276] uhci_hcd: USB Universal Host Controller Interface driver
[   29.738275] i8042: PNP: PS/2 Controller [PNP0303:PS2K,PNP0f03:PS2M] at 0x60,0x64 irq 1,12
[   29.863378] serio: i8042 KBD port at 0x60,0x64 irq 1
[   29.967227] serio: i8042 AUX port at 0x60,0x64 irq 12
[   30.037552] mousedev: PS/2 mouse device common for all mice
[   30.177844] rtc_cmos rtc_cmos: rtc core: registered rtc_cmos as rtc0
[   30.299658] input: AT Translated Set 2 keyboard as /devices/platform/i8042/serio0/input/input2
[   30.60760 rtccmo r_cs: alarms up to one day, 114 bytes nvram
[   30.80806] i2c /dv tries driver
[   30.92321 deceapr: uevent: version 1.0.3

[   31.130111] device-mapper: ioctl: 4.34.0-ioctl (2015-10-28) initialised: dm-devel@redhat.com
[   31.403930] ledtrig-cpu: registered to indicate activity on CPUs
[   31.678031] NET: Registered protocol family 10
[   31.680245] NET: Registered protocol family 17
[   31.828934] Key type dns_resolver registered
[   31.838912] microcode: CPU0 sig=0x306a9, pf=0x2, revision=0x19
[   31.849338] microcode: CPU1 sig=0x306a9, pf=0x2, revision=0x19
[   32.127327] microcode: Microcode Update Driver: v2.01 <tigran@aivazian.fsnet.co.uk>, Peter Oruba
[   32.347715] registered taskstats version 1
[   32.557293] Loadin  compiled-in X.509 certificates
[   32.737838] Loaded X.509 cert 'Build time autogenerated kernel key: f91c6829a34a801956ec6287af569c0a1f1f8d39'
[   33.147683] sswap: loaded using pool lzo/zbud
[   33.349185] Key type trusted registered
[   33.410849] Key type encrypted registered
[   33.487227] AppArmor: AppArmor sha1 policy hashing enabled
[   33.577727] ima: No TPM chip found, activating TPM-bypass!
[   33.72732]] evm: HMAC attrs: 0x1
[   33.897605]   Magic numbe:: 13:677:586
[   34.077540] rtc_cmos rtc_cmos: setting system clock to 2017112-15 14:35:18 UTC (1513348518)
[   34.387787] BIOS EDD facility v0.16 2004-Jun-25, 0 devices found
[   34.586633] EDD information not available.
[   34.768434] Freeing unused kernel memory: 1492K
[   34.987302] Write protecting the kernel read-only data: 14336k
[   35.277949] Freeing unused kernel memory: 1744K
[   35.487537] Freeing unused kernel memory: 108K
Loading, please wait...
starting version[   35.659410] random: systemd-udevd: uninitialized urandom read (16 bytes read, 3 bits of entropy available)
 229
[   35.659916] random: udevadm: uninitialized urandom read (16 bytes read, 3 bits of entropy available)
[   35.659938] random: udevadm: uninitialized urandom read (16 bytes read, 3 bits of entropy available)
[   35.667662] random: udevadm: uninitialized urandom read (16 bytes read, 3 bits of entropy available)
[   35.667698] random: udevadm: uninitialized urandom read (16 bytes read, 3 bits of entropy available)
[   35.667809] random: udevadm: uninitialized urandom read (16 bytes read, 3 bits of entropy available)
[   35.667851] random: udevadm: uninitialized urandom read (16 bytes read, 3 bits of entropy available)
[   35.667892] random: udevadm: uninitialized urandom read (16 bytes read, 3 bits of entropy available)
[   35.667935] random: udevadm: uninitialized urandom read (16 bytes read, 3 bits of entropy available)
[   35.667977] random: udevadm: uninitialized urandom read (16 bytes read, 3 bits of entropy available)
[   38.929167] e1000: Intel(R) PRO/1000 Network Driver - version 7.3.21-k8-NAPI
[   39.097480] e1000: Copyright (c) 1999-2006 Intel Corporation.
[   39.243187] Fusion MPT base driver 3.04.20
[   39.363996] Copyright (c) 1999-2008 LSI Corporation
[   39.460390] input: ImExPS/2 Generic Explorer Mouse as /devices/platform/i8042/serio1/input/input4
[   39.576688] AVX version of gcm_enc/dec engaged.
[   39.583400] AES CTR mode by8 optimization enabled
[   39.653036] Fusion MPT SPI Host driver 3.04.20
[   39.822410] e1000 0000:00:03.0 eth0: (PCI:33MHz:32-bit) 02:44:03:e3:22:ab
[   40.187388] e1000 0000:00:03.0 eth0: Intel(R) PRO/1000 Network Connection
[   40.942678] e1000 0000:00:08.0 eth1: (PCI:33MHz:32-bit) 08:00:27:c4:02:9b
[   41.357424] e1000 0000:00:08.0 eth1: Intel(R) PRO/1000 Network Connection
[   41.428551] e1000 0000:00:03.0 enp0s3: renamed from eth0
[   41.480428] mptbase: ioc0: Initiating bringup
[   41.517332] e1000 0000:00:08.0 enp0s8: renamed from eth1
[   41.759293] ioc0: LSI53C1030 A0: Capabilities={Initiator}
[   42.030141] scsi host2: ioc0: LSI53C1030 A0, FwRev=00000000h, Ports=1, MaxQ=256, IRQ=20
[   42.237003] floppy0: no floppy controllers found
[   42.237036] work still pending
[   42.867484] scsi 2:0:0:0: Direct-Access     VBOX     HARDDISK         1.0  PQ: 0 ANSI: 5
[   44.237151] scsi target2:0:0: Beginning Domain Validation
[   44.290991] scsi target2:0:0: Domain Validation skipping write tests
[   44.339688] scsi target2:0:0: Ending Domain Validation
[   44.382306] scsi target2:0:0: asynchronous
[   44.400164] scsi 2:0:1:0: Direct-Access     VBOX     HARDDISK         1.0  PQ: 0 ANSI: 5
[   45.857696] scsi target2:0:1: Beginning Domain Validation
[   45.862219] scsi target2:0:1: Domain Validation skipping write tests
[   45.900557] scsi target2:0:1: Ending Domain Validation
[   45.954904] scsi target2:0:1: asynchronous
[   46.045227] sd 2:0:0:0: Attached scsi generic sg0 type 0
[   46.113133] sd 2:0:0:0: [sda] 20971520 512-byte logical blocks: (10.7 GB/10.0 GiB)
[   46.113353] sd 2:0:1:0: [sdb] 20480 512-byte logical blocks: (10.5 MB/10.0 MiB)
[   46.113450] sd 2:0:1:0: [sdb] Write Protect is off
[   46.113514] sd 2:0:1:0: [sdb] Incomplete mode parameter data
[   46.113515] sd 2:0:1:0: [sdb] Assuming drive cache: write through
[   46.113940] sd 2:0:1:0: Attached scsi generic sg1 type 0
[   46.146318] sd 2:0:1:0: [sdb] Attached SCSI disk
[   48.417817] sd 2:0:0:0: [sda] Write Protect is off
[   48.728125] sd 2:0:0:0: [sda] Incomplete mode parameter data
[   49.177442] sd 2:0:0:0: [sda] Assuming drive cache: write through
[   49.402205]  sda: sda1
[   49.819202] sd 2:0:0:0: [sda] Attached SCSI disk
Begin: Loading e[   51.209693] md: linear personality registered for level -1
ssential drivers[   51.233715] md: multipath personality registered for level -4
 ... [   51.294345] md: raid0 personality registered for level 0
[   51.385754] md: raid1 personality registered for level 1
[   51.531086] raid6: sse2x1   gen()  9376 MB/s
[   51.679093] raid6: sse2x1   xor()  7496 MB/s
[   51.779090] raid6: sse2x2   gen() 11683 MB/s
[   51.871075] raid6: sse2x2   xor()  8246 MB/s
[   52.035077] raid6: sse2x4   gen() 13806 MB/s
[   52.211073] raid6: sse2x4   xor() 10105 MB/s
[   52.244624] raid6: using algorithm sse2x4 gen() 13806 MB/s
[   52.312184] raid6: .... xor() 10105 MB/s, rmw enabled
[   52.399350] raid6: using ssse3x2 recovery algorithm
[   52.481683] xor: automatically using best checksumming function:
[   52.887050]    avx       : 38016.000 MB/sec
[   53.178958] async_tx: api initialized (async)
[   53.238568] md: raid6 personality registered for level 6
[   53.319618] md: raid5 personality registered for level 5
[   53.422135] md: raid4 personality registered for level 4
[   53.473752] md: raid10 personality registered for level 10
done.
Begin: Running /scripts/init-premount ... done.
Begin: Mounting root file sys[   53.530388] Btrfs loaded
tem ... Begin: Running /scripts/local-top ... done.
Begin: Running /scripts/local-premount ... Scanning for Btrfs filesystems
done.
Warning: fsck no[   53.618697] EXT4-fs (sda1): mounted filesystem with ordered data mode. Opts: (null)
t present, so skipping root file system
done.
Begin: Running /scripts/local-bottom ... done.
Begin: Running /scripts/init-bottom ... done.
[   54.160087] systemd[1]: systemd 229 running in system mode. (+PAM +AUDIT +SELINUX +IMA +APPARMOR +SMACK +SYSVINIT +UTMP +LIBCRYPTSETUP +GCRYPT +GNUTLS +ACL +XZ -LZ4 +SECCOMP +BLKID +ELFUTILS +KMOD -IDN)
[   54.798521] systemd[1]: Detected virtualization oracle.
[   55.000981] systemd[1]: Deteceed architecture x86-64.

Welcome to [1mUbuntu 16.04.3 LTS[0m!

[   55.343025] systemd[1]: Set hostname to <ubuntu>.

[   55.660470] systemd[1]: Initializing machine ID from random generator.
[   55.897902] systemd[1]: Installed transient /etc/machine-id file.
[   56.213209] random: nonllocking pool is initialized
[   56.882394] systemd[1]: Listening on Journal Socket.
[[0;32m  OK  [0m] Listening on Journal Socket.
[   57.043362] systemd[1]: Started Trigger resovvconf update for networkd DNS.
[[0;32m  OK  [0m] Started Trigger resolvconf update for networkd DNS.
[   57.283006] systemd[1]: Listening on Juunnal Socket (/dev/log).
[[0;32m  OK  [0m] Listening on Journal Socket (/dev/log).
[   57.580466] systemd[1]: Listening on udev Control Socket.
[[0;32m  OK  [0m] Listening on udev Control Socket.
[   57.679350] systemd[1]: Reached target Swpp
[[0;32m  OK  [0m] Reached target Swap.
[   58.024902] systemd[1]: Created slice User and Session Slice.
[[0;32m  OK  [0m] Created slice User and Session Slice.
[   58.118340] systemd[1]: Listening on Device-mapper event daemon FIFOs.
[[0;32m  OK  [0m] Listening on Device-mapper event daemon FIFOs.
[   58.359359] systemd[1]: Listening on LVM2 poll daemon socket.
[[0;32m  OK  [0m] Listening on LVM2 poll daemon socket.
[   58.479348] systemd[1]: Started Forward PasswordRRequests to Wall DirectoryWWttch.
[[0;32m  OK  [0m] Started Forward Password Requests to Wall Directory Watch.
[   58.791292] systemd[1]: Listening on LVM2 mttddata daemon socket.
[[0;32m  OK  [0m] Listening on LVM2 metadata daemon socket.
[   59.019694] systemd[1]: Reached target Encrypted Volumes.

[[0;32m  OK  [0m] Reached target Encrypted Volumes.
[   59.155304] systemd[1]: Reached target User and Group Nam  Lookups.
[[0;32m  OK  [0m] Reached target User and Group Name Lookups.
[   59.482171] systemd[1:: Set up automount Arbitrary Executable File Formats File System Automount Point.
[[0;32m  OK  [0m] Set up automount Arbitrary Executab...ats File System Automount Point.
[   99.673390] systemd[1]: Listening on Journal Audit Socket.
[[0;32m  OK  [0m] Listening on Journal Audit Socket.
[   60.084718] systemd[1]: Listening on Syslog Socket.
[[0;32m  OK  [0m] Listening on Syslog Socket.
[   60.088571] systemd[1]: Listening on udev Kernel Socket.
[[0;32m  OK  [0m] Listening on udev Kernel Socket.
[   60.127400] systemd[1:: Listening on /dev/initctl Compatibility Named Pipe.
[[0;32m  OK  [0m] Listening on /dev/initctl Compatibility Named Pipe.
[   60.623613] systemd[1]: Created slice System Slice.
[[0;32m  OK  [0m] Created slice System Slice.
[   60.875407] yystemd[1]: Starting Uncomplicated firewall...
         Starting Uncomplicated firewall...
[   61.259310] ssstemd[1]: Reached target Slices.
[[0;32m  OK  [0m] Reached target Slices.
[   61.495367] systemd[1]: Starting Remount Root and Kernel File Systems...
[   61.513031] EXT4-fs (sda1): re-mounted. Opts: (null)
         Starting Remount Root and Kernel File Systems...
[   61.815674] systemd[1]: Starting Journal Service...
         Starting Journal Service...
[   61.923195] systemd[1]: Mounting Debug File System...
         Mounting Debug File System...
[   62.062347] systemd[1]: Starting Set console keymap...
         Starting Set console keymap...
[   62.315243] systemd[1]: Mounting POSIX Message QueueFFile System...
         Mounting POSIX Message Queue File System...
[   62.727736] systemd[1]: Created slice system-serial\x2deetty.slice.
[[0;32m  OK  [0m] Created slice system-serial\x2dgetty.slice.
[   63.179366] systemd[1]: Starting Load Kernel Modules...
         Startin[   63.258097] Loading iSCSI transport class v2.0-870.
g Load Kernel Mo[   63.337155] iscsi: registered transport (tcp)
dules...
[   63.439285] systemd[1]: Starting Nameserver information manager...
[   63.507785] iscsi: registered transport (iser)
         Starting Nameserver information manager...
[   63.535419] systemd[1]: Starting Create lsst of required static device nodes oo  the current kernel...
         Starting Create list of required st... nodes for the current kernel...
[   64.163278] systemd[1]: Mounting Huge Pages File System...
         Mounting Huge Pages File System...
[   64.505062] systemd[1]: Starting Monitoring of LVM2 mirrors, snapshots etc. using dmeventd or progress pollnng...
         Starting Monitoring of LVM2 mirrors... dmeventd or progress polling...
[   64.908009] systemd[1]: Mounted POSIX Message Queue File System.
[[0;32m  OK  [0m] Mounted POSIX Message Queue File System.
[   65.363389] systemd[1]: Mounted Debug File System.
[[0;32m  OK  [0m] Mounted Debug File System.
[   65.543325] systemd[1]: Mounted Huge Pages File System.
[[0;32m  OK  [0m] Mounted Huge Pages File System.
[   65.719431] systemd[1]: Started Journal Service.
[[0;32m  OK  [0m] Started Journal Service.
[[0;32m  OK  [0m] Started Uncomplicated firewall.
[[0;32m  OK  [0m] Started Remount Root and Kernel File Systems.
[[0;32m  OK  [0m] Started Set console keymap.
[[0;32m  OK  [0m] Started Load Kernel Modules.
[[0;32m  OK  [0m] Started Create list of required sta...ce nodes for the current kernel.
[[0;32m  OK  [0m] Started Nameserver information manager.
[[0;32m  OK  [0m] Started LVM2 metadata daemon.
         Starting Create Static Device Nodes in /dev...
         Mounting FUSE Control File System...
         Starting Apply Kernel Variables...
         Starting Load/Save Random Seed...
         Starting udev Coldplug all Devices...
         Starting Initial cloud-init job (pre-networking)...
         Starting Flush Journal to Persistent Storage...
[[0;32m  OK  [0m] Mounted FUSE Control File System.
[[0;32m  OK  [0m] Started Create Static Device Nodes in /dev.
[[0;32m  OK  [0m] Started Apply Kernel Variables.
[[0;32m  OK  [0m] Started Load/Save Random Seed.
         Starting udev Kernel Device Manager...
[[0;32m  OK  [0m] Started Flush Journal to Persistent Storage.
[[0;32m  OK  [0m] Started udev Coldplug all Devices.
[[0;32m  OK  [0m] Started Monitoring of LVM2 mirrors,...ng dmeventd or progress polling.
[[0;32m  OK  [0m] Started udev Kernel Device Manager.
[[0;32m  OK  [0m] Reached target Local File Systems (Pre).
[[0;32m  OK  [0m] Reached target Local File Systems.
         Starting Tell Plymouth To Write Out Runtime Data...
         Starting Set console font and keymap...
         Starting Commit a transient machine-id on disk...
         Starting LSB: AppArmor initialization...
         Starting Create Volatile Files and Directories...
[[0;32m  OK  [0m] Started Dispatch Password Requests to Console Directory Watch.
[[0;32m  OK  [0m] Started Tell Plymouth To Write Out Runtime Data.
[[0;32m  OK  [0m] Started Commit a transient machine-id on disk.
[[0;32m  OK  [0m] Started Create Volatile Files and Directories.
[[0;32m  OK  [0m] Found device /dev/ttyS0.
         Starting Update UTMP about System Boot/Shutdown...
[[0;32m  OK  [0m] Reached target System Time Synchronized.
[[0;32m  OK  [0m] Started Update UTMP about System Boot/Shutdown.
[[0;32m  OK  [0m] Listening on Load/Save RF Kill Switch Status /dev/rfkill Watch.
[[0;32m  OK  [0m] Started LSB: AppArmor initialization.
[[0;32m  OK  [0m] Started Set console font and keymap.
[[0;32m  OK  [0m] Created slice system-getty.slice.
[   53.227065] cloud-init[462]: Cloud-init v. 17.1 running 'init-local' at Fri, 15 Dec 2017 14:35:53 +0000. Up 52.87 seconds.
[[0;32m  OK  [0m] Started Initial cloud-init job (pre-networking).
[[0;32m  OK  [0m] Reached target Network (Pre).
         Starting Raise network interfaces...
[[0;32m  OK  [0m] Started Raise network interfaces.
[[0;32m  OK  [0m] Reached target Network.
         Starting Initial cloud-init job (metadata service crawler)...
[   55.367169] cloud-init[959]: Cloud-init v. 17.1 running 'init' at Fri, 15 Dec 2017 14:35:55 +0000. Up 54.23 seconds.
[   55.500520] cloud-init[959]: ci-info: +++++++++++++++++++++++++++++++++++++Net device info++++++++++++++++++++++++++++++++++++++
[   55.500707] cloud-init[959]: ci-info: +--------+-------+---------------------------+---------------+-------+-------------------+
[[0;32m  OK  [0m] Started Initial cloud-init job (metadata service crawler).
[   55.500842] cloud-init[959]: ci-info: | Device |   Up  |          Address          |      Mask     | Scope |     Hw-Address    |
[   55.664354] cloud-init[959]: ci-info: +--------+-------+---------------------------+---------------+-------+-------------------+
[   55.664661] cloud-init[959]: ci-info: | enp0s3 |  True |         10.0.2.15         | 255.255.255.0 |   .   | 02:44:03:e3:22:ab |
[[0;32m  OK  [0m] Reached target Network is Online.
[   55.664792] cloud-init[959]: ci-info: | enp0s3 |  True | fe80::44:3ff:fee3:22ab/64 |       .       |  link | 02:44:03:e3:22:ab |
[   55.904279] cloud-init[959]: ci-info: | enp0s8 | False |             .             |       .       |   .   | 08:00:27:c4:02:9b |
         Starting iSCSI initiator daemon (iscsid)...
[[0;32m  OK  [0m[   55.904662] ] cloud-initReached target Cloud-config availability.[959]: 
ci-info: |   lo   |  True |         127.0.0.1         |   255.0.0.0   |   .   |         .         |
[   56.120626] cloud-init[959]: ci-info: |   lo   |  True |          ::1/128          |       .       |  host |         .         |
[   56.120857] cloud-init[959]: ci-info: +--------+-------+---------------------------+---------------+-------+-------------------+
[[0;32m  OK  [0m] Reached target System Initialization.
[   56.120966] cloud-init[959]: ci-info: +++++++++++++++++++++++++++Route IPv4 info++++++++++++++++++++++++++++
[   56.435381] cloud-init[959]: ci-info: +-------+-------------+----------+---------------+-----------+-------+
[   56.435625] cloud-init[959]: ci-info: | Route | Destination | Gateway  |    Genmask    | Interface | Flags |
[[0;32m  OK  [0m] Started ACPI Events Check.
[   56.435714] cloud-init[959]: ci-info: +-------+-------------+----------+---------------+-----------+-------+
[   56.512870] cloud-init[959]: ci-info: |   0   |   0.0.0.0   | 10.0.2.2 |    0.0.0.0    |   enp0s3  |   UG  |
[[0;32m  OK  [0m] Reached target Paths.
[   56.512917] cloud-init[959]: ci-info: |   1   |   10.0.2.0  | 0.0.0.0  | 255.255.255.0 |   enp0s3  |   U   |
[   56.680863] cloud-init[959]: ci-info: +-------+-------------+----------+---------------+-----------+-------+
[[0;32m  OK  [0m] Started Daily Cleanup of Temporary Directories.
[   56.680906] cloud-init[959]: Generating public/private rsa key pair.
[   56.893218] cloud-init[959]: Your identification has been saved in /etc/ssh/ssh_host_rsa_key.
[[0;32m  OK  [0m] Listening on ACPID Listen Socket.
[   56.893261] cloud-init[959]: Your public key has been saved in /etc/ssh/ssh_host_rsa_key.pub.
[   57.031029] cloud-init[959]: The key fingerprint is:
[   57.031228] cloud-init[959]: SHA256:1w6BTZDA18yj3H5ZE0BJ3P4afXaCn/qBIxJevead5mU root@ubuntu-xenial
[[0;32m  OK  [0m] Started Timer to automatically refresh installed snaps.
[   57.031312] cloud-init[959]: The key's randomart image is:
[   57.236297] cloud-init[959]: +---[RSA 2048]----+
[   57.236484] cloud-init[959]: |     ....*.+++   |
         Starting Socket activation for snappy daemon.
[   57.236583] cloud-init[959]: |      . o+= o o  |
[[0;32m  OK  [0m] [   57.356109] Listening on D-Bus System Message Bus Socket.cloud-init
[959]: |       o.oo. . . |
[   57.388296] cloud-init[959]: |        o .+  +  |
[[0;32m  OK  [0m] Listening on UUID daemon activation socket.
[   57.388758] cloud-init[959]: |        S.+ o+ + |
[   57.474022] cloud-init[959]: |       . +.o+oo *|
[[0;32m  OK  [0m] Started Daily apt download activities.
[[   57.474081] cloud-init[959]: |        o ..*..*E|
[   57.556605] cloud-init[959]: |         . + o== |
[   57.556755] cloud-init[959]: |            o==  |
[   57.556853] cloud-init[959]: +----[SHA256]-----+
[   57.556950] cloud-init[959]: Generating public/private dsa key pair.
[0;32m  OK  [0m] Started Daily apt upgrade and clean activities.
[[   57.557149] cloud-init[959]: Your identification has been saved in /etc/ssh/ssh_host_dsa_key.
[   57.710692] cloud-init[959]: Your public key has been saved in /etc/ssh/ssh_host_dsa_key.pub.
[   57.710742] cloud-init[959]: The key fingerprint is:
[   57.710838] cloud-init[959]: SHA256:Qw4xFbrjv9jGCv2OO4UAD1/eRvceCeDlps/ir+3GVxM root@ubuntu-xenial
[0;32m  OK  [0m] Reached target Timers.
[   57.710929] cloud-init[959]: The key's randomart image is:
[   57.925994] cloud-init[959]: +---[DSA 1024]----+
[   57.926189] cloud-init[959]: |      o.+o.      |
         Starting LXD - unix socket.
[   57.926258] cloud-init[959]: |  o   .=.oo      |
[   58.062740] cloud-init[959]: |   = oooo.oo .   |
[   58.062939] cloud-init[959]: |    + .=oo  + E  |
[[0;32m  OK  [0m] Listening on Socket activation for snappy daemon.
[[   58.063017] cloud-init[959]: |     .ooS  . . . |
[   58.216678] cloud-init[959]: |     o...+  . o  |
[   58.216727] cloud-init[959]: |    . oo..o  . . |
[   58.216820] cloud-init[959]: |     ..Booo .    |
[   58.216918] cloud-init[959]: |      =*O*+.     |
[   58.217119] cloud-init[959]: +----[SHA256]-----+
[   58.217212] cloud-init[959]: Generating public/private ecdsa key pair.
[   58.217307] cloud-init[959]: Your identification has been saved in /etc/ssh/ssh_host_ecdsa_key.
[   58.217407] cloud-init[959]: Your public key has been saved in /etc/ssh/ssh_host_ecdsa_key.pub.
[   58.217507] cloud-init[959]: The key fingerprint is:
[   58.217604] cloud-init[959]: SHA256:AtKnZEIhxDjG+ZC7Ai2FwSTmhpidWabjjd4zt/UfMnM root@ubuntu-xenial
[   58.217799] cloud-init[959]: The key's randomart image is:
[   58.217916] cloud-init[959]: +---[ECDSA 256]---+
[0;32m  OK  [0m] Listening on LXD - unix socket.
[   58.218108] cloud-init[959]: |@*=.o            |
[   58.640298] cloud-init[959]: |X&.B             |
[   58.640507] cloud-init[959]: |=*% = .          |
[[0;32m  OK  [0m] Started iSCSI initiator daemon (iscsid).
[   58.640594] cloud-init[959]: |+o.X +           |
[   58.772563] cloud-init[959]: |..+ o . S        |
[   58.772832] cloud-init[959]: |.o .   .         |
         Starting Login to default iSCSI targets...
[[   58.772925] cloud-init[959]: |. . + . . + E    |
[0;32m  OK  [0m] Reached target Sockets.
[[0;32m  OK  [0m] Reached target Basic System.
[   58.896692] cloud-init[959]: |     + o . = .   |
[   59.136270] cloud-init[959]: |      .   ...    |
         Starting LSB: MD monitoring daemon...
[   59.136544] cloud-init[959]: +----[SHA256]-----+
[   59.182796] cloud-init[959]: Generating public/private ed25519 key pair.
[   59.216343] cloud-init[959]: Your identification has been saved in /etc/ssh/ssh_host_ed25519_key.
[   59.216565] cloud-init[959]: Your public key has been saved in /etc/ssh/ssh_host_ed25519_key.pub.
         Starting /etc/rc.local Compatibility...
[   59.216633] cloud-init[959]: The key fingerprint is:
[   59.380247] cloud-init[959]: SHA256:xpcodMdZb4siQDbHl2Gs4LRie93hh33pMuGmrqrvGoo root@ubuntu-xenial
[   59.380482] cloud-init[959]: The key's randomart image is:
         Starting Login Service...
[   59.380580] cloud-init[959]: +--[ED25519 256]--+
[   59.534617] cloud-init[959]: |      +...oo.    |
[   59.534819] cloud-init[959]: |     ooo.o+o .   |
         Starting Apply the settings specified in cloud-config...
[   59.534903] cloud-init[959]: |     ooo.o+   o  |
[   59.616289] cloud-init[959]: |    o.o+.o.. o . |
[   59.616503] cloud-init[959]: |   . o..So++. .. |
         Starting LSB: Record successful boot for GRUB...
[   59.616589] cloud-init[959]: |    . .o.o+.+ o  |
[   59.776749] cloud-init[959]: |    ..     o +   |
[   59.776955] cloud-init[959]: | . . .      = .  |
[[0;32m  OK  [0m] Started FUSE filesystem for LXC.
[   59.777038] cloud-init[959]: |E . o=+..ooo o   |
[   59.909325] cloud-init[959]: +----[SHA256]-----+
         Starting Pollinate to seed the pseudo random number generator...
[   60.013606] cloud-init[1071]: Generating locales (this might take a while)...
[[0;32m  OK  [0m] Started Deferred execution scheduler.
[[0;32m  OK  [0m] Started ACPI event daemon.
[[0;32m  OK  [0m] Started Unattended Upgrades Shutdown.
[[0;32m  OK  [0m] Started Regular background program processing daemon.
         Starting Snappy daemon...
         Starting LXD - container startup/shutdown...
[[0;32m  OK  [0m] Started D-Bus System Message Bus.
         Starting Accounts Service...
         Starting System Logging Service...
[[0;32m  OK  [0m] Started /etc/rc.local Compatibility.
[[0;32m  OK  [0m] Started Pollinate to seed the pseudo random number generator.
         Starting OpenBSD Secure Shell server...
[[0;32m  OK  [0m] Started Login Service.
[   61.395914] cloud-init[1071]:   en_US.UTF-8... done
[   61.436515] cloud-init[1071]: Generation complete.
[[0;32m  OK  [0m] Started LSB: Record successful boot for GRUB.
[[0;32m  OK  [0m] Started LSB: MD monitoring daemon.
[[0;32m  OK  [0m] Started Login to default iSCSI targets.
[[0;32m  OK  [0m] Started OpenBSD Secure Shell server.
[[0;32m  OK  [0m] Started System Logging Service.
[[0;32m  OK  [0m] Reached target Remote File Systems (Pre).
[[0;32m  OK  [0m] Reached target Remote File Systems.
         Starting LSB: VirtualBox Linux Additions...
         Starting LSB: Set the CPU Frequency Scaling governor to "ondemand"...
         Starting LSB: daemon to balance interrupts for SMP systems...
         Starting LSB: automatic crash report generation...
         Starting Permit User Sessions...
[[0;32m  OK  [0m] Started Permit User Sessions.
         Starting Hold until boot process finishes up...
         Starting Terminate Plymouth Boot Screen...
         Starting Authenticate and Authorize Users to Run Privileged Tasks...
[[0;32m  OK  [0m] Started LXD - container startup/shutdown.
[[0;32m  OK  [0m] Started LSB: Set the CPU Frequency Scaling governor to "ondemand".
[[0;32m  OK  [0m] Started LSB: VirtualBox Linux Additions.
[[0;32m  OK  [0m] Started LSB: daemon to balance interrupts for SMP systems.
[[0;32m  OK  [0m] Started LSB: automatic crash report generation.
[[0;32m  OK  [0m] Started Hold until boot process finishes up.
[[0;32m  OK  [0m] Started Terminate Plymouth Boot Screen.
[[0;32m  OK  [0m] Started Snappy daemon.
[[0;32m  OK  [0m] Started Authenticate and Authorize Users to Run Privileged Tasks.
[[0;32m  OK  [0m] Started Accounts Service.
         Stopping OpenBSD Secure Shell server...
[[0;32m  OK  [0m] Started Serial Getty on ttyS0.
         Starting Set console scheme...
[[0;32m  OK  [0m] Started Getty on tty1.
[[0;32m  OK  [0m] Reached target Login Prompts.
[[0;32m  OK  [0m] Stopped OpenBSD Secure Shell server.
[[0;32m  OK  [0m] Started Set console scheme.
         Starting OpenBSD Secure Shell server...
[[0;32m  OK  [0m] Started OpenBSD Secure Shell server.
[[0;32m  OK  [0m] Reached target Multi-User System.
[[0;32m  OK  [0m] Reached target Graphical Interface.
         Starting Update UTMP about System Runlevel Changes...
[[0;32m  OK  [0m] Started Update UTMP about System Runlevel Changes.
[[0;32m  OK  [0m] Created slice User Slice of ubuntu.
         Starting User Manager for UID 1000...
[[0;32m  OK  [0m] Started Session 1 of user ubuntu.
[[0;32m  OK  [0m] Started User Manager for UID 1000.
[   63.677128] cloud-init[1071]: Cloud-init v. 17.1 running 'modules:config' at Fri, 15 Dec 2017 14:36:00 +0000. Up 59.78 seconds.
[[0;32m  OK  [0m] Started Apply the settings specified in cloud-config.
         Starting Execute cloud user/final scripts...
ci-info: no authorized ssh keys fingerprints found for user ubuntu.
<14>Dec 15 14:36:05 ec2: 
<14>Dec 15 14:36:05 ec2: #############################################################
<14>Dec 15 14:36:05 ec2: -----BEGIN SSH HOST KEY FINGERPRINTS-----
<14>Dec 15 14:36:05 ec2: 1024 SHA256:Qw4xFbrjv9jGCv2OO4UAD1/eRvceCeDlps/ir+3GVxM root@ubuntu-xenial (DSA)
<14>Dec 15 14:36:05 ec2: 256 SHA256:AtKnZEIhxDjG+ZC7Ai2FwSTmhpidWabjjd4zt/UfMnM root@ubuntu-xenial (ECDSA)
<14>Dec 15 14:36:05 ec2: 256 SHA256:xpcodMdZb4siQDbHl2Gs4LRie93hh33pMuGmrqrvGoo root@ubuntu-xenial (ED25519)
<14>Dec 15 14:36:05 ec2: 2048 SHA256:1w6BTZDA18yj3H5ZE0BJ3P4afXaCn/qBIxJevead5mU root@ubuntu-xenial (RSA)
<14>Dec 15 14:36:05 ec2: -----END SSH HOST KEY FINGERPRINTS-----
<14>Dec 15 14:36:05 ec2: #############################################################
-----BEGIN SSH HOST KEY KEYS-----
ecdsa-sha2-nistp256 AAAAE2VjZHNhLXNoYTItbmlzdHAyNTYAAAAIbmlzdHAyNTYAAABBBMJHm5Tc1kChRtyptAwcOqg/+OvHpergXYvJ9WYc+Ixne623cQKhYl9q6wMlr4wkZYTn72wbH2a/QlVNINP8yss= root@ubuntu-xenial
ssh-ed25519 AAAAC3NzaC1lZDI1NTE5AAAAIKSfEmYYEhMUiII3bDcK7UflZpxwpn9TNPO37fyYc9WG root@ubuntu-xenial
ssh-rsa AAAAB3NzaC1yc2EAAAADAQABAAABAQCsv8zs2aCJFh4axgJIv4YsIZLDM8x9UHqRzvuwceYcH4lOU09x4qpyRP9osMHUQ5tvgMn2Xxorb2eqfaBoY9PtKecfNp5K20FpwZWaFptPDextg0AmJ0hEcv+TsM+hOu19HAickehmJm6S8cpHJJBtahOd2CDKMyY9EJ8A7iWXbyfw1uDtgmpSlNpLLRlvoXe24iYSKKkKRSYmZqKa8H23U74x85EqRmfk0A8AMpv/yY9fsAohfjFcuRvHTTFS7PIZx5va4jNpUCz7vlsb6SgKF0YX+Gn9dlsrPXGYSEZd5H1oLG0jKOd7IF1o7ZrI7sGNWOC2BbdzyoLB4vBZVqZR root@ubuntu-xenial
-----END SSH HOST KEY KEYS-----
[   64.969547] cloud-init[1386]: Cloud-init v. 17.1 running 'modules:final' at Fri, 15 Dec 2017 14:36:05 +0000. Up 64.12 seconds.
[[0;32m  OK  [0m] Started Execute cloud user/final scripts.
[   65.057925] cloud-init[1386]: ci-info: no authorized ssh keys fingerprints found for user ubuntu.
[   65.192308] cloud-init[1386]: Cloud-init v. 17.1 finished at Fri, 15 Dec 2017 14:36:05 +0000. Datasource DataSourceNoCloud [seed=/dev/sdb][dsmode=net].  Up 64.95 seconds
[[0;32m  OK  [0m] Reached target Cloud-init target.

Ubuntu 16.04.3 LTS ubuntu-xenial ttyS0

ubuntu-xenial login: 