[    0.000000] Initializing cgroup subsys cpuset
[    0.000000] Initializing cgroup subsys cpu
[    0.000000] Initializing cgroup subsys cpuacct
[    0.000000] Linux version 4.4.0-101-generic (buildd@lcy01-amd64-006) (gcc version 5.4.0 20160609 (Ubuntu 5.4.0-6ubuntu1~16.04.5) ) #124-Ubuntu SMP Fri Nov 10 18:29:59 UTC 2017 (Ubuntu 4.4.0-101.124-generic 4.4.95)
[    0.000000] Command line: BOOT_IMAGE=/boot/vmlinuz-4.4.0-101-generic root=LABEL=cloudimg-rootfs ro console=tty1 console=ttyS0
[    0.000000] KERNEL supported cpus:
[    0.000000]   Intel GenuineIntel
[    0.000000]   AMD AuthenticAMD
[    0.000000]   Centaur CentaurHauls
[    0.000000] x86/fpu: xstate_offset[2]:  576, xstate_sizes[2]:  256
[    0.000000] x86/fpu: Supporting XSAVE feature 0x01: 'x87 floating point registers'
[    0.000000] x86/fpu: Supporting XSAVE feature 0x02: 'SSE registers'
[    0.000000] x86/fpu: Supporting XSAVE feature 0x04: 'AVX registers'
[    0.000000] x86/fpu: Enabled xstate features 0x7, context size is 832 bytes, using 'standard' format.
[    0.000000] x86/fpu: Using 'lazy' FPU context switches.
[    0.000000] e820: BIOS-provided physical RAM map:
[    0.000000] BIOS-e820: [mem 0x0000000000000000-0x000000000009fbff] usable
[    0.000000] BIOS-e820: [mem 0x000000000009fc00-0x000000000009ffff] reserved
[    0.000000] BIOS-e820: [mem 0x00000000000f0000-0x00000000000fffff] reserved
[    0.000000] BIOS-e820: [mem 0x0000000000100000-0x000000003ffeffff] usable
[    0.000000] BIOS-e820: [mem 0x000000003fff0000-0x000000003fffffff] ACPI data
[    0.000000] BIOS-e820: [mem 0x00000000fffc0000-0x00000000ffffffff] reserved
[    0.000000] NX (Execute Disable) protection: active
[    0.000000] SMBIOS 2.5 present.
[    0.000000] Hypervisor detected: KVM
[    0.000000] e820: last_pfn = 0x3fff0 max_arch_pfn = 0x400000000
[    0.000000] MTRR: Disabled
[    0.000000] x86/PAT: MTRRs disabled, skipping PAT initialization too.
[    0.000000] CPU MTRRs all blank - virtualized system.
[    0.000000] x86/PAT: Configuration [0-7]: WB  WT  UC- UC  WB  WT  UC- UC  
[    0.000000] found SMP MP-table at [mem 0x0009fff0-0x0009ffff] mapped at [ffff88000009fff0]
[    0.000000] Scanning 1 areas for low memory corruption
[    0.000000] RAMDISK: [mem 0x36abc000-0x37555fff]
[    0.000000] ACPI: Early table checksum verification disabled
[    0.000000] ACPI: RSDP 0x00000000000E0000 000024 (v02 VBOX  )
[    0.000000] ACPI: XSDT 0x000000003FFF0030 00003C (v01 VBOX   VBOXXSDT 00000001 ASL  00000061)
[    0.000000] ACPI: FACP 0x000000003FFF00F0 0000F4 (v04 VBOX   VBOXFACP 00000001 ASL  00000061)
[    0.000000] ACPI: DSDT 0x000000003FFF0470 002118 (v01 VBOX   VBOXBIOS 00000002 INTL 20160108)
[    0.000000] ACPI: FACS 0x000000003FFF0200 000040
[    0.000000] ACPI: FACS 0x000000003FFF0200 000040
[    0.000000] ACPI: APIC 0x000000003FFF0240 00005C (v02 VBOX   VBOXAPIC 00000001 ASL  00000061)
[    0.000000] ACPI: SSDT 0x000000003FFF02A0 0001CC (v01 VBOX   VBOXCPUT 00000002 INTL 20160108)
[    0.000000] No NUMA configuration found
[    0.000000] Faking a node at [mem 0x0000000000000000-0x000000003ffeffff]
[    0.000000] NODE_DATA(0) allocated [mem 0x3ffeb000-0x3ffeffff]
[    0.000000] kvm-clock: Using msrs 4b564d01 and 4b564d00
[    0.000000] kvm-clock: cpu 0, msr 0:3ffe3001, primary cpu clock
[    0.000000] kvm-clock: using sched offset of 15485540213 cycles
[    0.000000] clocksource: kvm-clock: mask: 0xffffffffffffffff max_cycles: 0x1cd42e4dffb, max_idle_ns: 881590591483 ns
[    0.000000] Zone ranges:
[    0.000000]   DMA      [mem 0x0000000000001000-0x0000000000ffffff]
[    0.000000]   DMA32    [mem 0x0000000001000000-0x000000003ffeffff]
[    0.000000]   Normal   empty
[    0.000000]   Device   empty
[    0.000000] Movable zone start for each node
[    0.000000] Early memory node ranges
[    0.000000]   node   0: [mem 0x0000000000001000-0x000000000009efff]
[    0.000000]   node   0: [mem 0x0000000000100000-0x000000003ffeffff]
[    0.000000] Initmem setup node 0 [mem 0x0000000000001000-0x000000003ffeffff]
[    0.000000] ACPI: PM-Timer IO Port: 0x4008
[    0.000000] IOAPIC[0]: apic_id 2, version 17, address 0xfec00000, GSI 0-23
[    0.000000] ACPI: INT_SRC_OVR (bus 0 bus_irq 0 global_irq 2 dfl dfl)
[    0.000000] ACPI: INT_SRC_OVR (bus 0 bus_irq 9 global_irq 9 high level)
[    0.000000] Using ACPI (MADT) for SMP configuration information
[    0.000000] smpboot: Allowing 2 CPUs, 0 hotplug CPUs
[    0.000000] PM: Registered nosave memory: [mem 0x00000000-0x00000fff]
[    0.000000] PM: Registered nosave memory: [mem 0x0009f000-0x0009ffff]
[    0.000000] PM: Registered nosave memory: [mem 0x000a0000-0x000effff]
[    0.000000] PM: Registered nosave memory: [mem 0x000f0000-0x000fffff]
[    0.000000] e820: [mem 0x40000000-0xfffbffff] available for PCI devices
[    0.000000] Booting paravirtualized kernel on KVM
[    0.000000] clocksource: refined-jiffies: mask: 0xffffffff max_cycles: 0xffffffff, max_idle_ns: 7645519600211568 ns
[    0.000000] setup_percpu: NR_CPUS:512 nr_cpumask_bits:512 nr_cpu_ids:2 nr_node_ids:1
[    0.000000] PERCPU: Embedded 34 pages/cpu @ffff88003fc00000 s98328 r8192 d32744 u1048576
[    0.000000] PV qspinlock hash table entries: 256 (order: 0, 4096 bytes)
[    0.000000] Built 1 zonelists in Node order, mobility grouping on.  Total pages: 257913
[    0.000000] Policy zone: DMA32
[    0.000000] Kernel command line: BOOT_IMAGE=/boot/vmlinuz-4.4.0-101-generic root=LABEL=cloudimg-rootfs ro console=tty1 console=ttyS0
[    0.000000] PID hash table entries: 4096 (order: 3, 32768 bytes)
[    0.000000] Memory: 1001708K/1048120K available (8484K kernel code, 1294K rwdata, 3988K rodata, 1492K init, 1316K bss, 46412K reserved, 0K cma-reserved)
[    0.000000] SLUB: HWalign=64, Order=0-3, MinObjects=0, CPUs=2, Nodes=1
[    0.000000] Hierarchical RCU implementation.
[    0.000000] 	Build-time adjustment of leaf fanout to 64.
[    0.000000] 	RCU restricting CPUs from NR_CPUS=512 to nr_cpu_ids=2.
[    0.000000] RCU: Adjusting geometry for rcu_fanout_leaf=64, nr_cpu_ids=2
[    0.000000] NR_IRQS:33024 nr_irqs:440 16
[    0.000000] Console: colour VGA+ 80x25
[    0.000000] console [tty1] enabled
[    0.000000] console [ttyS0] enabled
[    0.000000] tsc: Detected 3299.954 MHz processor
[    0.447999] Calibrating delay loop (skipped) preset value.. 6599.90 BogoMIPS (lpj=13199816)
[    0.456208] pid_max: default: 32768 minimum: 301
[    0.460517] ACPI: Core revision 20150930
[    0.464101] ACPI: 2 ACPI AML tables successfully acquired and loaded
[    0.471166] Security Framework initialized
[    0.473842] Yama: becoming mindful.
[    0.475822] AppArmor: AppArmor initialized
[    0.477342] Dentry cache hash table entries: 131072 (order: 8, 1048576 bytes)
[    0.479950] Inode-cache hash table entries: 65536 (order: 7, 524288 bytes)
[    0.490484] Mount-cache hash table entries: 2048 (order: 2, 16384 bytes)
[    0.497391] Mountpoint-cache hash table entries: 2048 (order: 2, 16384 bytes)
[    0.499946] Initializing cgroup subsys io
[    0.501400] Initializing cgroup subsys memory
[    0.504685] Initializing cgroup subsys devices
[    0.506270] Initializing cgroup subsys freezer
[    0.509314] Initializing cgroup subsys net_cls
[    0.511059] Initializing cgroup subsys perf_event
[    0.518293] Initializing cgroup subsys net_prio
[    0.519993] Initializing cgroup subsys hugetlb
[    0.524228] Initializing cgroup subsys pids
[    0.525778] CPU: Physical Processor ID: 0
[    0.529150] CPU: Processor Core ID: 0
[    0.530814] mce: CPU supports 0 MCE banks
[    0.533165] Last level iTLB entries: 4KB 512, 2MB 8, 4MB 8
[    0.537060] Last level dTLB entries: 4KB 512, 2MB 32, 4MB 32, 1GB 0
[    0.541136] Freeing SMP alternatives memory: 32K
[    0.572928] ftrace: allocating 32156 entries in 126 pages
[    0.733195] smpboot: APIC(0) Converting physical 0 to logical package 0
[    0.739333] smpboot: Max logical packages: 1
[    0.743206] ..TIMER: vector=0x30 apic1=0 pin1=2 apic2=-1 pin2=-1
[    0.878387] APIC calibration not consistent with PM-Timer: 119ms instead of 100ms
[    0.885368] APIC delta adjusted to PM-Timer: 6250015 (7499952)
[    0.887545] smpboot: CPU0: Intel(R) Core(TM) i5-3550 CPU @ 3.30GHz (family: 0x6, model: 0x3a, stepping: 0x9)
[    0.897250] Performance Events: unsupported p6 CPU model 58 no PMU driver, software events only.
[    0.900625] KVM setup paravirtual spinlock
[    0.908207] x86: Booting SMP configuration:
[    0.909905] .... node  #0, CPUs:      #1
[    0.923199] kvm-clock: cpu 1, msr 0:3ffe3041, secondary cpu clock
[    0.943084] mce: CPU supports 0 MCE banks
[    0.956971] x86: Booted up 1 node, 2 CPUs
[    1.013059] smpboot: Total of 2 processors activated (13199.81 BogoMIPS)
[    1.139485] devtmpfs: initialized
[    1.233761] evm: security.selinux
[    1.290732] evm: security.SMACK64
[    1.293810] evm: security.SMACK64EXEC
[    1.295740] evm: security.SMACK64TRANSMUTE
[    1.298011] evm: security.SMACK64MMAP
[    1.300016] evm: security.ima
[    1.307594] evm: security.capability
[    1.311602] clocksource: jiffies: mask: 0xffffffff max_cycles: 0xffffffff, max_idle_ns: 7645041785100000 ns
[    1.320916] futex hash table entries: 512 (order: 3, 32768 bytes)
[    1.324782] pinctrl core: initialized pinctrl subsystem
[    1.326780] RTC time: 13:54:35, date: 02/19/18
[    1.330734] NET: Registered protocol family 16
[    1.343827] cpuidle: using governor ladder
[    1.363662] cpuidle: using governor menu
[    1.373777] PCCT header not found.
[    1.376017] ACPI: bus type PCI registered
[    1.379887] acpiphp: ACPI Hot Plug PCI Controller Driver version: 0.5
[    1.382805] PCI: Using configuration type 1 for base access
[    1.407686] ACPI: Added _OSI(Module Device)
[    1.410115] ACPI: Added _OSI(Processor Device)
[    1.415029] ACPI: Added _OSI(3.0 _SCP Extensions)
[    1.417141] ACPI: Added _OSI(Processor Aggregator Device)
[    1.419832] ACPI: Executed 1 blocks of module-level executable AML code
[    1.434491] ACPI: Interpreter enabled
[    1.439834] ACPI: (supports S0 S5)
[    1.445270] ACPI: Using IOAPIC for interrupt routing
[    1.449860] PCI: Using host bridge windows from ACPI; if necessary, use "pci=nocrs" and report a bug
[    1.460470] ACPI: PCI Root Bridge [PCI0] (domain 0000 [bus 00-ff])
[    1.462800] acpi PNP0A03:00: _OSC: OS supports [ASPM ClockPM Segments MSI]
[    1.465272] acpi PNP0A03:00: _OSC failed (AE_NOT_FOUND); disabling ASPM
[    1.472891] acpi PNP0A03:00: fail to add MMCONFIG information, can't access extended PCI configuration space under this bridge.
[    1.477840] PCI host bridge to bus 0000:00
[    1.479360] pci_bus 0000:00: root bus resource [io  0x0000-0x0cf7 window]
[    1.481953] pci_bus 0000:00: root bus resource [io  0x0d00-0xffff window]
[    1.484373] pci_bus 0000:00: root bus resource [mem 0x000a0000-0x000bffff window]
[    1.487117] pci_bus 0000:00: root bus resource [mem 0x40000000-0xffdfffff window]
[    1.490160] pci_bus 0000:00: root bus resource [bus 00-ff]
[    1.494957] pci 0000:00:01.1: legacy IDE quirk: reg 0x10: [io  0x01f0-0x01f7]
[    1.506210] pci 0000:00:01.1: legacy IDE quirk: reg 0x14: [io  0x03f6]
[    1.508466] pci 0000:00:01.1: legacy IDE quirk: reg 0x18: [io  0x0170-0x0177]
[    1.512296] pci 0000:00:01.1: legacy IDE quirk: reg 0x1c: [io  0x0376]
[    1.643882] ACPI: PCI Interrupt Link [LNKA] (IRQs 5 9 10 11) *0, disabled.
[    1.648578] ACPI: PCI Interrupt Link [LNKB] (IRQs 5 9 10 *11)
[    1.652457] ACPI: PCI Interrupt Link [LNKC] (IRQs 5 9 *10 11)
[    1.656089] ACPI: PCI Interrupt Link [LNKD] (IRQs 5 *9 10 11)
[    1.662810] ACPI: Enabled 2 GPEs in block 00 to 07
[    1.666735] vgaarb: setting as boot device: PCI:0000:00:02.0
[    1.681119] vgaarb: device added: PCI:0000:00:02.0,decodes=io+mem,owns=io+mem,locks=none
[    1.684201] vgaarb: loaded
[    1.685313] vgaarb: bridge control possible 0000:00:02.0
[    1.687545] SCSI subsystem initialized
[    1.689770] ACPI: bus type USB registered
[    1.691357] usbcore: registered new interface driver usbfs
[    1.693196] usbcore: registered new interface driver hub
[    1.695647] usbcore: registered new device driver usb
[    1.698961] PCI: Using ACPI for IRQ routing
[    1.701014] NetLabel: Initializing
[    1.702260] NetLabel:  domain hash size = 128
[    1.703857] NetLabel:  protocols = UNLABELED CIPSOv4
[    1.705683] NetLabel:  unlabeled traffic allowed by default
[    1.707922] amd_nb: Cannot enumerate AMD northbridges
[    1.724191] clocksource: Switched to clocksource kvm-clock
[    1.734303] AppArmor: AppArmor Filesystem Enabled
[    1.736501] pnp: PnP ACPI init
[    1.738497] pnp: PnP ACPI: found 3 devices
[    1.750666] clocksource: acpi_pm: mask: 0xffffff max_cycles: 0xffffff, max_idle_ns: 2085701024 ns
[    1.754109] NET: Registered protocol family 2
[    1.757662] TCP established hash table entries: 8192 (order: 4, 65536 bytes)
[    1.765872] TCP bind hash table entries: 8192 (order: 5, 131072 bytes)
[    1.768357] TCP: Hash tables configured (established 8192 bind 8192)
[    1.771070] UDP hash table entries: 512 (order: 2, 16384 bytes)
[    1.773750] UDP-Lite hash table entries: 512 (order: 2, 16384 bytes)
[    1.776157] NET: Registered protocol family 1
[    1.778024] pci 0000:00:00.0: Limiting direct PCI/PCI transfers
[    1.780311] pci 0000:00:01.0: Activating ISA DMA hang workarounds
[    1.783321] Unpacking initramfs...
[    4.818178] Freeing initrd memory: 10856K
[    4.819516] RAPL PMU detected, API unit is 2^-32 Joules, 3 fixed counters 10737418240 ms ovfl timer
[    4.822444] hw unit of domain pp0-core 2^-0 Joules
[    4.823683] hw unit of domain package 2^-0 Joules
[    4.825027] hw unit of domain pp1-gpu 2^-0 Joules
[    4.826301] platform rtc_cmos: registered platform RTC device (no PNP device found)
[    4.828589] Scanning for low memory corruption every 60 seconds
[    4.848344] audit: initializing netlink subsys (disabled)
[    4.849740] audit: type=2000 audit(1519048495.425:1): initialized
[    4.851687] Initialise system trusted keyring
[    4.852989] HugeTLB registered 2 MB page size, pre-allocated 0 pages
[    4.855713] zbud: loaded
[    4.856975] VFS: Disk quotas dquot_6.6.0
[    4.858110] VFS: Dquot-cache hash table entries: 512 (order 0, 4096 bytes)
[    4.860132] squashfs: version 4.0 (2009/01/31) Phillip Lougher
[    4.862215] fuse init (API version 7.23)
[    4.863567] Key type big_key registered
[    4.867938] Allocating IMA MOK and blacklist keyrings.
[    4.883544] Key type asymmetric registered
[    4.885219] Asymmetric key parser 'x509' registered
[    4.887122] Block layer SCSI generic (bsg) driver version 0.4 loaded (major 249)
[    4.890963] io scheduler noop registered
[    4.892378] io scheduler deadline registered (default)
[    4.894007] io scheduler cfq registered
[    4.895656] pci_hotplug: PCI Hot Plug PCI Core version: 0.5
[    4.897381] pciehp: PCI Express Hot Plug Controller Driver version: 0.4
[    4.899649] ACPI: AC Adapter [AC] (on-line)
[    4.902112] input: Power Button as /devices/LNXSYSTM:00/LNXPWRBN:00/input/input0
[    4.907245] ACPI: Power Button [PWRF]
[    4.910730] input: Sleep Button as /devices/LNXSYSTM:00/LNXSLPBN:00/input/input1
[    4.912784] ACPI: Sleep Button [SLPF]
[    4.915154] GHES: HEST is not enabled!
[    4.916650] Serial: 8250/16550 driver, 32 ports, IRQ sharing enabled
[    4.941290] 00:02: ttyS0 at I/O 0x3f8 (irq = 4, base_baud = 115200) is a 16550A
[    4.946338] Linux agpgart interface v0.103
[    4.954775] loop: module loaded
[    4.957425] scsi host0: ata_piix
[    4.959359] scsi host1: ata_piix
[    4.960577] ata1: PATA max UDMA/33 cmd 0x1f0 ctl 0x3f6 bmdma 0xd000 irq 14
[    4.962163] ata2: PATA max UDMA/33 cmd 0x170 ctl 0x376 bmdma 0xd008 irq 15
[    4.964062] libphy: Fixed MDIO Bus: probed
[    4.965153] tun: Universal TUN/TAP device driver, 1.6
[    4.966395] tun: (C) 1999-2004 Max Krasnyansky <maxk@qualcomm.com>
[    4.968122] PPP generic driver version 2.4.2
[    4.969456] ehci_hcd: USB 2.0 'Enhanced' Host Controller (EHCI) Driver
[    4.971765] ehci-pci: EHCI PCI platform driver
[    5.041468] ehci-platform: EHCI generic platform driver
[    5.044403] ohci_hcd: USB 1.1 'Open' Host Controller (OHCI) Driver
[    5.049773] ohci-pci: OHCI PCI platform driver
[    5.055302] ohci-platform: OHCI generic platform driver
[    5.064645] uhci_hcd: USB Universal Host Controller Interface driver
[    5.066324] i8042: PNP: PS/2 Controller [PNP0303:PS2K,PNP0f03:PS2M] at 0x60,0x64 irq 1,12
[    5.069050] serio: i8042 KBD port at 0x60,0x64 irq 1
[    5.070303] serio: i8042 AUX port at 0x60,0x64 irq 12
[    5.071842] mousedev: PS/2 mouse device common for all mice
[    5.073858] input: AT Translated Set 2 keyboard as /devices/platform/i8042/serio0/input/input2
[    5.078224] rtc_cmos rtc_cmos: rtc core: registered rtc_cmos as rtc0
[    5.085608] rtc_cmos rtc_cmos: alarms up to one day, 114 bytes nvram
[    5.087202] i2c /dev entries driver
[    5.089067] device-mapper: uevent: version 1.0.3
[    5.090436] device-mapper: ioctl: 4.34.0-ioctl (2015-10-28) initialised: dm-devel@redhat.com
[    5.094430] ledtrig-cpu: registered to indicate activity on CPUs
[    5.113665] NET: Registered protocol family 10
[    5.115181] NET: Registered protocol family 17
[    5.116423] Key type dns_resolver registered
[    5.121565] microcode: CPU0 sig=0x306a9, pf=0x2, revision=0x19
[    5.126388] microcode: CPU1 sig=0x306a9, pf=0x2, revision=0x19
[    5.129503] microcode: Microcode Update Driver: v2.01 <tigran@aivazian.fsnet.co.uk>, Peter Oruba
[    5.132628] registered taskstats version 1
[    5.136978] Loading compiled-in X.509 certificates
[    5.141551] Loaded X.509 cert 'Build time autogenerated kernel key: f91c6829a34a801956ec6287af569c0a1f1f8d39'
[    5.145345] zswap: loaded using pool lzo/zbud
[    5.151880] Key type trusted registered
[    5.166662] Key type encrypted registered
[    5.167816] AppArmor: AppArmor sha1 policy hashing enabled
[    5.169301] ima: No TPM chip found, activating TPM-bypass!
[    5.172239] evm: HMAC attrs: 0x1
[    5.176344]   Magic number: 6:671:938
[    5.180144] rtc_cmos rtc_cmos: setting system clock to 2018-02-19 13:54:39 UTC (1519048479)
[    5.183219] BIOS EDD facility v0.16 2004-Jun-25, 0 devices found
[    5.186699] EDD information not available.
[    5.190864] Freeing unused kernel memory: 1492K
[    5.193415] Write protecting the kernel read-only data: 14336k
[    5.199447] Freeing unused kernel memory: 1744K
[    5.203086] Freeing unused kernel memory: 108K
Loading, please wait...
starting version 229
[    5.284816] random: systemd-udevd: uninitialized urandom read (16 bytes read, 2 bits of entropy available)
[    5.290856] random: systemd-udevd: uninitialized urandom read (16 bytes read, 2 bits of entropy available)
[    5.291584] random: udevadm: uninitialized urandom read (16 bytes read, 2 bits of entropy available)
[    5.291604] random: udevadm: uninitialized urandom read (16 bytes read, 2 bits of entropy available)
[    5.318238] random: systemd-udevd: uninitialized urandom read (16 bytes read, 2 bits of entropy available)
[    5.324873] random: systemd-udevd: uninitialized urandom read (16 bytes read, 2 bits of entropy available)
[    5.334973] random: systemd-udevd: uninitialized urandom read (16 bytes read, 2 bits of entropy available)
[    5.341088] random: udevadm: uninitialized urandom read (16 bytes read, 2 bits of entropy available)
[    5.341167] random: udevadm: uninitialized urandom read (16 bytes read, 2 bits of entropy available)
[    5.341320] random: udevadm: uninitialized urandom read (16 bytes read, 2 bits of entropy available)
[    5.560713] e1000: Intel(R) PRO/1000 Network Driver - version 7.3.21-k8-NAPI
[    5.655367] e1000: Copyright (c) 1999-2006 Intel Corporation.
[    5.679287] Fusion MPT base driver 3.04.20
[    5.680697] Copyright (c) 1999-2008 LSI Corporation
[    5.713319] Fusion MPT SPI Host driver 3.04.20
[    5.730957] mptbase: ioc0: Initiating bringup
[    5.746111] AVX version of gcm_enc/dec engaged.
[    5.747824] AES CTR mode by8 optimization enabled
[    5.824687] tsc: Refined TSC clocksource calibration: 3301.042 MHz
[    5.845968] clocksource: tsc: mask: 0xffffffffffffffff max_cycles: 0x2f9524790f8, max_idle_ns: 440795202126 ns
[    5.872397] ioc0: LSI53C1030 A0: Capabilities={Initiator}
[    5.909108] input: ImExPS/2 Generic Explorer Mouse as /devices/platform/i8042/serio1/input/input4
[    6.138553] scsi host2: ioc0: LSI53C1030 A0, FwRev=00000000h, Ports=1, MaxQ=256, IRQ=20
[    6.263562] scsi 2:0:0:0: Direct-Access     VBOX     HARDDISK         1.0  PQ: 0 ANSI: 5
[    6.333950] scsi target2:0:0: Beginning Domain Validation
[    6.369580] scsi target2:0:0: Domain Validation skipping write tests
[    6.377421] scsi target2:0:0: Ending Domain Validation
[    6.380154] scsi target2:0:0: asynchronous
[    6.386273] scsi 2:0:1:0: Direct-Access     VBOX     HARDDISK         1.0  PQ: 0 ANSI: 5
[    6.389789] scsi target2:0:1: Beginning Domain Validation
[    6.410222] scsi target2:0:1: Domain Validation skipping write tests
[    6.413210] scsi target2:0:1: Ending Domain Validation
[    6.416101] scsi target2:0:1: asynchronous
[    6.455080] sd 2:0:0:0: Attached scsi generic sg0 type 0
[    6.457870] sd 2:0:1:0: Attached scsi generic sg1 type 0
[    6.463625] sd 2:0:0:0: [sda] 20971520 512-byte logical blocks: (10.7 GB/10.0 GiB)
[    6.469979] sd 2:0:1:0: [sdb] 20480 512-byte logical blocks: (10.5 MB/10.0 MiB)
[    6.470087] sd 2:0:1:0: [sdb] Write Protect is off
[    6.470160] sd 2:0:1:0: [sdb] Incomplete mode parameter data
[    6.470160] sd 2:0:1:0: [sdb] Assuming drive cache: write through
[    6.514418] sd 2:0:0:0: [sda] Write Protect is off
[    6.517588] sd 2:0:0:0: [sda] Incomplete mode parameter data
[    6.519846] sd 2:0:0:0: [sda] Assuming drive cache: write through
[    6.560596]  sda: sda1
[    6.573455] sd 2:0:0:0: [sda] Attached SCSI disk
[    6.602074] sd 2:0:1:0: [sdb] Attached SCSI disk
[    6.941106] e1000 0000:00:03.0 eth0: (PCI:33MHz:32-bit) 02:44:03:e3:22:ab
[    6.952227] e1000 0000:00:03.0 eth0: Intel(R) PRO/1000 Network Connection
[    7.529749] e1000 0000:00:08.0 eth1: (PCI:33MHz:32-bit) 08:00:27:5a:85:24
[    7.581713] e1000 0000:00:08.0 eth1: Intel(R) PRO/1000 Network Connection
[    7.586260] e1000 0000:00:08.0 enp0s8: renamed from eth1
[    7.608324] e1000 0000:00:03.0 enp0s3: renamed from eth0
[    8.804564] floppy0: no floppy controllers found
Begin: Loading essential drivers ... [   10.402836] md: linear personality registered for level -1
[   10.425368] md: multipath personality registered for level -4
[   10.444791] md: raid0 personality registered for level 0
[   10.458830] md: raid1 personality registered for level 1
[   10.548662] raid6: sse2x1   gen()  8458 MB/s
[   10.616166] raid6: sse2x1   xor()  5842 MB/s
[   10.684262] raid6: sse2x2   gen()  8697 MB/s
[   10.788461] raid6: sse2x2   xor()  7425 MB/s
[   10.952448] raid6: sse2x4   gen()  8375 MB/s
[   11.020376] raid6: sse2x4   xor()  8647 MB/s
[   11.128373] raid6: using algorithm sse2x2 gen() 8697 MB/s
[   11.243772] raid6: .... xor() 7425 MB/s, rmw enabled
[   11.297780] raid6: using ssse3x2 recovery algorithm
[   11.424216] xor: automatically using best checksumming function:
[   11.560256]    avx       : 21460.000 MB/sec
[   11.663094] async_tx: api initialized (async)
[   11.888788] md: raid6 personality registered for level 6
[   12.124909] md: raid5 personality registered for level 5
[   12.317221] md: raid4 personality registered for level 4
[   12.498680] md: raid10 personality registered for level 10
done.
Begin: Running /scripts/init-premount ... done.
Begin: Mounting root fil[   12.717612] Btrfs loaded
e system ... Begin: Running /scripts/local-top ... done.
Begin: Running /scripts/local-premount ... Scanning for Btrfs filesystems
done.
Warning: fsck not present, so skipping root file system
[   13.373329] EXT4-fs (sda1): mounted filesystem with ordered data mode. Opts: (null)
done.
Begin: Running /scripts/local-bottom ... done.
Begin: Running /scripts/init-bottom ... done.
[   14.453387] random: nonblocking pool is initialized
[   15.250175] systemd[1]: systemd 229 running in system mode. (+PAM +AUDIT +SELINUX +IMA +APPARMOR +SMACK +SYSVINIT +UTMP +LIBCRYPTSETUP +GCRYPT +GNUTLS +ACL +XZ -LZ4 +SECCOMP +BLKID +ELFUTILS +KMOD -IDN)
[   15.455169] systemd[1]: Detected virtualization oracle.
[   15.634229] systemd[1]: Detected architecture x86-64.

Welcome to [1mUbuntu 16.04.3 LTS[0m!

[   15.941572] systemd[1]: Set hostname to <ubuntu>.
[   16.584567] systemd[1]: Initializing machine ID from random generator.
[   16.765971] systemd[1]: Installed transient /etc/machine-id file.
[ 118.7993] std[: stinon Devce-maerve dmoFIFO
[[0;32m  OK  [0m] Listening on Device-mapper event daemon FIFOs.
[   20.468248] systemd[1]: Reached target Swap.
[[0;32m  OK  [0m] Reached target Swap.
[   20.486617] systemd[1]: Started Forward Password Requests to Wall Dirto Wch
[[0;32m  OK  [0m] Started Forward Password Requests to Wall Directory Watch.
[ 20488]ysmd]:reted slice SyteSlce.
[[0;32m  OK  [0m] Created slice System Slice.
[   21.4886 ste[1 Catd lie User and ssn ic
[[0;32m  OK  [0m] Created slice User and Session Slice.
[   2.46838]ystemd[1]: Listening on Journal Socket.
[[0;32m  OK  [0m] Listening on Journal Socket.
[   22.912375] systemd[1]: Starting Create list of required static device nodes for the current kernel...
         Starting Create list of required st... nodes for the current kernel...
[   23.132216] systemd[1]: Starting Nameserver information manager...
         Starting Nameserver information manager...
[   23.236424] systemd[1]: Starting Uncomplicated firewall...
         Starting Uncomplicated firewall...
[   23.311238] systemd[1]: Starting Set console keymap...
         Starting Set console keymap...
[   23.420236] systemd[1]: Starting Remount Root and Kernel File Systems...
         Starting Remount Root and Kernel File Systems...
[   23.546246] systemd[1]: Listening on Journal Audit Socket.
[[0;32m  OK  [0m] Listening on Journal Audit Socket.
[ 233448 sstemd[1]: Listengn VM pllaen ck.
[[0;32m  OK  [0m] Listening on LVM2 poll daemon socket.
[   24.412207] systemd[1]: Mounting Huge Pages File System...
         Mounting Huge Pages File System...
[   24.442740] systemd[1]: Listening on udev Control Socket.
[[0;32m  OK  [0m] Listening on udev Control Socket.
[   24.448293] systemd[1]: Set up automount Arbitrary Executable File Formats File System Automount Point.
[[0;32m  OK  [0m] Set up automount Arbitrary Executab...ats File System Automount Point.
[   24.510136] EXT4-fs (sda1): re-mounted. Opts: (null)
[ 24.7433] syte[1 Ltengn ural Ske(/v/log.
[[0;32m  OK  [0m] Listening on Journal Socket (/dev/log).
[  2604329] systemd[1]: Reached target Encrypted Volumes.

[[0;32m  OK  [0m] Reached target Encrypted Volumes.
[   25.756438] systemd[1]: Mounting Debug File System...
         Mounting Debug File System...
[   25.765459] systemd[1]: Mounting POSIX Message Queue File System...
         Mounting POSIX Message Queue File System...
[   25.774398] systemd[1]: Listening on LVM2 metadata daemon socket.
[[0;32m  OK  [0m] Listening on LVM2 metadata daemon socket.
[   25.782038] systemd[1]: Starting Monitoring of LVM2 mirrors, snapshots etc. using dmeventd or progress polling...
         Starting Monitoring of LVM2 mirrors... dmeventd or progress polling...
[   26.212251] systemd[1]: Starting Load Kernel Modules...
         Starting Load Kernel Modules...
[   26.222988] systemd[1]: Listening on udev Kernel Socket.
[[0;32m  OK  [0m] Listening on udev Kernel Socket.
[   .272 sted[1]: Created slice sst-sia\xgey.ic
[[0;32m  OK  [0m] Created slice system-serial\x2dgetty.slice.
[   2.922 ste[1 Rch tgeSlces.
[[0;32m  OK  [0m] Reached target Slices.
[ 27.568287] systemd[1]: Reached target User and Group Name Lookups.

[[0;32m  OK  [0m] Reached target User and Group Name Lookups.
[ 27745] systed[]: Lstin oSyogoct.
[[0;32m  OK  [0m] Listening on Syslog Socket.
[   28.316208] systemd[1]: Starting Journal Service...
         Starting Journal Service...
[ 28.4830] sstemd[1]: Started Trigger esvcf pdteoretord DNS.
[[0;32m  OK  [0m] Started Trigger resolvconf update for networkd DNS.
[  28.904266] systemd[]:Litengondeintcl mpiblity Named Pipe.

[[0;32m  OK  [0m] Listening on /dev/initctl Compatibility Named Pipe.
[  29.450750] systemd[1] Mnt PSIMeagQuue FleSytem.
[[0;32m  OK  [0m] Mounted POSIX[   29.940186] Loading iSCSI transport class v2.0-870.
 Message Queue File System.
[ 301420] systemd[1]: Mounted Debug File System.
[[0;32m  OK  [0m] Mounted Debug File System.
[ 30724]ysmd]:ounted Huge Pages File Sysem

[[0;32m  OK  [0m] Mounted Huge Pages File System.
[ 302072] stemd[1]: Started Create list of required static device nodes for the current kernel.
[[0;32m  OK  [0m] Started Create list of required sta...ce nodes for the current kernel.
[   30.969424] iscsi: registered transport (tcp)
[   30.973708] systemd[1]: Started Uncomplicated firewall.
[[0;32m  OK  [0m] Started Uncomplicated firewall.
[   30.995851] systemd[1]: Started Set console keymap.
[[0;32m  OK  [0m] Started Set console keymap.
[   31.008283] systemd[1]: Started Remount Root and Kernel File Systems.
[[0;32m  OK  [0m] Started Remount Root and Kernel File Systems.
[   31.075253] systemd[1]: Started Nameserver information manager.
[[0;32m  OK  [0m] Started Nameserver information manager.
[   31.227341] systemd[1]: Started LVM2 metadata daemon.
[[0;32m  OK  [0m] Started LVM2 metadata daemon.
[   31.262045] systemd[1]: Starting Initial cloud-init job (pre-networking)...
         Starting Initial cloud-init job (pre-networking)...
[   31.797141] systemd[1]: Starting udev Coldplug all Devices...
         Starting udev Coldplug all Devices...
[   32.044011] systemd[1]: Starting Load/Save Random Seed...
         Starting Load/Save Random Seed...
[   32.134802] systemd[1]: Starting Create Static Device Nodes in /dev...
         Starting Create Static Device Nodes in /dev...
[   32.139522] systemd[1]: Started Journal Service.
[[0;32m  OK  [0m] Started Journal Service.
         Starting Flush Journal to Persistent Storage...
[[0;32m  OK  [0m] Started udev Coldplug all Devices.
[[0;32m  OK  [0m] Started Load/Save Random Seed.
[   32.266207] iscsi: registered transport (iser)
[[0;32m  OK  [0m] Started Load Kernel Modules.
         Mounting FUSE Control File System...
         Starting Apply Kernel Variables...
[[0;32m  OK  [0m] Mounted FUSE Control File System.
[   32.396266] systemd-journald[411]: Received request to flush runtime journal from PID 1
[[0;32m  OK  [0m] Started Flush Journal to Persistent Storage.
[[0;32m  OK  [0m] Started Monitoring of LVM2 mirrors,...ng dmeventd or progress polling.
[[0;32m  OK  [0m] Started Apply Kernel Variables.
[[0;32m  OK  [0m] Started Create Static Device Nodes in /dev.
         Starting udev Kernel Device Manager...
[[0;32m  OK  [0m] Started udev Kernel Device Manager.
[[0;32m  OK  [0m] Reached target Local File Systems (Pre).
[[0;32m  OK  [0m] Reached target Local File Systems.
         Starting Tell Plymouth To Write Out Runtime Data...
         Starting Create Volatile Files and Directories...
         Starting LSB: AppArmor initialization...
         Starting Set console font and keymap...
         Starting Commit a transient machine-id on disk...
[[0;32m  OK  [0m] Started Dispatch Password Requests to Console Directory Watch.
[[0;32m  OK  [0m] Started Tell Plymouth To Write Out Runtime Data.
[[0;32m  OK  [0m] Started Create Volatile Files and Directories.
[[0;32m  OK  [0m] Started Commit a transient machine-id on disk.
[[0;32m  OK  [0m] Found device /dev/ttyS0.
         Starting Update UTMP about System Boot/Shutdown...
[[0;32m  OK  [0m] Reached target System Time Synchronized.
[[0;32m  OK  [0m] Started Update UTMP about System Boot/Shutdown.
[[0;32m  OK  [0m] Listening on Load/Save RF Kill Switch Status /dev/rfkill Watch.
[[0;32m  OK  [0m] Started LSB: AppArmor initialization.
[[0;32m  OK  [0m] Started Set console font and keymap.
[[0;32m  OK  [0m] Created slice system-getty.slice.
[   38.067147] cloud-init[431]: Cloud-init v. 17.1 running 'init-local' at Mon, 19 Feb 2018 13:55:12 +0000. Up 37.28 seconds.
[[0;32m  OK  [0m] Started Initial cloud-init job (pre-networking).
[[0;32m  OK  [0m] Reached target Network (Pre).
         Starting Raise network interfaces...
[[0;32m  OK  [0m] Started Raise network interfaces.
         Starting Initial cloud-init job (metadata service crawler)...
[[0;32m  OK  [0m] Reached target Network.
[   42.353324] cloud-init[968]: Cloud-init v. 17.1 running 'init' at Mon, 19 Feb 2018 13:55:15 +0000. Up 39.64 seconds.
[   42.464717] cloud-init[968]: ci-info: +++++++++++++++++++++++++++++++++++++Net device info++++++++++++++++++++++++++++++++++++++
[   42.552405] cloud-init[968]: ci-info: +--------+-------+---------------------------+---------------+-------+-------------------+
[   42.664462] cloud-init[968]: ci-info: | Device |   Up  |          Address          |      Mask     | Scope |     Hw-Address    |
[[0;32m  OK  [0m] Started Initial cloud-init job (metadata service crawler).
[[0;32m  OK  [0m] Reached target System Initialization.
[   42.800131] cloud-init[968]: ci-info: +--------+-------+---------------------------+---------------+-------+-------------------+
[   43.438574] cloud-init[968]: ci-info: | enp0s3 |  True |         10.0.2.15         | 255.255.255.0 |   .   | 02:44:03:e3:22:ab |
[   43.604340] cloud-init[968]: ci-info: | enp0s3 |  True | fe80::44:3ff:fee3:22ab/64 |       .       |  link | 02:44:03:e3:22:ab |
[[0;32m  OK  [0m] Started ACPI Events Check.
[[0;32m  OK  [0m] Reached target Paths.
[[0;32m  OK  [0m] Listening on ACPID Listen Socket.
[   43.799213] cloud-init[968]: ci-info: | enp0s8 | False |             .             |       .       |   .   | 08:00:27:5a:85:24 |
[   44.123038] cloud-init[968]: ci-info: |   lo   |  True |         127.0.0.1         |   255.0.0.0   |   .   |         .         |
[   44.244294] cloud-init[968]: ci-info: |   lo   |  True |          ::1/128          |       .       |  host |         .         |
         Starting LXD - unix socket.
[[0;32m  OK  [0m] Started Timer to automatically refresh installed snaps.
[   44.368039] cloud-init[968]: ci-info: +--------+-------+---------------------------+---------------+-------+-------------------+
[   44.656285] cloud-init[968]: ci-info: +++++++++++++++++++++++++++Route IPv4 info++++++++++++++++++++++++++++
[   44.820314] cloud-init[968]: ci-info: +-------+-------------+----------+---------------+-----------+-------+
[   44.968495] cloud-init[968]: ci-info: | Route | Destination | Gateway  |    Genmask    | Interface | Flags |
[[0;32m  OK  [0m] Started Daily Cleanup of Temporary Directories.
[[0;32m  OK  [0m] Listening on D-Bus System Message Bus Socket.
         Starting Socket activation for snappy daemon.
[   45.112529] cloud-init[968]: ci-info: +-------+-------------+----------+---------------+-----------+-------+
[   45.596333] cloud-init[968]: ci-info: |   0   |   0.0.0.0   | 10.0.2.2 |    0.0.0.0    |   enp0s3  |   UG  |
[   45.760268] cloud-init[968]: ci-info: |   1   |   10.0.2.0  | 0.0.0.0  | 255.255.255.0 |   enp0s3  |   U   |
[   45.918525] cloud-init[968]: ci-info: +-------+-------------+----------+---------------+-----------+-------+
[[0;32m  OK  [0m] Listening on UUID daemon activation socket.
[[0;32m  OK  [0m] Reached target Cloud-config availability.
[[0;32m  OK  [0m] Reached target Network is Online.
[   46.083191] cloud-init[968]: Generating public/private rsa key pair.
[   46.825736] cloud-init[968]: Your identification has been saved in /etc/ssh/ssh_host_rsa_key.
[[0;32m  OK  [0m] Started Daily apt download activities.
[[0;32m  OK  [0m] Started Daily apt upgrade and clean activities.
[   46.882984] cloud-init[968]: Your public key has been saved in /etc/ssh/ssh_host_rsa_key.pub.
[   47.092275] cloud-init[968]: The key fingerprint is:
[   47.172322] cloud-init[968]: SHA256:nO1zqsSCwm1ipLP6JqfUMxuNbqw1yz6TA46OdYthU+U root@ubuntu-xenial
[[0;32m  OK  [0m] Reached target Timers.
[   47.275630] cloud-init[968]: The key's randomart image is:
[   47.416353] cloud-init[968]: +---[RSA 2048]----+
[   47.498581] cloud-init[968]: |                 |
[   47.778679] cloud-init[968]: |                 |
[   47.838550] cloud-init[968]: |      .          |
         Starting iSCSI initiator daemon (iscsid)...
[[0;32m  OK  [0m] Listening on LXD - unix socket.
[   48.215960] cloud-init[968]: |     o . o       |
[   48.528632] cloud-init[968]: |  . . E S .      |
[   48.758614] cloud-init[968]: | =.oo. . .       |
[[0;32m  OK  [0m] Listening on Socket activation for snappy daemon.
[   48.870879] cloud-init[968]: |=.%O*.. o o .    |
[   48.997604] cloud-init[968]: |=B*/B. o   +     |
[   49.001241] cloud-init[968]: |BO**=   ...      |[[0;32m  OK  [0m] Reached target Sockets.
[[0;32m  OK  [0m] Reached target Basic System.

[   49.045978] cloud-init[968]: +----[SHA256]-----+
[   49.055669] cloud-init[968]: Generating public/private dsa key pair.
[   49.062417] cloud-init[968]: Your identification has been saved in /etc/ssh/ssh_host_dsa_key.
[   49.069439] cloud-init[968]: Your public key has been saved in /etc/ssh/ssh_host_dsa_key.pub.
[   49.089016] cloud-init[968]: The key fingerprint is:
[   49.102391] cloud-init[968]: SHA256:DexyALiGeFd7wW+UflxaBz556DSisC1Iakmzs6nDM1w root@ubuntu-xenial
[   49.112448] cloud-init[968]: The key's randomart image is:
[   49.123139] cloud-init[968]: +---[DSA 1024]----+
[   49.131470] cloud-init[968]: |   ..  .   .  .. |
[   49.145826] cloud-init[968]: |  .  ...o o  .oo.|
[   49.158481] cloud-init[968]: |.. .o.o.+= ..+B..|
[   49.165422] cloud-init[968]: |o +..*.+.*+.++ + |
[   49.174183] cloud-init[968]: | o .* o.S.+.  .  |
[   49.191518] cloud-init[968]: |   .E+ o .       |
[   49.213986] cloud-init[968]: | o .o            |
[   49.223638] cloud-init[968]: |  *.             |
[   49.235677] cloud-init[968]: |  .+             |
[   49.248437] cloud-init[968]: +----[SHA256]-----+
[   49.251879] cloud-init[968]: Generating public/private ecdsa key pair.
[   49.313575] cloud-init[968]: Your identification has been saved in /etc/ssh/ssh_host_ecdsa_key.
[   49.360328] cloud-init[968]: Your public key has been saved in /etc/ssh/ssh_host_ecdsa_key.pub.
[   49.444347] cloud-init[968]: The key fingerprint is:
[   49.480348] cloud-init[968]: SHA256:dMEA1/vPHZ2juoPxFAsY2l4hODfoylyKk6nYFSuoO/g root@ubuntu-xenial
[   49.624299] cloud-init[968]: The key's randomart image is:
[   49.712350] cloud-init[968]: +---[ECDSA 256]---+
[   49.780285] cloud-init[968]: |      +.o+.      |
[   49.848300] cloud-init[968]: |     + * .o.     |
[   49.924330] cloud-init[968]: |    . = * o.     |
[   49.996330] cloud-init[968]: |    .+ + +..     |
[   50.064350] cloud-init[968]: | .* +o. S ..o   o|
[   50.136306] cloud-init[968]: |.=.=o  . . o.  +.|
[   50.220337] cloud-init[968]: |=..o      =  o..o|
[   50.295704] cloud-init[968]: |* .      . o .o .|
[   50.368607] cloud-init[968]: |.+E        o+    |
[   50.441538] cloud-init[968]: +----[SHA256]-----+
[   50.513167] cloud-init[968]: Generating public/private ed25519 key pair.
[   50.616351] cloud-init[968]: Your identification has been saved in /etc/ssh/ssh_host_ed25519_key.
[   50.752315] cloud-init[968]: Your public key has been saved in /etc/ssh/ssh_host_ed25519_key.pub.
[   50.888348] cloud-init[968]: The key fingerprint is:
[   50.964339] cloud-init[968]: SHA256:sAPobL12yGJukyS8bSxkff0lp53D8NwuEbqKDv6qWn0 root@ubuntu-xenial
[   51.100330] cloud-init[968]: The key's randomart image is:
[   51.184287] cloud-init[968]: +--[ED25519 256]--+
[   51.252287] cloud-init[968]: |                 |
[   51.324349] cloud-init[968]: |   .             |
[   51.400480] cloud-init[968]: |  . . .          |
[   51.472897] cloud-init[968]: | o . . o   .     |
[   51.544340] cloud-init[968]: |. = . + S . .    |
[   51.616387] cloud-init[968]: |.=.+ + o + +     |
[   51.692343] cloud-init[968]: |ooBoB E . % +    |
[   51.772327] cloud-init[968]: | *=*.o.  + O .   |
[   51.844631] cloud-init[968]: |oo=+++ ..   +.   |
[   51.920745] cloud-init[968]: +----[SHA256]-----+
         Starting LSB: Record successful boot for GRUB...
[[0;32m  OK  [0m] Started ACPI event daemon.
         Starting /etc/rc.local Compatibility...
         Starting Apply the settings specified in cloud-config...
         Starting Snappy daemon...
[[0;32m  OK  [0m] Started FUSE filesystem for LXC.
         Starting Accounts Service...
[[0;32m  OK  [0m] Started D-Bus System Message Bus.
         Starting Pollinate to seed the pseudo random number generator...
         Starting LSB: MD monitoring daemon...
         Starting System Logging Service...
         Starting Login Service...
[[0;32m  OK  [0m] Started Unattended Upgrades Shutdown.
[[0;32m  OK  [0m] Started Regular background program processing daemon.
[[0;32m  OK  [0m] Started Deferred execution scheduler.
         Starting LXD - container startup/shutdown...
[[0;32m  OK  [0m] Started iSCSI initiator daemon (iscsid).
[[0;32m  OK  [0m] Started /etc/rc.local Compatibility.
[[0;32m  OK  [0m] Started System Logging Service.
[[0;32m  OK  [0m] Started LSB: Record successful boot for GRUB.
[[0;32m  OK  [0m] Started Snappy daemon.
         Starting Authenticate and Authorize Users to Run Privileged Tasks...
         Starting Login to default iSCSI targets...
[[0;32m  OK  [0m] Started Login Service.
[[0;32m  OK  [0m] Started LSB: MD monitoring daemon.
[[0;32m  OK  [0m] Started Login to default iSCSI targets.
[[0;32m  OK  [0m] Started Authenticate and Authorize Users to Run Privileged Tasks.
[[0;32m  OK  [0m] Reached target Remote File Systems (Pre).
[[0;32m  OK  [0m] Reached target Remote File Systems.
         Starting LSB: automatic crash report generation...
         Starting LSB: Set the CPU Frequency Scaling governor to "ondemand"...
         Starting Permit User Sessions...
         Starting LSB: VirtualBox Linux Additions...
         Starting LSB: daemon to balance interrupts for SMP systems...
[[0;32m  OK  [0m] Started Permit User Sessions.
[[0;32m  OK  [0m] Started Accounts Service.
[[0;32m  OK  [0m] Started LSB: Set the CPU Frequency Scaling governor to "ondemand".
         Starting Hold until boot process finishes up...
         Starting Terminate Plymouth Boot Screen...
[[0;32m  OK  [0m] Started LSB: automatic crash report generation.
[[0;32m  OK  [0m] Started Hold until boot process finishes up.
[[0;32m  OK  [0m] Started Terminate Plymouth Boot Screen.
[   55.251302] cloud-init[1079]: Generating locales (this might take a while)...
[[0;32m  OK  [0m] Started Getty on tty1.
         Starting Set console scheme...
[[0;32m  OK  [0m] Started Serial Getty on ttyS0.
[[0;32m  OK  [0m] Reached target Login Prompts.
[[0;32m  OK  [0m] Started LXD - container startup/shutdown.
[[0;32m  OK  [0m] Started LSB: daemon to balance interrupts for SMP systems.
[[0;32m  OK  [0m] Started Set console scheme.
[[0;32m  OK  [0m] Started LSB: VirtualBox Linux Additions.
[[0;32m  OK  [0m] Started Pollinate to seed the pseudo random number generator.
         Starting OpenBSD Secure Shell server...
[[0;32m  OK  [0m] Started OpenBSD Secure Shell server.
[[0;32m  OK  [0m] Reached target Multi-User System.
[[0;32m  OK  [0m] Reached target Graphical Interface.
         Starting Update UTMP about System Runlevel Changes...
[[0;32m  OK  [0m] Started Update UTMP about System Runlevel Changes.
[   58.318092] cloud-init[1079]:   en_US.UTF-8... done
[   58.368713] cloud-init[1079]: Generation complete.
         Stopping OpenBSD Secure Shell server...
[[0;32m  OK  [0m] Stopped OpenBSD Secure Shell server.
         Starting OpenBSD Secure Shell server...
[[0;32m  OK  [0m] Started OpenBSD Secure Shell server.
[[0;32m  OK  [0m] Created slice User Slice of ubuntu.
         Starting User Manager for UID 1000...
[[0;32m  OK  [0m] Started Session 1 of user ubuntu.
[[0;32m  OK  [0m] Started User Manager for UID 1000.
[   60.108447] cloud-init[1079]: Cloud-init v. 17.1 running 'modules:config' at Mon, 19 Feb 2018 13:55:29 +0000. Up 54.34 seconds.
[[0;32m  OK  [0m] Started Apply the settings specified in cloud-config.

Ubuntu 16.04.3 LTS ubuntu-xenial ttyS0

ubuntu-xenial login: ci-info: no authorized ssh keys fingerprints found for user ubuntu.
<14>Feb 19 13:55:37 ec2: 
<14>Feb 19 13:55:37 ec2: #############################################################
<14>Feb 19 13:55:37 ec2: -----BEGIN SSH HOST KEY FINGERPRINTS-----
<14>Feb 19 13:55:37 ec2: 1024 SHA256:DexyALiGeFd7wW+UflxaBz556DSisC1Iakmzs6nDM1w root@ubuntu-xenial (DSA)
<14>Feb 19 13:55:37 ec2: 256 SHA256:dMEA1/vPHZ2juoPxFAsY2l4hODfoylyKk6nYFSuoO/g root@ubuntu-xenial (ECDSA)
<14>Feb 19 13:55:37 ec2: 256 SHA256:sAPobL12yGJukyS8bSxkff0lp53D8NwuEbqKDv6qWn0 root@ubuntu-xenial (ED25519)
<14>Feb 19 13:55:37 ec2: 2048 SHA256:nO1zqsSCwm1ipLP6JqfUMxuNbqw1yz6TA46OdYthU+U root@ubuntu-xenial (RSA)
<14>Feb 19 13:55:37 ec2: -----END SSH HOST KEY FINGERPRINTS-----
<14>Feb 19 13:55:37 ec2: #############################################################
-----BEGIN SSH HOST KEY KEYS-----
ecdsa-sha2-nistp256 AAAAE2VjZHNhLXNoYTItbmlzdHAyNTYAAAAIbmlzdHAyNTYAAABBBPL9/6/S8YFq7y9Fxvzva1r+c4p1GqVpmLnHYPEBkHw5aXUhl2dheYfOkc1NJq/k3L5prC7RlMLL8fRwOKOGQ54= root@ubuntu-xenial
ssh-ed25519 AAAAC3NzaC1lZDI1NTE5AAAAIJlKxngJn4xP7hBuhzZR/zBaiD0npP9MP+bI1OSR5vVI root@ubuntu-xenial
ssh-rsa AAAAB3NzaC1yc2EAAAADAQABAAABAQDNsdDXkuZqC15aU7vUlN8yXGQ6xQC3hGywoKlB4TiulSp5OZMeV4X3xFVXmMt62IMn50Usw9p2H+AQjal0RnwK3mkUY30jM+T8al4XZYGWqoA2fDMH5QHnE4U0Jcl3ovEX8l0Huf7KyyVilj2yfwto/2fJVTaF+EiXrgqLrbl6+cdxfDFmRtM4FFeDxikKz0a3k8NeJ/z7avyaxPbpXomclPMaAyTg+vGbNLNiPOkLzZ68ZYB2+cDZ1qUlKONfmyQ9bk2FcaiEkizsUrGkSxlzC5DdXeOU0YxY4TDYy/dc9tB4eI4vqpK7912Y2AUkJhYXDSdojO+CUfpBsWmmjtEr root@ubuntu-xenial
-----END SSH HOST KEY KEYS-----
[   62.300018] cloud-init[1406]: Cloud-init v. 17.1 running 'modules:final' at Mon, 19 Feb 2018 13:55:36 +0000. Up 61.05 seconds.
[   62.300264] cloud-init[1406]: ci-info: no authorized ssh keys fingerprints found for user ubuntu.
[   62.300392] cloud-init[1406]: Cloud-init v. 17.1 finished at Mon, 19 Feb 2018 13:55:37 +0000. Datasource DataSourceNoCloud [seed=/dev/sdb][dsmode=net].  Up 62.25 seconds
