[    0.000000] Initializing cgroup subss ust
[    0.0000 Initalzi cgroup subsys cpu
[    0.000000] Initializing cgroup subsys cpuacct
[   0.000] Lnu vsion 4.4.0-112-generic (buildd@lgw01-amd64-010 (ccersion 5.4.0 20160(Ubuu 4.0-buu1~104) ) #135-Ubuntu MP Fri Jan 191:8:6 UTC 218Ubntu 4..011135-generic .498
[    0.000000] Command line: BOOT_IMAGE=/boot/vmlinuz-4.4.0-112-generic rotUID=8a9a5d70-6967-47ce-94c1-225992142487 ro console=tty1 console=ttyS0
[    000000]ERL supported cpus:
[   0.00]   Intel GenuineIntel
[    0.000000]   AMD AuthenticAMD
[    0.000000]   Centaur CentaurHauls
[    0.000000] x86/fpu: xstate_offset[2]:  576, xstate_sizes[2]:  256
[    0.000000] x86/fpu: Supporting XSAVE feature 0x0 '7 floatngoit registers'
[    0.000000 x/fu: Supporting XSAVE feature 0x02: 'SSE registers'
[    0.000000] x86/fpu: Supporting XSAVE feature 0x04: 'AVX registers'
[    0.000000] x86/fpu: Enabled xstate features 0x7, context size is 832 bytes, using 'standard' fma
[  000000] x86/fpu: ing azy' FPU conext stcs.
[   .000] 20 BIOS-providedhycal RAM map:
[  000000] BIOSe8: mem 00000000000-00000000009fbff] usable
  0.0000BIOS-e820: [mem 0000000009fc00-0x000000000ffff] rseed
[   000000] BIOSe80: [mem 0x0000000f0000-0x00000000ffff]eserved
   0000000] BIOS-e820[m 0x000000010000x00000003efff] usable
[    00000] BIOS-e820: [mem 0x000000003fff0000-0x000000003fffffff]CP data
[    0.00000] BIOS-e820: [mem 0x00000000fffc0000-0x00000000ffffffff] reserved
[    0.000000] NX (Execute Disable) ottion: active
[    0.000000] SMBIOS 2.5 present.
[    0.000000] Hypervisor detected: KVM
[    0000] e820: last_pfn = x3fff0max_arch_pfn = 0x400000000
[    0.000000] MTRR: Disable
[  0.000000] x86/PAT: MTRRs disabled, skipping PAT initialization too.
[    0.000000] CPU MTRRs all blank - virtualized system.
[    0.000000] x86/PAT: Configuration [0-7]: WB  WT  UC- UC  WB  WT  UC- UC  
[    0.000000] found SMP MP-table at [mem 0x0009fff0-0x0009ffff] mapped at [ffff88000009fff0]
[    0.000000] Scanning 1 areas for low memory corruption
[    0.000000] RAMDISK: [mem 0x36232000-0x37110fff]
[    0.00000 API: Early table checksum verictin saed
[   00000] ACPI: RSDP 0x00000000000E0000 000024 (v02 VBOX  )
[    0.000000] ACPI: XSDT 0x000000003FFF0030 00003C (v01 VBOX   VBOXXSDT 00000001 ASL  00000061)
[    0.00000 AI: FACP 0x000000003FFF00F0 00F(v04 VBOX   VBOXFA 000001 ASL  00000061)
[    0.000000] ACPI: DSDT 0x0000003FF0470 002118 (v VOX VXBIOS 00000002 INL 20160108)
  0.00000] ACPI: FACS 0x000000003FFF0200 000040
[    0.000000] ACPIFACS 0x000000003FF02000004
[  0.000000] ACPIAP 0x000000003FFF00 005C (v02 VBOX   VBOXAC 000001 ASL  000061
[    0.000000] ACPI: SSDT 0x000000003FFF02A0 0001CC (v01 VBOX   VBOXCPUT 00000002 INTL 20160108)
[    0.000000] No NUMA configuration found
[    0.000000] Faking a node at [mem 0x0000000000000000-0x000000003ffeffff]
[    0.000000] NODE_DATA(0) allocated [mem 0x3ffeb000-0x3ffeffff]
[    0.000000] kvm-clock: Using msrs 4b564d01 and 4b564d00
[    0.000000] kvm-clock: cpu 0, msr 0:3ffe3001, primary cpu clock
[    0.000000] kvm-clock: using sched offset of 5179599060 cycles
[    0.000000] clocksource: kvm-clock: mask: 0xffffffffffffffff max_cycles: 0x1cd42e4dffb, max_idle_ns: 881590591483 ns
[    0.000000] Zone ranges:
[    0.000000]   DMA      [mem 0x0000000000001000-0x0000000000ffffff]
[    0.000000]   DMA32    [mem 0x0000000001000000-0x000000003ffeffff]
[    0.000000]   Norma  pty
[   .000000]   Device   empty
[  000000] Movable ze art for each node
[    0.00000] Early meryode ranges
[    0.000000]   node   0: [mem 0x0000000000001000-0x000000000009efff]
[    0.000000]   node   0: [mem 0x0000000000100000-0x000000003ffeffff]
[    0.000000] Initmem setup node 0 [mem 0x0000000000001000-0x000000003ffeffff]
[    0.000000] ACPI: PM-Timer IO Port: 0x4008
[    0.000000] IOAPIC[0]: apic_id 2, version 17, address 0xfec00000, GSI 0-23
[    0.000000] ACPI: INT_SRC_OVR (bus 0 bus_irq 0 global_irq 2 dfl dfl)
[    0.000000] ACPI: INT_SRC_OVR (bus 0 bus_irq 9 global_irq 9 high level)
[    0.00000 Uing ACPI (MADT) for SMP configuration information
[    0.000000] smpboot: Allowing 2 CPUs, 0 hotplug CPUs
[    0.000000] PM: Registered nosave memory: [mem 0x00000000-0x00000f]
[  000000] PM: Registered nosave memory: [mm 0x0900-0x009ff]
[   .000] : Registered nose mory: [mem 0x00000-0000effff]
[    0.000000PM Rgistered nosave memory: [mem 000000-0x00ffff
[    0.000000]82 [mem 0x40000000-0xfbff] available forCIevices
[    0.0000Booting paravirtlid kernel on KVM   0.000000] closoce: refined-jiffies: mask: 0xffffffff max_cycles: 0xffffffff, max_idle_ns: 7645519600211568 ns
[    0.0000]etup_percpu: NR_CPUS:5 nr_cpumask_bits:52 _cu_id2 r_deds:1
[    0.000000] PERCPU: Embedded 34 pages/cpu @ffff88003c0000 s99544 r19d352u18576
[    0.000000] PV qspinlockastable trs: 256 (order: 0, 4096 bytes)
[    0000] Built 1 zoneists in Node order, biity groin on.  Tol pages: 257913
[    00000] Policy zone: DMA32
[   0.000000] Kernel comand line: BOOT_IMAGE=/boot/vmlinuz-4.4.0-112-generic root=UUID=8a9a5d70-6967-47ce-94c1-225992148ro consol=tty1 consoltt0
[   .00000] D sh tabl eries: 4096 (order:3,27 bytes
[  .0000] Meor 99704/148120 ailble (8499K kernel code,30 rwda,398K rodata, 1508K iit 116K s,0816K seved, K a-eserd)
[  000000] LU HWalign64Order=0-3, MinObjes= CPUs=, des=
[  0.000000] Kernel/User page tables isolaonenabled
   0.00000] Hierarchical RCU implementation.
[    0.000000] 	Build-time adjustment of leaf fanout to 64.
[    0.000000] 	RCU restricting CPUs from NR_CPUS=512 to nr_cpu_ids=2.
[    0.000000] RCU: Adjusting geometry for rcu_fanout_leaf=64, nr_cpu_ids=2
[    0.000000] NR_IRQS:33024 nr_irqs:440 16
[    0.00000] nse: colour VGA+ 825
[    0.000000] console [tt] nabled
[    0.000000]coole [ttyS0] enabled
[    0.000000] tsc: Detected 3299.998 MHz processor
[   13.712825] Calibrating delay loop (skipped) preset value.. 6599.99 BogoMIPS (lpj=13199992)
[   13.896746] pid_max: default: 32768 minimum: 301
[   14.018072] ACPI: Core revision 20150930
[   14.098399] ACPI: 2 ACPI AML tables successfully acquired and loaded
[   14.151739] Security Framework initialized
[   14.152441] Yama: becoming mindful.
[   14.153209] AppArmor: AppArmor initialized
[   14.153997] Dentry cache hash table entries: 131072 (order: 8, 1048576 bytes)
[   4.182095] Inode-cache hash table entries: 65536 (order: 7, 524288 bytes)
[   14.317947] Mount-cache hash table entries: 2048 (order: 2, 16384 bytes)
[   14.482191] Mountpoint-cache hash table entries: 2048 (rder: 2, 16384 bytes)
[   14.630328] Initializing cgroup subsys io
[   14.719573] Initializing cgroup subsys memory
[   14.823844] Initializing cgroup subsys devices
[   14.933308] Initializing cgroup subsys freezer
[   15.039141] Initializing cgroup subsys net_cls
[   15.039879] Initializing cgroup subsys perf_event
[   15.040638] Initializing cgroup subsys net_prio
[   15.108751] Initializing cgroup subsys hugetlb
[   15.150563] Initializing cgroup subsys pids
[   15.257127] CPU: Physical Processor ID: 0
[   15.326509] CPU: Processor Core ID: 0
[   15.334847] FEATURE SPEC_CTRL Not Present
[   15.339473] mce: CPU supports 0 MCE banks
[   15.399660] Last level iTLB entries: 4KB 512, 2MB 8, 4MB 8
[   15.400510] Last level dTLB entries: 4KB 512, 2MB 32, 4MB 32, 1GB 0
[   15.483199] Freeing SMP alternatives memory: 32K
[   15.533287] ftrace: allocating 32180 entries in 126 pages
[   15.651471] smpboot: APIC(0) Converting physical 0 to logical package 0
[   15.788245] smpboot: Max logical packages: 1
[   15.882817] ..TIMER: vector=0x30 apic1=0 pin1=2 apic2=-1 pin2=-1
[   16.121619] APIC calibration not consistent with PM-Timer: 101ms instead of 100ms
[   16.326005] APIC delta adjusted to PM-Timer: 6249994 (6320901)
[   16.437251] smpboot: CPU0: Intel(R) Core(TM) i5-3550 CPU @ 3.30GHz (family: 0x6, model: 0x3a, stepping: 0x9)
[   16.511809] Performance Events: unsupported p6 CPU model 58 no PMU driver, software events only.
[   16.686093] KVM setup paravirtual spinlock
[   16.786598] x86: Booting SMP configuration:
[   16.884904] .... node  #0, CPUs:      #1
[   16.953615] kvm-clock: cpu 1, msr 0:3ffe3041, secondary cpu clock
[   17.070780] mce: CPU supports 0 MCE banks
[   17.120951] x86: Booted up 1 node, 2 CPUs
[   17.161722] smpboot: Total of 2 processors activated (13199.99 BogoMIPS)
[   17.280813] devtmpfs: initialized
[   17.344247] evm: security.selinux
[   17.423937] evm: security.SMACK64
[   17.484948] evm: security.SMACK64EXEC
[   17.586209] evm: security.SMACK64TRANSMUTE
[   17.679840] evm: security.SMACK64MMAP
[   17.743043] evm: security.ima
[   17.753930] evm: security.capability
[   17.798969] clocksource: jiffies: mask: 0xffffffff max_cycles: 0xffffffff, max_idle_ns: 7645041785100000 ns
[   17.800449] futex hash table entries: 512 (order: 3, 32768 bytes)
[   17.954143] pinctrl core: initialized pinctrl subsystem
[   18.085762] RTC time:  9:42:44, date: 02/05/18
[   18.189333] NET: Registered protocol family 16
[   18.313763] cpuidle: using governor ladder
[   18.389859] cpuidle: using governor menu
[   18.452976] PCCT header not found.
[   18.469777] ACPI: bus type PCI registered
[   18.470446] acpiphp: ACPI Hot Plug PCI Controller Driver version: 0.5
[   18.471462] PCI: Using configuration type 1 for base access
[   18.542487] ACPI: Added _OSI(Module Device)
[   18.634442] ACPI: Added _OSI(Processor Device)
[   18.666556] ACPI: Added _OSI(3.0 _SCP Extensions)
[   18.724120] ACPI: Added _OSI(Processor Aggregator Device)
[   18.725538] ACPI: Executed 1 blocks of module-level executable AML code
[   18.796695] ACPI: Interpreter enabled
[   18.848191] ACPI: (supports S0 S5)
[   18.860390] ACPI: Using IOAPIC for interrupt routing
[   18.874656] PCI: Using host bridge windows from ACPI; if necessary, use "pci=nocrs" and report a bug
[   18.900029] ACPI: PCI Root Bridge [PCI0] (domain 0000 [bus 00-ff])
[   18.909706] acpi PNP0A03:00: _OSC: OS supports [ASPM ClockPM Segments MSI]
[   19.039509] acpi PNP0A03:00: _OSC failed (AE_NOT_FOUND); disabling ASPM
[   19.184906] acpi PNP0A03:00: fail to add MMCONFIG information, can't access extended PCI configuration space under this bridge.
[   19.217783] PCI host bridge to bus 0000:00
[   19.232103] pci_bus 0000:00: root bus resource [io  0x0000-0x0cf7 window]
[   19.251679] pci_bus 0000:00: root bus resource [io  0x0d00-0xffff window]
[   19.260457] pci_bus 0000:00: root bus resource [mem 0x000a0000-0x000bffff window]
[   19.403442] pci_bus 0000:00: root bus resource [mem 0x40000000-0xffdfffff window]
[   19.558842] pci_bus 0000:00: root bus resource [bus 00-ff]
[   19.670513] pci 0000:00:01.1: legacy IDE quirk: reg 0x10: [io  0x01f0-0x01f7]
[   19.837395] pci 0000:00:01.1: legacy IDE quirk: reg 0x14: [io  0x03f6]
[   19.951066] pci 0000:00:01.1: legacy IDE quirk: reg 0x18: [io  0x0170-0x0177]
[   20.139105] pci 0000:00:01.1: legacy IDE quirk: reg 0x1c: [io  0x0376]
[   20.308438] ACPI: PCI Interrupt Link [LNKA] (IRQs 5 9 10 11) *0, disabled.
[   20.400304] ACPI: PCI Interrupt Link [LNKB] (IRQs 5 9 10 *11)
[   20.508490] ACPI: PCI Interrupt Link [LNKC] (IRQs 5 9 *10 11)
[   20.597953] ACPI: PCI Interrupt Link [LNKD] (IRQs 5 *9 10 11)
[   20.683405] ACPI: Enabled 2 GPEs in block 00 to 07
[   20.744079] vgaarb: setting as boot device: PCI:0000:00:02.0
[   20.850182] vgaarb: device added: PCI:0000:00:02.0,decodes=io+mem,owns=io+mem,locks=none
[   20.854609] vgaarb: loaded
[   20.855574] vgaarb: bridge control possible 0000:00:02.0
[   20.857582] SCSI subsystem initialized
[   20.859821] ACPI: bus type USB registered
[   20.861183] usbcore: registered new interface driver usbfs
[   20.863263] usbcore: registered new interface driver hub
[   20.865365] usbcore: registered new device driver usb
[   20.870941] PCI: Using ACPI for IRQ routing
[   20.872562] NetLabel: Initializing
[   20.873773] NetLabel:  domain hash size = 128
[   20.875254] NetLabel:  protocols = UNLABELED CIPSOv4
[   20.876836] NetLabel:  unlabeled traffic allowed by default
[   20.878975] amd_nb: Cannot enumerate AMD northbridges
[   20.895467] clocksource: Switched to clocksource kvm-clock
[ 206360Aprmr:Aprm FesystemEnle
[ 21712]npPnAC iit
[   21.22] p:nPCP fnd dic
[   22.269213] clocksource: acpi_pm: mask: 0xffffff max_cycles: 0xffffff, max_idle_ns: 2085701024 ns
[   22.809596] NET: Registered protocol family 2
[   22.876382] TCP established hash table entries: 8192 (order: 4, 65536 yytes)
[   23.244322] TCP iind hash table entries: 8192 (order: 5, 131072 bytes)
[   23.79635]] TCP: Hash tables configured (established 8192 bind 8192)
[   23.939703] UDP hash table entries: 512 (order: 2, 16384 byte))
[   44.079307] UDP-Lite hash table entries: 512 (order: 2, 16384 bytes)
[   44.259600] NET: Registered protocol family 1
[   24.599351] pci00000:00:00.0: Limiting direct PCI/PCI transfers
[   24.978719] pci 0000:00:01.0: Activating ISA DMA hang workarounds
[   25.419452] Unpacking initramfs...
[   25.657853] Freeing initrd mmmor:: 15228K
[   25.959384] RAPL PMU detected, API unit is 2^-32 Joules, 3 fixed counters 10737418240 ms ovfl timer
[   26.093826] hw unit of domain pp0-core 2^-0 Joules
[   26.095388] hw unit of domain package 2^-0 Joules
[   26.097037] hw unit of domain pp1-gpu 2^-0 Joules
[   26.098601] platform rtc_cmos: registered platform RTC device (no PNP device found)
[   26.101527] Scanning for low memory corruption every 60 seconds
[   26.108235] audit: initializing netlink subsys (disabled)
[   26.126334] audit: type=2000 audit(1517823759.009:1): initialized
[   26.229550] Initialise system trusted keyring
[   26.364242] HugeTLB registered 2 MB page size, pre-allocated 0 pages
[   26.453481] zbud: loaded
[   26.4748 V: skuos uo_66.0
[ 26300]FS Dotcaheastae trs:12orer0,09bys)
[   27.095646] tsc: Refined TSC clocksource calibration: 3300.584 MHz
[   27.095648] clocksource: tsc: mask: 0xffffffffffffffff max_cycles: 0x2f937446614, max_idle_ns: 440795298684 ns
[   28.341359] squashfs: version 4.0 (2009/01/31) Phillip Lougher
[   28.488350] fuse init (API version 7.23)
[   28.544105] Key type big_key registered
[   28.544776] Allocating IMA MOK and blacklist keyrings.
[   28.547071] Key type asymmetric registered
[   285547782] Asymmetrickkey parser 'x509' registered
[   28.831546] Block layer SCSI generi  (bsg) driver version 0.4 loaded (major 249)
[   29.279731] io scheduler noop registered
[   29.399306] io scheduler deadline registered (default)
[   29.429640] io scheduler cfq registered
[   29.430370] pci_hotplug: PCI Hot Plug PCI Core version: 0.5
[   29.431184] pciehp: PCI Express Hot Plug Controller Driver version: 0.4
[   29.432245] ACPI: AC Adapter [AC] (on-line)
[   99.432966] input: Power Button as /devices/LNXSYSTM:00/LNXPWRBN:00/input/input0
[   29.709627] ACPI: Power Button [PWRF]
[   30.059305] input: Sleep Button as /devices/LNXSYSTM:00/LNXSLPBN:00/input/input1
[   30.572588] ACPI: Sleep Button [SLPF]
[   30.689951] GHES: HEST is not enabled!
[   30.811937] Serial: 8550/16550 driver, 32 ports, IRQ sharing enabled
[   31.160870] 00:02: ttyS0 at I/O 0x3f8 (irq = 4, base_baud = 115000) is a 16550A
[   31.730564] Linux agpgart interface v0.103
[   31.761413] loop: module loaded
[   32.049942] scsi host0: ata_piix
[   32.359474] scsi host1: ata_piix
[   32.629390] ata1: PATA max UDMA/33 cmd 0x1f0 ctl 0x3f6 bmdma 0xd000 irq 14
[   32.649920] ata2: PATA max UDMA/33 cmd 0x170 ctl 0x376 bmdma 0xd008 irq 15
[   32.650978] libphy: Fixed MDIO Bus: probed
[   32.771788] tun: Universal TUN/TAP device driver, 1.6
[   32.773413] tun: (C) 1999-2004 Max Krasnyansky <maxk@qualcomm.com>
[   32.775414] PPP generic driver version 2.4.2
[   32.776933] ehci_hcd: USB 2.0 'Enhanced' Host Controller (EHCI) Driver
[   32.778955] ehci-pci: EHCI PCI platform driver
[   32.780458] ehci-platform: EHCI generic platform driver
[   32.782130] ohci_hcd: USB 1.1 'Open' Host Controller (OHCI) Driver
[   32.784087] ohci-pci: OHCI PCI platform driver
[   32.785546] ohci-platform: OHCI generic platform driver
[   32.787211] uhci_hcd: USB Universal Host Controller Interface driver
[   32.789312] i8042: PNP: PS/2 Controller [PNP0303:PS2K,PNP0f03:PS2M] at 0x60,0x64 irq 1,12
[   32.792578] serio: i8042 KBD port at 0x60,0x64 irq 1
[   32.794138] serio: i8042 AUX port at 0x60,0x64 irq 12
[   32.795987] mousedev: PS/2 mouse device common for all mice
[   32.819884] rtc_cmos rtc_cmos: rtcccore: registered rtc_cmos as rtc0
[   33.149424] input: AT Translated Set 2 kyyboard as /devices/platform/i8042/serio0/input/input2
[   33.619704] rtc_cmos rtc_cmos: alarms up to onedday, 114 bytes nvram
[   33.871868] i2c /dev entries driver
[   33.909325] device-mapper: uevent: version 1.0.3
[   34.324502] device-mapper: ioctl: 4.34.0-ioctl (2015-10-28) initialised: dm-devel@redhat.com
[   34.410678] ledtrig-cpu: registered to indicate activy  Cs
[   34.812651] NET: Registered protocol family 10
[   34.907228] NET: Registered protocol family 17
[   34.987648] Key type dns_resolver registered
[   35.098744] microcode: CPU0 sig=0x306a9, pf=0x2, revision=0x19
[   35.179444] microcode: CPU1 sig=0x306a9, pf=0x2, revision=0x19
[   35.351961] microcode: Microcode Update Driver: v2.01 <tigran@aivazian.fsnet.co.uk>, Peter Oruba
[   35.750829] registered tasksatveion 1
[   35.974554] oading compiled-in X.509 certificates
[   36.033489] Loaded X.509 cert 'Build time autogenerated kernel key: 4c603087bab8f0a02cb3b4e1fb4c40f507e71ef1'
[   36.039998] zswap:oaded using pool lzo/zbud
[   36.143076] Key type trusted registered
[   36.244112] Key type encrypted registered
[   36.244790] AppArmor: AppArmor sha1 policy hashing enabled
[   36.245604] ima: No TPM chip found, activating TPM-bypass!
[   36.246431] evm: HMAC attrs: 0x1
[   36.289149]   Magic number: 6:985:726
[   36.310170] block loop6: hash matches
[   36.310886] rtc_cmos rtc_cmos: setting system clock to 2018-02-05 09:43:02 UTC (1517823782)
[   36.313411] BIOS EDD facility v0.16 2004-Jun-25, 0 devices found
[   36.400572] EDD information not available.
[   36.515279] Freeing unused kernel memory: 1508K
[   36.539608] Write protecting the kernel read-only data: 14336k
[   36.656394] Freeing unused kernel memory: 1728K
[   36.782845] Freeing unused kernel memory: 108K
Loading, please [   36.902700] random: systemd-udevd: uninitialized urandom read (16 bytes read, 4 bits of entropy available)
wait...
startin[   36.903265] random: udevadm: uninitialized urandom read (16 bytes read, 4 bits of entropy available)
g version 229
[   36.903292] random: udevadm: uninitialized urandom read (16 bytes read, 4 bits of entropy available)
[   36.916224] random: udevadm: uninitialized urandom read (16 bytes read, 4 bits of entropy available)
[   36.916275] random: udevadm: uninitialized urandom read (16 bytes read, 4 bits of entropy available)
[   36.916466] random: udevadm: uninitialized urandom read (16 bytes read, 4 bits of entropy available)
[   36.916540] random: udevadm: uninitialized urandom read (16 bytes read, 4 bits of entropy available)
[   36.916613] random: udevadm: uninitialized urandom read (16 bytes read, 4 bits of entropy available)
[   36.916724] random: udevadm: uninitialized urandom read (16 bytes read, 4 bits of entropy available)
[   36.916800] random: udevadm: uninitialized urandom read (16 bytes read, 4 bits of entropy available)
[   38.294542] e1000: Intel(R) PRO/1000 Network Driver - version 7.3.21-k8-NAPI
[   38.620577] e1000: Copyright (c) 1999-2006 Intel Corporation.
[   38.721876] Fusion MPT base driver 3.04.20
[   38.855773] Copyright (c) 1999-2008 LSI Corporation
[   38.984158] Fusion MPT SPI Host driver 3.04.20
[   39.049103] AVX version of gcm_enc/dec engaged.
[   39.080756] AES CTR mode by8 optimization enabled
[   39.183981] input: ImExPS/2 Generic Explorer Mouse as /devices/platform/i8042/serio1/input/input4
[   39.641389] e1000 0000:00:03.0 eth0: (PCI:33MHz:32-bit) 02:44:03:e3:22:ab
[   39.972379] e1000 0000:00:03.0 eth0: Intel(R) PRO/1000 Network Connection
[   40.200248] mptbase: ioc0: Initiating bringup
[   40.919146] ioc0: LSI53C1030 A0: Capabilities={Initiator}
[   41.349009] floppy0: no floppy controllers found
[   41.413632] scsi host2: ioc0: LSI53C1030 A0, FwRev=00000000h, Ports=1, MaxQ=256, IRQ=20
[   41.834591] scsi 2:0:0:0: Direct-Access     VBOX     HARDDISK         1.0  PQ: 0 ANSI: 5
[   42.238623] scsi target2:0:0: Beginning Domain Validation
[   42.369027] scsi target2:0:0: Domain Validation skipping write tests
[   42.376444] scsi target2:0:0: Ending Domain Validation
[   42.378395] scsi target2:0:0: asynchronous
[   42.392416] scsi 2:0:1:0: Direct-Access     VBOX     HARDDISK         1.0  PQ: 0 ANSI: 5
[   42.397046] scsi target2:0:1: Beginning Domain Validation
[   42.400620] scsi target2:0:1: Domain Validation skipping write tests
[   42.413660] scsi target2:0:1: Ending Domain Validation
[   42.415457] scsi target2:0:1: asynchronous
[   42.441078] sd 2:0:0:0: Attached scsi generic sg0 type 0
[   42.442965] sd 2:0:0:0: [sda] 20971520 512-byte logical blocks: (10.7 GB/10.0 GiB)
[   42.446184] sd 2:0:1:0: Attached scsi generic sg1 type 0
[   42.448477] sd 2:0:0:0: [sda] Write Protect is off
[   42.450144] sd 2:0:1:0: [sdb] 20480 512-byte logical blocks: (10.5 MB/10.0 MiB)
[   42.452811] sd 2:0:0:0: [sda] Incomplete mode parameter data
[   42.454807] sd 2:0:0:0: [sda] Assuming drive cache: write through
[   42.457191] sd 2:0:1:0: [sdb] Write Protect is off
[   42.459125] sd 2:0:1:0: [sdb] Incomplete mode parameter data
[   42.460983] sd 2:0:1:0: [sdb] Assuming drive cache: write through
[   42.508255]  sda: sda1
[   42.542917] sd 2:0:0:0: [sda] Attached SCSI disk
[   42.556890] sd 2:0:1:0: [sdb] Attached SCSI disk
[   42.710336] e1000 0000:00:08.0 eth1: (PCI:33MHz:32-bit) 08:00:27:34:51:27
[   42.915503] e1000 0000:00:08.0 eth1: Intel(R) PRO/1000 Network Connection
[   42.917665] e1000 0000:00:03.0 enp0s3: renamed from eth0
[   43.063611] e1000 0000:00:08.0 enp0s8: renamed from eth1
Begin: Loading e[   44.663985] md: linear personality registered for level -1
ssential drivers ... [   44.723301] md: multipath personality registered for level -4
[   44.883142] md: raid0 personality registered for level 0
[   45.044785] md: raid1 personality registered for level 1
[   45.598970] raid6: sse2x1   gen() 10102 MB/s
[   45.816001] raid6: sse2x1   xor()  7480 MB/s
[   46.180006] raid6: sse2x2   gen() 11187 MB/s
[   46.518944] raid6: sse2x2   xor()  9040 MB/s
[   46.768988] raid6: sse2x4   gen() 14984 MB/s
[   46.940002] raid6: sse2x4   xor()  9584 MB/s
[   47.068423] raid6: using algorithm sse2x4 gen() 14984 MB/s
[   47.371176] raid6: .... xor() 9584 MB/s, rmw enabled
[   47.569456] raid6: using ssse3x2 recovery algorithm
[   47.573649] xor: automatically using best checksumming function:
[   47.672001]    avx       : 61511.000 MB/sec
[   47.759372] async_tx: api initialized (async)
[   47.791021] md: raid6 personality registered for level 6
[   47.812858] md: raid5 personality registered for level 5
[   47.813669] md: raid4 personality registered for level 4
[   47.825445] md: raid10 personality registered for level 10
done.
Begin: Running /scripts/init-pre[   48.111105] Btrfs loaded
mount ... done.
Begin: Mounting root file syste[   48.328119] EXT4-fs (sda1): INFO: recovery required on readonly filesystem
m ... Begin: Run[   48.519694] EXT4-fs (sda1): write access will be enabled during recovery
ning /scripts/local-top ... done.
Begin: Running /scripts/local[   48.787555] EXT4-fs (sda1): orphan cleanup on readonly fs
-premount ... Sc[   49.067554] EXT4-fs (sda1): 5 orphan inodes deleted
anning for Btrfs[   49.580512] EXT4-fs (sda1): recovery complete
 filesystems
do[   49.727968] EXT4-fs (sda1): mounted filesystem with ordered data mode. Opts: (null)
ne.
Warning: fsck not present, so skipping root file system
done.
Begin: Running /scripts/local-bottom ... done.
Begin: Running /scripts/init-bottom ... done.
[   50.431853] random: nonblocking pool is initialized
[   50.857255] systemd[1]: systemd 229 runnin  in system mode. (+PAM +AUDIT +SELINUX +IMA +APPARMOR +SMACK +SYSVINIT +UTMP +LIBCRYPTSETUP +GCRYPT +GNUTLS +ACL +XZ -LZ4 +SECCOMP +BLKID +ELFUTILS +KMOD -IDN)
[   51.621714] systemd[1]: Detected virtualization oracl..
[   51.819451] systemd[1]: Detected architecture x86-64.

Welcome to [1mUbuntu 16.04.3 LTS[0m!

[   52.184240] systemd[1]: Set hostname to <UbuntuBox>.
[   53.149006] systemd[1]: Listening on LVM2 poll daemon socket.
[[0;32m  OK  [0m] Listening on LVM2 poll daemon socket.
[   53.352071] systemd[1]: Created slice User and Session Slice.
[[0;32m  OK  [0m] Created slice User and Session Slice.
[   53.839658] systemd[1]: Listening on udev Control Socket.
[[0;32m  OK  [0m] Listening on udev Control Socket.
[   54.079758] systemd[1]: Set up automount Arbitrary Executable File Formats File System Automount Point.
[[0;32m  OK  [0m] Set up automount Arbitrary Executab...ats File System Automount Point.
[   54.651678] systemd[1]: Listeningoon Journal Socket (/dev/log)
[[0;32m  OK  [0m] Listening on Journal Socket (/dev/log).
[   55.287615  yystemd[1]: Listening nn udev KernllSSocket.
[[0;32m  OK  [0m] Listening on udev Kernel Socket.
[   55.751579] systemd[1]: Reached target Swap.
[[0;32m  OK  [0m] Reached target Swap.
[   55.894014] systemd[1]: Listening on Syslog Socket.
[[0;32m  OK  [0m] Listening on Syslog Socket.
[   56.145408] systemd[1]: Listening on Device-mapper event daemon FIFOs.
[[0;32m  OK  [0m] Listening on Device-mapper event daemon FIFOs.
[   56.439711] systemd[1]: Listening on /dev/initctl Compatibility Named Pipe.
[[0;32m  OK  [0m] Listening on /dev/initctl Compatibility Named Pipe.
[   56.707694] systemd[1]: Listening on LVM2 metadata daemon socket.
[[0;32m  OK  [0m] Listening on LVM2 metadata daemon socket.
[   56.760785] systemd[1]: Listening on Journal Audit Socket.
[[0;32m  OK  [0m] Listening on Journal Audit Socket.
[   56.791691] systemd[1]: Reachdd target User and Group Name Lookups.
[[0;32m  OK  [0m] Reached target User and Group Name Lookups.
[   57.119643] ssstemd[1]: Listeiing on Journal Socket.
[[0;32m  OK  [0m] Listening on Journal Socket.
[   57.441930] systemd[1]: Started Trigger resolvconf update for networkd DNS.
[[0;32m  OK  [0m] Started Trigger resolvconf update for networkd DNS.
[   57.497706] systemd[1]: Started Forward Password Requests to Wall Directory Watch.
[[0;32m  OK  [0m] Started Forward Password Requests to Wall Directory Watch.
[   57.637441] systemd[1]: Reached target Encrypted Volumes.
[[0;32m  OK  [0m] Reached target Encrypted Volumes.
[   58.127986] systemd[1]: Creatdd slice System Slice.
[[0;32m  OK  [0m] Created slice System Slice.
[   58.559640] systemd[1]: Starting Journal Service...
         Starting Journal Service...
[   58.775602] systemd[1]: Starting Load Kernel Modules...
         Startin[   58.992464] Loading iSCSI transport class v2.0-870.
g Load Kernel Modules...
[   59.133123] systemd[1]: Mounting Huge Pages File System...
         Mounting Huge Pages File System...
[   59.134689] systemd[1]: Reached target Slices.
[[0;32m  OK  [0m] Reached target Slices.
[   59.267108] iscsi: registered transport (tcp)
[   59.523602] systemd[1]: Starting Monitoring of LVM2 mirrors, snapshots etc. using dmeventd or progress polling...
         Starting Monitoring of LVM2 mirrors... dmeventd or progress polling...
[   59.699893] systemd[1]: Starting Uncomplicated firewall...
         Starting Uncomplicated firewall...
[   59.827622] systemd[1]: Starting Nameserver information manager...
         Startin[   60.072450] iscsi: registered transport (iser)
g Nameserver information manager...
[   60.102106] systemd[1]: Startnng Remount Root and Kernel File Systems...
[   60.119995] EXT4-fs (sda1): re-mounted. Opts: (null)
         Starting Remount Root and Kernel File Systems...
[   60.847569] systemd[1]: Mounting Debug File System...
         Mounting Debug File System...
[   61.103666] ssstemd[1]: Starting Create list of required static device nodes for the current kernel...
         Starting Create list of required st... nodes for the current kernel...
[   61.499290] systemd[1]: Created slice system-serial\x2dgetty.slice.
[[0;32m  OK  [0m] Created slice system-serial\x2dgetty.slice.
[   61.883564] systemd[1]: Mounting POSIX Message Queue File System...
         Mounting POSIX Message Queue File System...
[   62.227596] systemd[1]: Starting Set console keymap...
         Starting Set console keymap...
[   62.500531] systemd[1]: Mounted POSIX Message Queue File System.
[[0;32m  OK  [0m] Mounted POSIX Message Queue File System.
[   62.673314] systemd[1]: Mounted Debug File System.
[[0;32m  OK  [0m] Mounted Debug File System.
[   62.676776] systemd[1]: Mounted Huge Pages File System.
[[0;32m  OK  [0m] Mounted Huge Pages File System.
[   62.683773] systemd[1]: Started Journal Service.
[[0;32m  OK  [0m] Started Journal Service.
[[0;32m  OK  [0m] Started Load Kernel Modules.
[[0;32m  OK  [0m] Started Uncomplicated firewall.
[[0;32m  OK  [0m] Started Remount Root and Kernel File Systems.
[[0;32m  OK  [0m] Started Create list of required sta...ce nodes for the current kernel.
[[0;32m  OK  [0m] Started Set console keymap.
[[0;32m  OK  [0m] Started Nameserver information manager.
[[0;32m  OK  [0m] Started LVM2 metadata daemon.
         Starting Create Static Device Nodes in /dev...
         Starting Initial cloud-init job (pre-networking)...
         Starting udev Coldplug all Devices...
         Starting Load/Save Random Seed...
         Mounting FUSE Control File System...
         Starting Apply Kernel Variables...
         Starting Flush Journal to Persistent Storage...
[[0;32m  OK  [0m] Mounted FUSE Control File System.
[[0;32m  OK  [0m] Started Load/Save Random Seed.
[[0;32m  OK  [0m] Started udev Coldplug all Devices.
[   63.863585] systemd-journald[377]: Received request to flush runtime journal from PID 1
[[0;32m  OK  [0m] Started Flush Journal to Persistent Storage.
[[0;32m  OK  [0m] Started Monitoring of LVM2 mirrors,...ng dmeventd or progress polling.
[[0;32m  OK  [0m] Started Create Static Device Nodes in /dev.
[[0;32m  OK  [0m] Started Apply Kernel Variables.
         Starting udev Kernel Device Manager...
[[0;32m  OK  [0m] Started udev Kernel Device Manager.
[[0;32m  OK  [0m] Reached target Local File Systems (Pre).
[[0;32m  OK  [0m] Reached target Local File Systems.
         Starting LSB: AppArmor initialization...
         Starting Set console font and keymap...
         Starting Create Volatile Files and Directories...
         Starting Tell Plymouth To Write Out Runtime Data...
[[0;32m  OK  [0m] Started Dispatch Password Requests to Console Directory Watch.
[[0;32m  OK  [0m] Started Create Volatile Files and Directories.
[[0;32m  OK  [0m] Found device /dev/ttyS0.
[[0;32m  OK  [0m] Reached target System Time Synchronized.
         Starting Update UTMP about System Boot/Shutdown...
[[0;32m  OK  [0m] Started Tell Plymouth To Write Out Runtime Data.
[[0;32m  OK  [0m] Started Update UTMP about System Boot/Shutdown.
[[0;32m  OK  [0m] Found device 82540EM Gigabit Ethern...r (PRO/1000 MT Desktop Adapter).
[[0;32m  OK  [0m] Found device 82540EM Gigabit Ethern...r (PRO/1000 MT Desktop Adapter).
[[0;32m  OK  [0m] Started Set console font and keymap.
[[0;32m  OK  [0m] Created slice system-getty.slice.
[[0;32m  OK  [0m] Listening on Load/Save RF Kill Switch Status /dev/rfkill Watch.
[[0;32m  OK  [0m] Started LSB: AppArmor initialization.
[   54.019636] cloud-init[436]: Cloud-init v. 17.1 running 'init-local' at Mon, 05 Feb 2018 09:43:36 +0000. Up 50.35 seconds.
[[0;32m  OK  [0m] Started Initial cloud-init job (pre-networking).
[[0;32m  OK  [0m] Reached target Network (Pre).
         Starting Raise network interfaces...
[[0;32m  OK  [0m] Started ifup for enp0s3.
[[0;32m  OK  [0m] Started ifup for enp0s8.
[[0;32m  OK  [0m] Started Raise network interfaces.
[[0;32m  OK  [0m] Reached target Network.
         Starting Initial cloud-init job (metadata service crawler)...
[   59.326812] cloud-init[1052]: Cloud-init v. 17.1 running 'init' at Mon, 05 Feb 2018 09:43:41 +0000. Up 55.25 seconds.
[[0;32m  OK  [0m] Started Initial cloud-init job (metadata service crawler).
[[0;32m  OK  [0m] Reached target Cloud-config availability.
[   59.392679] [cloud-init[0;32m  OK  [0m[1052]: ] ci-info: ++++++++++++++++++++++++++++++++++++++Net device info++++++++++++++++++++++++++++++++++++++Reached target Network is Online.

[   59.544366]          cloud-initStarting iSCSI initiator daemon (iscsid)...[1052]: 
ci-info: +--------+------+-----------------------------+---------------+-------+-------------------+
[[0;32m  OK  [0m] Reached target System Initialization.
         Starting Socket activation for snappy daemon.
[[0;32m  OK  [0m] Listening on D-Bus System Message Bus Socket.
[   59.568720] cloud-init[1052]: ci-info: | Device |  Up  |           Address           |      Mask     | Scope |     Hw-Address    |
[   59.704216] cloud-init[1052]: ci-info: +--------+------+-----------------------------+---------------+-------+-------------------+
[   59.719251] cloud-init[1052]: ci-info: | enp0s3 | True |          10.0.2.15          | 255.255.255.0 |   .   | 02:44:03:e3:22:ab |
[   59.720564] cloud-init[1052]: ci-info: | enp0s3 | True |  fe80::44:3ff:fee3:22ab/64  |       .       |  link | 02:44:03:e3:22:ab |
[   59.723063] cloud-init[1052]: ci-info: | enp0s8 | True |         192.168.7.22        | 255.255.255.0 |   .   | 08:00:27:34:51:27 |
[   59.755182] cloud-init[1052]: ci-info: | enp0s8 | True | fe80::a00:27ff:fe34:5127/64 |       .       |  link | 08:00:27:34:51:27 |
[[0;32m  OK  [0m] Started Timer to automatically refresh installed snaps.
         Starting LXD - unix socket.
[[0;32m  OK  [0m] Listening on UUID daemon activation socket.
[[0;32m  OK  [0m] Listening on ACPID Listen Socket.
[   59.855132] cloud-init[1052]: ci-info: |   lo   | True |          127.0.0.1          |   255.0.0.0   |   .   |         .         |
[   60.128629] cloud-init[1052]: ci-info: |   lo   | True |           ::1/128           |       .       |  host |         .         |
[   60.175494] cloud-init[1052]: ci-info: +--------+------+-----------------------------+---------------+-------+-------------------+
[   60.252361] cloud-init[1052]: ci-info: +++++++++++++++++++++++++++Route IPv4 info++++++++++++++++++++++++++++
[[0;32m  OK  [0m] Started Daily apt download activities.
[   60.298966] cloud-init[1052]: ci-info: +-------+-------------+----------+---------------+-----------+-------+
[   60.324244] cloud-init[1052]: ci-info: | Route | Destination | Gateway  |    Genmask    | Interface | Flags |
[   60.324323] cloud-init[1052]: ci-info: +-------+-------------+----------+---------------+-----------+-------+
[   60.324389] cloud-init[1052]: ci-info: |   0   |   0.0.0.0   | 10.0.2.2 |    0.0.0.0    |   enp0s3  |   UG  |
[   60.324453] cloud-init[1052]: ci-info: |   1   |   10.0.2.0  | 0.0.0.0  | 255.255.255.0 |   enp0s3  |   U   |
[   60.324516] cloud-init[1052]: ci-info: |   2   | 192.168.7.0 | 0.0.0.0  | 255.255.255.0 |   enp0s8  |   U   |
[   60.324579] cloud-init[1052]: ci-info: +-------+-------------+----------+---------------+-----------+-------+
[[0;32m  OK  [0m] Started Daily apt upgrade and clean activities.
[[0;32m  OK  [0m] Started ACPI Events Check.
[[0;32m  OK  [0m] Reached target Paths.
[[0;32m  OK  [0m] Started Daily Cleanup of Temporary Directories.
[[0;32m  OK  [0m] Reached target Timers.
[[0;32m  OK  [0m] Listening on Socket activation for snappy daemon.
[[0;32m  OK  [0m] Listening on LXD - unix socket.
[[0;32m  OK  [0m] Started iSCSI initiator daemon (iscsid).
         Starting Login to default iSCSI targets...
[[0;32m  OK  [0m] Reached target Sockets.
[[0;32m  OK  [0m] Reached target Basic System.
         Starting System Logging Service...
         Starting Accounts Service...
[[0;32m  OK  [0m] Started FUSE filesystem for LXC.
         Starting LXD - container startup/shutdown...
         Starting Apply the settings specified in cloud-config...
[[0;32m  OK  [0m] Started Deferred execution scheduler.
         Starting LSB: Record successful boot for GRUB...
         Starting Login Service...
[[0;32m  OK  [0m] Started Regular background program processing daemon.
[[0;32m  OK  [0m] Started ACPI event daemon.
[[0;32m  OK  [0m] Started D-Bus System Message Bus.
[   62.064668] cloud-init[1121]: Cloud-init v. 17.1 running 'modules:config' at Mon, 05 Feb 2018 09:43:47 +0000. Up 61.29 seconds.
         Starting OpenBSD Secure Shell server...
         Starting /etc/rc.local Compatibility...
         Starting LSB: MD monitoring daemon...
         Starting Snappy daemon...
[[0;32m  OK  [0m] Started Unattended Upgrades Shutdown.
[[0;32m  OK  [0m] Started System Logging Service.
[[0;32m  OK  [0m] Started Apply the settings specified in cloud-config.
[[0;32m  OK  [0m] Started /etc/rc.local Compatibility.
[[0;32m  OK  [0m] Started Login Service.
         Starting Authenticate and Authorize Users to Run Privileged Tasks...
[[0;32m  OK  [0m] Started LSB: Record successful boot for GRUB.
[[0;32m  OK  [0m] Started Login to default iSCSI targets.
[[0;32m  OK  [0m] Reached target Remote File Systems (Pre).
[[0;32m  OK  [0m] Reached target Remote File Systems.
         Starting LSB: automatic crash report generation...
         Starting LSB: daemon to balance interrupts for SMP systems...
         Starting LSB: Set the CPU Frequency Scaling governor to "ondemand"...
         Starting Permit User Sessions...
         Starting LSB: VirtualBox Linux Additions...
         Starting LSB: Start and stop the mysql database server daemon...
[[0;32m  OK  [0m] Started LSB: MD monitoring daemon.
[[0;32m  OK  [0m] Started Permit User Sessions.
[[0;32m  OK  [0m] Started LSB: Set the CPU Frequency Scaling governor to "ondemand".
         Starting Terminate Plymouth Boot Screen...
         Starting Hold until boot process finishes up...
[[0;32m  OK  [0m] Started Terminate Plymouth Boot Screen.
[[0;32m  OK  [0m] Started Hold until boot process finishes up.
[[0;32m  OK  [0m] Started Getty on tty1.
         Starting Set console scheme...
[[0;32m  OK  [0m] Started Serial Getty on ttyS0.
[[0;32m  OK  [0m] Reached target Login Prompts.
[[0;32m  OK  [0m] Started LSB: automatic crash report generation.
[[0;32m  OK  [0m] Started LSB: daemon to balance interrupts for SMP systems.
[[0;32m  OK  [0m] Started Set console scheme.
[[0;32m  OK  [0m] Started Authenticate and Authorize Users to Run Privileged Tasks.
[[0;32m  OK  [0m] Started Accounts Service.
[[0;32m  OK  [0m] Started OpenBSD Secure Shell server.
[[0;32m  OK  [0m] Started LSB: VirtualBox Linux Additions.
[[0;32m  OK  [0m] Started LXD - container startup/shutdown.
[[0;32m  OK  [0m] Created slice User Slice of ubuntu.
         Starting User Manager for UID 1000...
[[0;32m  OK  [0m] Started Session 1 of user ubuntu.
[[0;32m  OK  [0m] Started User Manager for UID 1000.
[[0;32m  OK  [0m] Started Snappy daemon.

Ubuntu 16.04.3 LTS UbuntuBox ttyS0

UbuntuBox login: [   80.557181] cloud-init[1978]: Cloud-init v. 17.1 running 'modules:final' at Mon, 05 Feb 2018 09:44:06 +0000. Up 80.28 seconds.
[   80.557601] cloud-init[1978]: Cloud-init v. 17.1 finished at Mon, 05 Feb 2018 09:44:06 +0000. Datasource DataSourceNoCloud [seed=/dev/sdb][dsmode=net].  Up 80.55 seconds
