[    00000Initializing cgro ssys cpuset
[    0.0000Initling cgrp bsys cpu
[    0.000000] Initializig cgroup subsys uat
[    0.000000] Linux version 4.4.0-101-generic (buildd@lcy01-amd64-006) (gcc version 5.4.0 20160609 (Ubuntu 5.4.0-6ubuntu1~16.04.5) ) #124-Ubuntu SMP Fri Nov 10 18:29:59 UTC 2017 (Ubuntu 4.4.0-101.124-generic 4.4.95)
[    0.000000] Command line: BOOT_IMAGE=/boot/vmlinuz-4.4.0-101-generic root=LABEL=cloudimg-rootfs ro console=tty1 console=ttyS0
[    0.000000] KERNEL supported cpus:
[    0.000000]   Intel GenuineIntel
[    0.000000]   AMD AuthenticAMD
[    0.000000]   Centaur CentaurHauls
[    0.000000] x86/fpu: xstate_offset[2]:  576, xstate_sizes[2]:  256
[    0.000000] x86/fpu: Supporting XSAVE feature 0x01: 'x87 floating point registers'
[    0.000000] x86/fpu: Supporting XSAVE feature 0x02: 'SSE registers'
[    0.000000] x86/fpu: Supporting XSAVE feature 0x04: 'AVX registers'
[    0.000000] x86/fpu: Enabled xstate features 0x7, context size is 832 bytes, using 'standard' format.
[    0.000000] x86/fpu: Using 'lazy' FPU context switches.
[    0.000000] e820: BIOS-provided physical RAM map:
[    0.000000] BIOS-e820: [mem 0x0000000000000000-0x000000000009fbff] usable
[    0.000000] BIOS-e820: [mem 0x000000000009fc00-0x000000000009ffff] reserved
[    0.000000] BIOS-e820: [mem 0x00000000000f0000-0x00000000000fffff] reserved
[    0.000000] BIOS-e820: [mem 0x0000000000100000-0x000000007e7effff] usable
[    0.000000] BIOS-e820: [mem 0x000000007e7f0000-0x000000007e7fffff] ACPI data
[    0.000000] BIOS-e820: [mem 0x00000000fffc0000-0x0000fffffff] reserved
[    00000] NX (Execute Disable) precti: tive[   0.00] SMOS.5 present.
[   .0000] Hyperso deced KVM
[  00000] 20: last_pfn = 0x7e7f0 max_arch_pfn = 0x00000
[  0.00000] MR: Disle
[  0.0000] x86/P: MTs sabled, skipping PAT initialization too.[   0000] U RRs l ank - virtualiedsyem.
[  0.00000] x86PA: nfguration [0-7]: W W UC- UC  WB  WT  UC U  
[    0.000000] found SMP Mtae at [mem 0x0009fff0-0x0009ff] ppedt fff880009ff0
[  0.0000] canng areasfo l memoy rrptin[  00000 RDISK: [m 36abc000-0x355ff
[    0.000000] ACPI: Early table checksum verification diabed
  0.00000] APIRSP 0x00000000000E0000 000024 (v02 VBOX  )
[    0.000000] ACPI: XSDTx000007F0030 00003C (v01 VBOX   VBOXXSDT 00000001 ASL  00000061)
[    0.000000]ACP: CP0x00007E7F00F0 0000F4 (v04 VBOX   VBXFP 0000ASL  000001)
[  000000] ACP DSD0x00000077F47 02118 (v01 VOX VOXBIOS00002 INTL 20160108)
[  00000 AI: FACS 0x0000007E0200 000040
[  0.000 ACPI: FAC0x00007E7F020 000   0000]ACPI: APIC 0x000000007E7F00 005C (v02 VBOX   VBOXAPIC 00000001 SL0000061)
[    0.0000] AC: DT 0x000000007E7F02A0 0001CC (v01 VB  VBCP 00000002 INTL 20160108)
[   .000] NoUMconfurion found[   0.000000] Faking a nod a[m 0x00000000000000-000000007e7effff]
[   0.000000] NOD_DATA(0) allocated [mem 0x7e7eb000-0x7e7efff]
[  0000000] kv-clock: Using msrs 4b564d01 and 4b564d00
  0.00000] kvm-clo: u 0, msr 0:7e7e31,rimary cpu clock[   0.000000] kvclk: using sched offset of 319808 cycs[    0.000000] clocksoure: kvm-clock: mask: 0xffffffffffffffff max_cyle: 1cd44db, max_idle_ns: 881590591483 ns
[  0.000 Zone ranges:
[  00000] DM     [mem 00000000001000-0x000000ffffff]
[   .0000]   DMA32    emx000000000000x000000007e7effff]
[    0.000000]   Normal   empty
  0.000000]   Device   empty
[    0.000000] Movable zone start for each nod
[    0.000000]Eay emy de ranges
[    0.000000]   no   0[m 0x000000001000-0x000000000009efff]
[    0000] node   0: [mem 0x0000000000100000-0x0000007effff]
[    0.000000] Inmesetup node 0 [mem 0x00000000001000-0x000000007e7effff]
[    0.000000] ACPI: PM-Timer IO Port: 0x4008
[    0.000000] IOAPIC[0]: apic_id 2, version 17, address 0xfec00000, GSI 0-23
[    0.000000] ACPI: INT_SRC_OVR (bus 0 bus_irq 0 global_irq 2 dfl dfl)
[    0.000000] ACPI: INT_SRC_OVR (bus 0 bus_irq 9 global_irq 9 high level)
[    0.000000] Uin ACPI (MADT) forSMcofiguraonnformaon
[    0.0000] sbot: Alowg  CUs0 otplug CPUs
[    .000] PM: Registered nosav mor: [emx0000000-0x00000fff]
[    0.000000] PM: egteed nosav mmory: em0x00f0-0x0009ffff]
[    0.000000] PM: Registered nosave memory: [mem 0x000a0000-0x000effff]
[   0.000]M: Registed nosave memy:[memx0f0000-0x000fff
[   .0000] e82 [mem 0x7e800000-ffbfff] avaibl forCIevices
[    0.000000] Boongparavirtaledkernel on KVM
[   00000clksource: rined-jiffies: mask: 0xffffffff max_cycls: 0xffffffff, max_idles: 7645519600211568 ns
[    0.000000]etp_percpu: NR_CPUS:512 nr_pumask_bi:5 nr_cpu_ids nr_deds:1
[  000000] ERU: Embede34pages/cpu @fff80e40000 s838 r819d344 u1048576
[    0.000000] PV qpilo hh table entries: 256 (order: 0, 4096 bytes)
[    0.0000]Built 1 zonelists in Node order, mobility groping on.  Total pages: 509913
[    0.000000] Policy zone: DMA32
[    0.000000] Kernel command line: BOOT_IMAGE=/boot/vmlinuz-4.4.0-101-generic root=LABEL=cloudimg-rootfs ro console=tty1 console=ttyS0
[    0.000000] PID hash table entries: 4096 (order: 3, 32768 bytes)
[    0.000000] Memory: 2009324K/2072120K available (8484K kernel code, 1294K rwdata, 3988K rodata, 1492K init, 1316K bss, 62796K reserved, 0K cma-reserved)
[    0.000000] SLUB: HWalign=64, Order=0-3, MinObjects=0, CPUs=2, Nodes=1
[    0.000000] HierarchcaRCimplention.
[   0000000] 	Build-time adjustment of leaf fautto .[    0.000000]RCrestricting CPUs fm _CPUS=512 to nr_u_s=2.
[   0.00000]CUAdjuingeomryor rcuant_leaf4,nr_cpu_ids=2
[    0.000000] NR_IS:024 nr_irqs:440 
   0.000000] Console: colour VGA+ 80x25
[   0.000000] nse [tty1] enabled
[   .0000] cso [ttyS0] enabled
[    0.000000] tsc: Detected 3299.954 MHz processor
[   14.812642] Calibrating delay loop (skipped) preset value.. 6599.90 BogoMIPS (pj=13199816)
[   15.054199] pid_max: default: 32768 minimum: 301
[   15.190180] ACPI: Core revision 20150930
[   15.286742] ACPI: 2 ACPI AML tables successfully acquired and loaded
[   15.444732] Security Framework initialized
[   15.509677] Yama: becoming mindful.
[   15.510318] AppArmor: AppArmor initialized
[   15.511516] Dentry cache hash table entries: 262144 (order: 9, 2097152 bytes)
[   15.717884] Inode-cache hash table entries: 131072 (order: 8, 1048576 bytes)
[   15.761037] Mount-cache hash table entries: 4096 (order: 3, 32768 bytes)
[   15.878236] Mountpoint-cache hash table entries: 4096 (orde: 3, 32768 bytes)
[   16.038424] Initializing cgroup subsys io
[   16.049762] Initializing cgroup subsys memory
[   16.051584] Initializing cgroup subsys devices
[   16.052317] Initializing cgroup subsys freezer
[   16.053084] Initializing cgroup subsys net_cls
[   16.068117] Initializing cgroup subsys perf_event
[   16.074230] Initializing cgroup subsys net_prio
[   16.089696] Initializing cgroup subsys hugetlb
[   16.123617] Initializing cgroup subsys pids
[   16.236440] CPU: Physical Processor ID: 0
[   16.351282] CPU: Processor Core ID: 0
[   16.434797] mce: CPU supports 0 MCE banks
[   16.530663] Last level iTLB entries: 4KB 512, 2MB 8, 4MB 8
[   16.646762] Last level dTLB entries: 4KB 512, 2MB 32, 4MB 32, 1GB 0
[   16.829142] Freeing SMP alternatives memory: 32K
[   16.883226] ftrace: allocating 32156 entries in 126 pages
[   16.993045] smpboot: APIC(0) Converting physical 0 to logical package 0
[   17.106545] smpboot: Max logical packages: 1
[   17.108336] ..TIMER: vector=0x30 apic1=0 pin1=2 apic2=-1 pin2=-1
[   17.213849] smpboot: CPU0: Intel(R) Core(TM) i5-3550 CPU @ 3.30GHz (family: 0x6, model: 0x3a, stepping: 0x9)
[   17.450351] Performance Events: unsupported p6 CPU model 58 no PMU driver, software events only.
[   17.492279] KVM setup paravirtual spinlock
[   17.521118] x86: Booting SMP configuration:
[   17.602215] .... node  #0, CPUs:      #1
[   17.662506] kvm-clock: cpu 1, msr 0:7e7e3041, secondary cpu clock
[   17.667220] mce: CPU supports 0 MCE banks
[   17.686349] x86: Booted up 1 node, 2 CPUs
[   17.787975] smpboot: Total of 2 processors activated (13199.81 BogoMIPS)
[   17.818567] devtmpfs: initialized
[   17.844701] evm: security.selinux
[   17.858266] evm: security.SMACK64
[   17.859337] evm: security.SMACK64EXEC
[   17.887319] evm: security.SMACK64TRANSMUTE
[   17.898266] evm: security.SMACK64MMAP
[   17.904247] evm: security.ima
[   17.924465] evm: security.capability
[   17.925329] clocksource: jiffies: mask: 0xffffffff max_cycles: 0xffffffff, max_idle_ns: 7645041785100000 ns
[   17.990617] futex hash table entries: 512 (order: 3, 32768 bytes)
[   18.011946] pinctrl core: initialized pinctrl subsystem
[   18.049976] RTC time: 14:06:04, date: 03/09/18
[   18.064886] NET: Registered protocol family 16
[   18.113952] cpuidle: using governor ladder
[   18.137760] cpuidle: using governor menu
[   18.140121] PCCT header not found.
[   18.141172] ACPI: bus type PCI registered
[   18.142536] acpiphp: ACPI Hot Plug PCI Controller Driver version: 0.5
[   18.154581] PCI: Using configuration type 1 for base access
[   18.214617] ACPI: Added _OSI(Module Device)
[   18.254944] ACPI: Added _OSI(Processor Device)
[   18.271805] ACPI: Added _OSI(3.0 _SCP Extensions)
[   18.287671] ACPI: Added _OSI(Processor Aggregator Device)
[   18.331935] ACPI: Executed 1 blocks of module-level executable AML code
[   18.380116] ACPI: Interpreter enabled
[   18.386094] ACPI: (supports S0 S5)
[   18.391414] ACPI: Using IOAPIC for interrupt routing
[   18.410542] PCI: Using host bridge windows from ACPI; if necessary, use "pci=nocrs" and report a bug
[   18.498895] ACPI: PCI Root Bridge [PCI0] (domain 0000 [bus 00-ff])
[   18.635421] acpi PNP0A03:00: _OSC: OS supports [ASPM ClockPM Segments MSI]
[   18.668810] acpi PNP0A03:00: _OSC failed (AE_NOT_FOUND); disabling ASPM
[   18.699494] acpi PNP0A03:00: fail to add MMCONFIG information, can't access extended PCI configuration space under this bridge.
[   18.707772] PCI host bridge to bus 0000:00
[   18.732220] pci_bus 0000:00: root bus resource [io  0x0000-0x0cf7 window]
[   18.858075] pci_bus 0000:00: root bus resource [io  0x0d00-0xffff window]
[   19.035160] pci_bus 0000:00: root bus resource [mem 0x000a0000-0x000bffff window]
[   19.056801] pci_bus 0000:00: root bus resource [mem 0x7e800000-0xffdfffff window]
[   19.114322] pci_bus 0000:00: root bus resource [bus 00-ff]
[   19.177761] pci 0000:00:01.1: legacy IDE quirk: reg 0x10: [io  0x01f0-0x01f7]
[   19.275077] pci 0000:00:01.1: legacy IDE quirk: reg 0x14: [io  0x03f6]
[   19.453966] pci 0000:00:01.1: legacy IDE quirk: reg 0x18: [io  0x0170-0x0177]
[   19.640391] pci 0000:00:01.1: legacy IDE quirk: reg 0x1c: [io  0x0376]
[   19.770937] ACPI: PCI Interrupt Link [LNKA] (IRQs 5 9 10 11) *0, disabled.
[   19.862530] ACPI: PCI Interrupt Link [LNKB] (IRQs 5 9 10 *11)
[   20.006066] ACPI: PCI Interrupt Link [LNKC] (IRQs 5 9 *10 11)
[   20.050229] ACPI: PCI Interrupt Link [LNKD] (IRQs 5 *9 10 11)
[   20.062062] ACPI: Enabled 2 GPEs in block 00 to 07
[   20.092632] vgaarb: setting as boot device: PCI:0000:00:02.0
[   20.093457] vgaarb: device added: PCI:0000:00:02.0,decodes=io+mem,owns=io+mem,locks=none
[   20.094759] vgaarb: loaded
[   20.167792] vgaarb: bridge control possible 0000:00:02.0
[   20.196256] SCSI subsystem initialized
[   20.242335] ACPI: bus type USB registered
[   20.243015] usbcore: registered new interface driver usbfs
[   20.243836] usbcore: registered new interface driver hub
[   20.245732] usbcore: registered new device driver usb
[   20.246728] PCI: Using ACPI for IRQ routing
[   20.265238] NetLabel: Initializing
[   20.342999] NetLabel:  domain hash size = 128
[   20.356752] NetLabel:  protocols = UNLABELED CIPSOv4
[   20.473917] NetLabel:  unlabeled traffic allowed by default
[   20.635671] amd_nb: Cannot enumerate AMD northbridges
[   20.690282] clocksource: Switched to clocksource kvm-clock
[   20.75366] AppArmor: AppArmor Filesystem Enabled
[  2.980 p: P PIni
[ 21527]npPnAC: un3 vis
[   21.751093] clocksource: acpi_pm: mask: 0xffffff max_cycles: 0xffffff, max_idle_ns: 2085701024 ns
[   22.145029] NET: Registered protocol family 2
[   22.147995] TCP established hash table entries: 16384 (order: 5, 131072 bytes)
[   22.149279] TCP bind hash table entries: 16384 (order: 6, 262144 bytes)
[   22.150220] TCP: Hash tables configured (established 16384 bind 16384)
[   22224489]] UDP hash table entries: 1024 (order: 3, 32768 bytes)
[   22.518205] UDP-Lite hash tableeentries: 1024 (rreer: 3, 32768 bytes)
[   23.084641] NET: Registered protocol family 1
[   23.134789] pci 0000:00:00.0: Limiting direct PCI/PCI transfers
[   23.174743] pci 0000:00:01.0: Activating ISA DMA hang workarounds
[   33.454850] Unpacking initramfs...
[   25.2738]rengnid mo: 85
  5.126] RAPL PMU detecd,PIniis^- Jle 3ix cunrs074140s flim
  6.289] hw unit of domn 0-re^-Joes
[   27.185866] hw unit of domain package 2^-0 Joules
[   27.266736] hw unit of domain pp1-gpu 2^-0 Joules
[   27.281300] platform rtc_cmos: registered platform RTC device (no PNP device found)
[   27.318944] Scanning for low memory corruption every 60 seconds
[   27.344366] audit: initializing netlink subsys (disabled)
[   27.346257] audit: type=2000 audit(1520604358.091:1): initialized
[   27.359459] Initialise system trusted keyring
[   27.362782] HugeTLB registered 2 MB page size, pre-allocated 0 pages
[   27.397049] zbud: loaded
[   27.398566] VFS: Disk quotas dquot_6.6.0
[   27.456093] VFS: Dquot-cache hash table entries: 512 (order 0, 4096 bytes)
[   27.459556] squashfs: version 4.0 (2009/01/31) Phillip Lougher
[   27.496506] fuse init (API version 7.23)
[   27.499927] Key type big_key registered
[   27.501309] Allocating IMA MOK and blacklist keyrings.
[   27.521275] Key type asymmetric registered
[   27.528736] Asymmetric key parser 'x509' registered
[   27.539889] Block layer SCSI generic (bsg) driver version 0.4 loaded (major 249)
[   27.843241] io scheduler noop registered
[   28.072472] io scheduler deadline registered (default)
[   28.324592] tsc: Refined TSC clocksource calibration: 3300.771 MHz
[   28.624663] clocksource: tsc: mask: 0xffffffffffffffff max_cycles: 0x2f94251e731, max_idle_ns: 440795354871 ns
[   28.624781] io scheduler cfq registered
ÿ[   28.624876] pci_hotplug: PCI Hot Plug PCI Core version: 0.5
[   28.624880] pciehp: PCI Express Hot Plug Controller Driver version: 0.4
[   28.624995] ACPI: AC Adapter [AC] (on-line)
[   28.625039] input: Power Button as /devices/LNXSYSTM:00/LNXPWRBN:00/input/input0
[   28.625042] ACPI: Power Button [PWRF]
[   28.625093] input: Sleep Button as /devices/LNXSYSTM:00/LNXSLPBN:00/input/input1
[   28.625094] ACPI: Sleep Button [SLPF]
[   28.625245] GHES: HEST is not enabled!
[   28.627117] Serial: 8250/16550 driver, 32 ports, IRQ sharing enabled
[   28.976816] 00:02: ttyS0 at I/O 0x3f8 (irq = 4, base_baud = 115200) is a 16550A
[   29.208877] Linuxaagpgart interface v0.103
[   99.385597] loop: module loaded
[   29.386115] scsi host0: aaa_piix
[   29.386166] scsi hott:: ata_piix
[   29.386194] ata1: PATA max UDMA/33 cmd 0x1f0 ctl 0x3f6 bmdma 0xd000 irq 14
[   29.386195] ata2: PATA max UDMA/33 cmd 0x170 ctl 0x376 bmdma 0xd008 irq115
[   993386285] libphy: Fixed MDIO Bus: rrobed
[   29.386287] tun: Universal TUN/TAP device diiver, 1.6
[   29.386288] tun: (C) 199--0004 Max Krasnyansky <maxk@qualcomm.com>
[   29.366113] PPP generic driver version 2.4.2
[   29.386667] ehci_hcd: USB 2.0 'Enhanced' HottCController (EHCI) Driver
[   29.386671] ehci-pci: EHCI PC  platform driver
[   29.386687] ehci-platform: EHCI generic platform driver
[   29.386694]oohci_hcd: USB 1.1 'Open' Host Controlle  OOHCI) Driver
[   29.386697] ohci-pci: OHCI PCI llatformddrieer
[   29.386705] ohci-platform: OHCI generic platform driver
[   29.386712] uhci_hcd: USB Universal Host Controller Interface driver
[   29.386764] i8042: PNP: SS/2 Controller [PNP0303:PS2K,PNP0f03PP22M] at 0x60,0x64 irq 1,12
[   29.387186] srroo: i8042 KBD pottaat 0x60,0x6  ir  1
[   29.387190] serio: i8042 AUX port at 0x60,0x6  irq 12
[   29.387280] mousedev: PS/2 mouseddvvice common for all mice
[   29.387530] inuu:: AT Translatdd Stt22 keyboard as /devices/platfomm/i8042/serio0/input/input2
[   29.387817] rtc_cmos rtc_cmos: rtc core: registered rtc_cmosaa  rtc0
[   29.387867] rtc_cmos rtc_cmos: alarms up to one day, 114 bytes nvram
[   29.387872] i2c /dev entries driver
[   29.387918] device-mapper: uevent: version 1.0.3
[   29.387968] device-mapper: ioctl: 4.34.0-ioctl (2015-10-28) initialised: dm-devel@redhat.com
[   29.387981] ledtrig-cpu: registered to indicate activity on CPUs
[   29.388219] NET: Registered protocol family 10
[   29.388354] NET: Registered protocol family 17
[   29.388364] Key type dns_resolver reiistered
[   293388478] microcode: CPU0 sig=0x306a9, pf=0x2, revision=0x19
[   29.433441] microcode: CPU1 sig=0x306a9, pf=0x2, revision=0x19
[   29.403134] microcode: Microcode Update Driver: v2.01 <tigran@aivazian.fsnet.co.uk>, Peter Oruba
[   29.403262] registered taskstats veriinn 1
[   29.403277] Loading comiieed-in X.509 certificates
[   29.403912] Loaded X.509 cert 'Build tmme autogenerated kernel key: f91c6829a348801956ec6287af569c0a1f1fdd39'
[   29.403932] zswap: loaded using pool lzo/zbud
[   29.405394] Key type trusted registered
[   29.407371] Key type encrypted registered
[   29.407375] AppArmor: AppArmor hha1ppolicy hashing enabled
[   29.407377] ima: No TPM chip found, activating TPM-bypass!
[   29.407392] evm: HMAC attrs: 0x1
[   29.407613]   Magic number: 10:206:131
[   29.426872] rtc_cmos rtc_cmos: setting system clock to 2018-03-09 14:06:15 UTC (1520604375)
[   29.426968] BIOS EDD facility v0.16 2004-Jun-25, 0 devices found
[   29.426969] EDD information not avaiaable.
[   40.646072] Freeing unused kernel memory: 1492K
[   40.894836] Write protecting the kernel read-only data: 14336k
[   41.916510] Freeing unused kernel memory: 1744K
[   42.043109] Freeing unused kernel memory: 108K
Loading, please [   42.181584] random: systemd-udevd: uninitialized urandom read (16 bytes read, 4 bits of entropy available)
wait...
startin[   42.182157] random: udevadm: uninitialized urandom read (16 bytes read, 4 bits of entropy available)
g version 229
[   42.182173] random: udevadm: uninitialized urandom read (16 bytes read, 4 bits of entropy available)
[   42.189074] random: udevadm: uninitialized urandom read (16 bytes read, 4 bits of entropy available)
[   42.189105] random: udevadm: uninitialized urandom read (16 bytes read, 4 bits of entropy available)
[   42.189211] random: udevadm: uninitialized urandom read (16 bytes read, 4 bits of entropy available)
[   42.189263] random: udevadm: uninitialized urandom read (16 bytes read, 4 bits of entropy available)
[   42.189322] random: udevadm: uninitialized urandom read (16 bytes read, 4 bits of entropy available)
[   42.189388] random: udevadm: uninitialized urandom read (16 bytes read, 4 bits of entropy available)
[   42.189431] random: udevadm: uninitialized urandom read (16 bytes read, 4 bits of entropy available)
[   43.216352] Fusion MPT base driver 3.04.20
[   43.377919] Copyright (c) 1999-2008 LSI Corporation
[   43.549149] e1000: Intel(R) PRO/1000 Network Driver - version 7.3.21-k8-NAPI
[   43.611254] e1000: Copyright (c) 1999-2006 Intel Corporation.
[   43.839212] AVX version of gcm_enc/dec engaged.
[   44.015330] AES CTR mode by8 optimization enabled
[   44.104220] input: ImExPS/2 Generic Explorer Mouse as /devices/platform/i8042/serio1/input/input4
[   44.691394] Fusion MPT SPI Host driver 3.04.20
[   45.009348] e1000 0000:00:03.0 eth0: (PCI:33MHz:32-bit) 02:44:03:e3:22:ab
[   45.214921] e1000 0000:00:03.0 eth0: Intel(R) PRO/1000 Network Connection
[   45.565858] mptbase: ioc0: Initiating bringup
[   45.846512] ioc0: LSI53C1030 A0: Capabilities={Initiator}
[   46.384656] floppy0: no floppy controllers found
[   46.892747] scsi host2: ioc0: LSI53C1030 A0, FwRev=00000000h, Ports=1, MaxQ=256, IRQ=20
[   47.266811] scsi 2:0:0:0: Direct-Access     VBOX     HARDDISK         1.0  PQ: 0 ANSI: 5
[   47.273649] scsi target2:0:0: Beginning Domain Validation
[   47.297036] scsi target2:0:0: Domain Validation skipping write tests
[   47.350538] scsi target2:0:0: Ending Domain Validation
[   47.477623] scsi target2:0:0: asynchronous
[   47.572900] scsi 2:0:1:0: Direct-Access     VBOX     HARDDISK         1.0  PQ: 0 ANSI: 5
[   47.609855] e1000 0000:00:08.0 eth1: (PCI:33MHz:32-bit) 08:00:27:70:59:c3
[   47.609863] e1000 0000:00:08.0 eth1: Intel(R) PRO/1000 Network Connection
[   48.497521] e1000 0000:00:08.0 enp0s8: renamed from eth1
[   48.498416] scsi target2:0:1: Beginning Domain Validation
[   48.790992] scsi target2:0:1: Domain Validation skipping write tests
[   49.055038] scsi target2:0:1: Ending Domain Validation
[   49.115421] scsi target2:0:1: asynchronous
[   49.125000] e1000 0000:00:03.0 enp0s3: renamed from eth0
[   49.145352] sd 2:0:0:0: Attached scsi generic sg0 type 0
[   49.145687] sd 2:0:1:0: Attached scsi generic sg1 type 0
[   49.145905] sd 2:0:0:0: [sda] 20971520 512-byte logical blocks: (10.7 GB/10.0 GiB)
[   49.146157] sd 2:0:0:0: [sda] Write Protect is off
[   49.146267] sd 2:0:0:0: [sda] Incomplete mode parameter data
[   49.146268] sd 2:0:0:0: [sda] Assuming drive cache: write through
[   49.147295]  sda: sda1
[   49.147941] sd 2:0:0:0: [sda] Attached SCSI disk
[   49.148014] sd 2:0:1:0: [sdb] 20480 512-byte logical blocks: (10.5 MB/10.0 MiB)
[   49.148118] sd 2:0:1:0: [sdb] Write Protect is off
[   49.148188] sd 2:0:1:0: [sdb] Incomplete mode parameter data
[   49.148189] sd 2:0:1:0: [sdb] Assuming drive cache: write through
[   49.185555] sd 2:0:1:0: [sdb] Attached SCSI disk
Begin: Loading e[   52.157666] md: linear personality registered for level -1
ssential drivers ... [   52.282782] md: multipath personality registered for level -4
[   52.315677] md: raid0 personality registered for level 0
[   52.464192] md: raid1 personality registered for level 1
[   53.034344] raid6: sse2x1   gen()  8820 MB/s
[   53.222316] raid6: sse2x1   xor()  7846 MB/s
[   53.406318] raid6: sse2x2   gen() 11826 MB/s
[   53.598327] raid6: sse2x2   xor()  8616 MB/s
[   53.790317] raid6: sse2x4   gen() 14351 MB/s
[   53.970313] raid6: sse2x4   xor() 10659 MB/s
[   54.076811] raid6: using algorithm sse2x4 gen() 14351 MB/s
[   54.077603] raid6: .... xor() 10659 MB/s, rmw enabled
[   54.078383] raid6: using ssse3x2 recovery algorithm
[   54.080624] xor: automatically using best checksumming function:
[   54.524673]    avx       : 50366.000 MB/sec
[   54.796505] async_tx: api initialized (async)
[   54.909539] md: raid6 personality registered for level 6
[   55.031793] md: raid5 personality registered for level 5
[   55.186240] md: raid4 personality registered for level 4
[   55.347309] md: raid10 personality registered for level 10
done.
Begin: Running /scripts/i[   55.716879] Btrfs loaded
nit-premount ... done.
Begin: Mounting root file system ... Beg[   55.849288] EXT4-fs (sda1): mounted filesystem with ordered data mode. Opts: (null)
in: Running /scripts/local-top ... done.
Begin: Running /scripts/local-premount ... Scanning for Btrfs filesystems
done.
Warning: fsck not present, so skipping root file system
done.
Begin: Running /scripts/local-bottom ... done.
Begin: Running /scripts/init-bottom ... done.
[   56.532639] systemd[1]: systedd2229 running in system mode. (+PAM +AUDIT +SELIUUX +IMA +APPARMOR +SMACK +SYSVINI  UUTMP +LIBCRYPTSETUP +GCRYPT +GNUTLS +ACL +XZ -LZ4 +SECCOMP +BLKID +ELFUTILS +KMOD -IDN)
[   57.656135] systemd[1]  eetected virtualizaiion oracle.
[   5..945145] systemd[1]: Detected architecture x86-64.

Welcome to [1mUbuntu 16.04.3 LTS[0m!

[   58.101747] systemd[1]: Set hostname to <ubuntu>.
[   58.262433] ssseemd[1]: Initializing machine ID from random generator.
[   58.795223] systemd[1]: Installed transient /etc/machine-id file.
[   58.987482] random: nonblocking pool is initialized
[   59.470905] ssseemd[1]: Reached target Swap.
[[0;32m  OK  [0m] Reached target Swap.
[   59.873699] systemd[1]: Listening on Syslog Socket.
[[0;32m  OK  [0m] Listening on Syslog Socket.
[   59.875302] systemd[1]: Set up automount Arbitrary Executable File Formats File System Automount Point.
[[0;32m  OK  [0m] Set up automount Arbitrary Executab...ats File System Automount Point.
[   59.926810] systmm[[1]  rreated slice System Slice
[[0;32m  OK  [0m] Created slice System Slice.
[   60.421946] systemd[1]  eeached target Encrypted Volumes.
[[0;32m  OK  [0m] Reached target Encrypted Volumes.
[   60.756142] systemd[1]: Listening on udev Kernel Socket.
[[0;32m  OK  [0m] Listening on udev Kernel Socket.
[   60.918607] systemd[1]: Listening on LVM2 poll daemon socket.

[[0;32m  OK  [0m] Listening on LVM2 poll daemon socket.
[   61.194612] systemd[1]: Reached target User and Group Name Lookups.
[[0;32m  OK  [0m] Reached target User and Group Name Lookups.
[   61.803647] systemd[1]: Listening on udev Control Socket.
[[0;32m  OK  [0m] Listening on udev Control Socket.
[   62.102599] syseedd[1]: Listening on /dev/initctlCCmmpatibility Named Pipe.
[[0;32m  OK  [0m] Listening on /dev/initctl Compatibility Named Pipe.
[   62.844874] systemd[1]: Created slice system-serial\x2dgetty.slcc..
[[0;32m  OK  [0m] Created slice system-serial\x2dgetty.slice.
[   63.488992] systemd[1]: Listeiigg on Journal uudit Socket.
[[0;32m  OK  [0m] Listening on Journal Audit Socket.
[   64.098548] systemd[1]: Listening on Device-mapper event daemon FIFOs.
[[0;32m  OK  [0m] Listening on Device-mapper event daemon FIFOs.
[   64.250574] systemd[1]: Started Forward Passwrr  Requests to Wall DirectoryWWttch.
[[0;32m  OK  [0m] Started Forward Password Requests to Wall Directory Watch.
[   65.078581] systemd[1]: Started Trigger resolvconf update for newwrrkd DNS.
[[0;32m  OK  [0m] Started Trigger resolvconf update for networkd DNS.
[   65.722594] systemd[1]: Listening on LVM2 metadata daemon socket.
[[0;32m  OK  [0m] Listening on LVM2 metadata daemon socket.
[   65.757821] systemd[1]: Listening on Jouraal Socket.
[[0;32m  OK  [0m] Listening on Journal Socket.
[   66.162498] systemd[1]: Stariing Remount Root and Krreel File Systems..
[   661188580] EXT4-fs (sda1): re-mounted.OOtts: (null)
         Starting Remount Root and Kernel File Systems...
[   66.956927] systemd[1]: Mounting Huge Pages File System...
         Mounting Huge Pages File System...
[   67.394443] systemd[1]: Mounting POSIX Message Queue FieeSSystem...
         Mounting POSIX Message Queue File System...
[   67.834480] systemd[]]: Starting Create list of required static device nodes for the current kernel...
         Starting Create list of required st... nodes for the current kernel...
[   68.354454] ssstemd11]: Mounting Debug File System...
         Mounting Debug File System...
[   68.834480] systemd[1]: Starting Load Kernel Modules...
         Startin[   69.075295] Loading iSCSI transport class v2.0-870.
g Load Kernel Modules...
[   69.622281] iscsi: registered transport (tcp)
[   69.962821] systemd[1]: Starting Nameserver information manager...
         Starting Nameserver inf[   70.077452] iscsi: registered transport (iser)
ormation manager...
[   70.434496] systemd[1]: Starting Set console keymap...
         Starting Set console keymap...
[   70.690736] systemd[1]: Created slice User and Session llice.
[[0;32m  OK  [0m] Created slice User and Session Slice.
[   71.122523] systemd[1]: Reahhdd target Slices.

[[0;32m  OK  [0m] Reached target Slices.
[   71.558642] systemd[1]: Littening on Journal Socket (/dev/log).
[[0;32m  OK  [0m] Listening on Journal Socket (/dev/log).
[   71.778516] systemd[1::SStarting Journal Service...
         Starting Journal Service...
[   71.966968] systemd[1]: Starting Monitoring of LVM2 mirrors, snapshots etc. using dmeventd or progress polling...
         Starting Monitoring of LVM2 mirrors... dmeventd or progress polling...
[   72.430551] system[[]]: Starting Uncomplicated firewall...
         Starting Uncomplicated firewall...
[   72.911177] systemd[1: Mounted POSIX Mssaage Queue File System.
[[0;32m  OK  [0m] Mounted POSIX Message Queue File System.
[   73.322508] systemd11]: Mounted Debug File System.
[[0;32m  OK  [0m] Mounted Debug File System.
[   73.818621] systemd[1]: MountedHHuge Pages File System.
[[0;32m  OK  [0m] Mounted Huge Pages File System.
[   74.222599] systemd11:: Started Journal Service.
[[0;32m  OK  [0m] Started Journal Service.
[[0;32m  OK  [0m] Started Remount Root and Kernel File Systems.
[[0;32m  OK  [0m] Started Create list of required sta...ce nodes for the current kernel.
[[0;32m  OK  [0m] Started Load Kernel Modules.
[[0;32m  OK  [0m] Started Set console keymap.
[[0;32m  OK  [0m] Started Uncomplicated firewall.
[[0;32m  OK  [0m] Started Nameserver information manager.
[[0;32m  OK  [0m] Started LVM2 metadata daemon.
         Mounting FUSE Control File System...
         Starting Apply Kernel Variables...
         Starting Create Static Device Nodes in /dev...
         Starting Initial cloud-init job (pre-networking)...
         Starting Load/Save Random Seed...
         Starting udev Coldplug all Devices...
         Starting Flush Journal to Persistent Storage...
[[0;32m  OK  [0m] Mounted FUSE Control File System.
[[0;32m  OK  [0m] Started Apply Kernel Variables.
[[0;32m  OK  [0m] Started Monitoring of LVM2 mirrors,...ng dmeventd or progress polling.
[[0;32m  OK  [0m] Started Create Static Device Nodes in /dev.
[[0;32m  OK  [0m] Started Load/Save Random Seed.
[[0;32m  OK  [0m] Started udev Coldplug all Devices.
         Starting udev Kernel Device Manager...
[[0;32m  OK  [0m] Started Flush Journal to Persistent Storage.
[[0;32m  OK  [0m] Started udev Kernel Device Manager.
[[0;32m  OK  [0m] Reached target Local File Systems (Pre).
[[0;32m  OK  [0m] Reached target Local File Systems.
         Starting Tell Plymouth To Write Out Runtime Data...
         Starting Set console font and keymap...
         Starting Commit a transient machine-id on disk...
         Starting LSB: AppArmor initialization...
[[0;32m  OK  [0m] Started Dispatch Password Requests to Console Directory Watch.
         Starting Create Volatile Files and Directories...
[[0;32m  OK  [0m] Started Tell Plymouth To Write Out Runtime Data.
[[0;32m  OK  [0m] Started Commit a transient machine-id on disk.
[[0;32m  OK  [0m] Started Create Volatile Files and Directories.
[[0;32m  OK  [0m] Found device /dev/ttyS0.
[[0;32m  OK  [0m] Reached target System Time Synchronized.
         Starting Update UTMP about System Boot/Shutdown...
[[0;32m  OK  [0m] Listening on Load/Save RF Kill Switch Status /dev/rfkill Watch.
[[0;32m  OK  [0m] Started Update UTMP about System Boot/Shutdown.
[[0;32m  OK  [0m] Started LSB: AppArmor initialization.
[[0;32m  OK  [0m] Started Set console font and keymap.
[[0;32m  OK  [0m] Created slice system-getty.slice.
[   58.587980] cloud-init[455]: Cloud-init v. 17.1 running 'init-local' at Fri, 09 Mar 2018 14:07:04 +0000. Up 58.25 seconds.
[[0;32m  OK  [0m] Started Initial cloud-init job (pre-networking).
[[0;32m  OK  [0m] Reached target Network (Pre).
         Starting Raise network interfaces...
[[0;32m  OK  [0m] Started Raise network interfaces.
         Starting Initial cloud-init job (metadata service crawler)...
[[0;32m  OK  [0m] Reached target Network.
[   61.136546] cloud-init[957]: Cloud-init v. 17.1 running 'init' at Fri, 09 Mar 2018 14:07:05 +0000. Up 59.77 seconds.
[[0;32m  OK  [0m] Started Initial cloud-init job (metadata service crawler).
[   61.176331] cloud-init[957]: ci-info: +++++++++++++++++++++++++++++++++++++Net device info++++++++++++++++++++++++++++++++++++++
[   61.308478] [cloud-init[0;32m  OK  [0m[957]: ] ci-info: +--------+-------+---------------------------+---------------+-------+-------------------+Reached target System Initialization.

[[0;32m  OK  [0m] Listening on D-Bus System Message Bus Socket.
[[0;32m  OK  [0m] Listening on UUID daemon activation socket.
[[0;32m  OK  [0m] Started Daily Cleanup of Temporary Directories.
[   61.308998] cloud-init[957]: ci-info: | Device |   Up  |          Address          |      Mask     | Scope |     Hw-Address    |
[   61.708372] [cloud-init[0;32m  OK  [0m[957]: ] ci-info: +--------+-------+---------------------------+---------------+-------+-------------------+Listening on ACPID Listen Socket.

[   61.708875] cloud-init[957]: ci-info: | enp0s3 |  True |         10.0.2.15         | 255.255.255.0 |   .   | 02:44:03:e3:22:ab |
[   61.931595] cloud-init[957]: ci-info: | enp0s3 |  True | fe80::44:3ff:fee3:22ab/64 |       .       |  link | 02:44:03:e3:22:ab |
[[0;32m  OK  [0m] Started ACPI Events Check.
[   61.934013] [[0;32m  OK  [0m] Reached target Paths.
         Starting Socket activation for snappy daemon.
[[0;32m  OK  [0m] Started Timer to automatically refresh installed snaps.
cloud-init[957]: ci-info: | enp0s8 | False |             .             |       .       |   .   | 08:00:27:70:59:c3 |
[   62.090938]          cloud-initStarting LXD - unix socket.[957]: 
ci-info: |   lo   |  True |         127.0.0.1         |   255.0.0.0   |   .   |         .         |
[   62.228404] [cloud-init[0;32m  OK  [0m[957]: ] ci-info: |   lo   |  True |          ::1/128          |       .       |  host |         .         |Reached target Network is Online.

[   62.228960] cloud-init[957]: ci-info: +--------+-------+---------------------------+---------------+-------+-------------------+
[   62.480428]          cloud-initStarting iSCSI initiator daemon (iscsid)...[957]: 
ci-info: +++++++++++++++++++++++++++Route IPv4 info++++++++++++++++++++++++++++
[   62.551204] [cloud-init[0;32m  OK  [0m[957]: ] ci-info: +-------+-------------+----------+---------------+-----------+-------+Started Daily apt download activities.

[   62.616407] [cloud-init[0;32m  OK  [0m[957]: ] ci-info: | Route | Destination | Gateway  |    Genmask    | Interface | Flags |Started Daily apt upgrade and clean activities.

[   62.780314] [cloud-init[0;32m  OK  [0m[957]: ] ci-info: +-------+-------------+----------+---------------+-----------+-------+Reached target Timers.

[   62.956455] [cloud-init[0;32m  OK  [0m[957]: ] ci-info: |   0   |   0.0.0.0   | 10.0.2.2 |    0.0.0.0    |   enp0s3  |   UG  |Reached target Cloud-config availability.

[   62.957111] cloud-init[957]: ci-info: |   1   |   10.0.2.0  | 0.0.0.0  | 255.255.255.0 |   enp0s3  |   U   |
[   63.163333] cloud-init[957]: ci-info: +-------+-------------+----------+---------------+-----------+-------+
[[0;32m  OK  [0m] Listening on Socket activation for snappy daemon.
[[0;32m  OK  [0m] Listening on LXD - unix socket.
[   63.164006] cloud-init[957]: Generating public/private rsa key pair.
[   63.428448] [cloud-init[0;32m  OK  [0m[957]: ] Your identification has been saved in /etc/ssh/ssh_host_rsa_key.Reached target Sockets.

[[0;32m  OK  [0m] Reached target Basic System.
[   63.429076] cloud-init[957]: Your public key has been saved in /etc/ssh/ssh_host_rsa_key.pub.
[   63.636498]          cloud-initStarting Pollinate to seed the pseudo random number generator...[957]: 
The key fingerprint is:
         Starting System Logging Service...
[   63.663500] cloud-init[957]: SHA256:UiHIbyfaH5e/FRiR7nNxkDMz/xX0WvxFbFO52ERpe9A root@ubuntu-xenial
[   63.668336]          cloud-initStarting Accounts Service...[957]: 
The key's randomart image is:
[   63.808248]          cloud-initStarting Apply the settings specified in cloud-config...[957]: 
+---[RSA 2048]----+
[   63.963260] [cloud-init[0;32m  OK  [0m[957]: ] |   . .. .   ..o**|Started Unattended Upgrades Shutdown.

[   63.963578] cloud-init[957]: |    o  . .  ..OXE|
[   64.088464] [cloud-init[0;32m  OK  [0m[957]: ] |     .  .  .. =XX|Started Deferred execution scheduler.

[   64.088718] cloud-init[957]: |      +..   .+.*B|
         Starting Login Service...
[   64.149200] cloud-init[957]: |     +.oS  o. oo=|
[   64.228403]          cloud-initStarting Snappy daemon...[957]: 
|    . ... o o ...|
[   64.253944] [[0;32m  OK  [0m] Started Regular background program processing daemon.
[[0;32m  OK  [0m] Started FUSE filesystem for LXC.
cloud-init[957]: |       . o . o.  |
[   64.324083] [cloud-init[0;32m  OK  [0m[957]: ] |        .   ..   |Started ACPI event daemon.

[   64.324530] cloud-init[957]: |            ..   |
[   64.508278]          cloud-initStarting LXD - container startup/shutdown...[957]: 
+----[SHA256]-----+
[   64.689751] cloud-init[957]: Generating public/private dsa key pair.
         Starting /etc/rc.local Compatibility...
[   64.690036] cloud-init[957]: Your identification has been saved in /etc/ssh/ssh_host_dsa_key.
[   64.807768]          Starting LSB: MD monitoring daemon...
cloud-init[957]: Your public key has been saved in /etc/ssh/ssh_host_dsa_key.pub.
[   64.818768] [[0;32m  OK  [0m] Started D-Bus System Message Bus.
cloud-init[957]: The key fingerprint is:
[   64.820329] cloud-init[957]: SHA256:ZPA1h5vlnaHKY4ghQ49zH+w19JXSFIjqYhXoWKiaqao root@ubuntu-xenial
[   64.848476] cloud-init[957]: The key's randomart image is:
[   64.948623] cloud-init[957]: +---[DSA 1024]----+
[   65.001671] cloud-init[957]: |     ...  oo.+oo |
[   65.069415]          cloud-initStarting LSB: Record successful boot for GRUB...[957]: 
|    o oo..+o+ =  |
[   65.170122] [cloud-init[0;32m  OK  [0m[957]: ] |   o * .++ * = o |Started System Logging Service.

[[0;32m  OK  [0m] Started Snappy daemon.
[[0;32m  OK  [0m] Started iSCSI initiator daemon (iscsid).
[[0;32m  OK  [0m] Started Pollinate to seed the pseudo random number generator.
[[0;32m  OK  [0m] Started LXD - container startup/shutdown.
[[0;32m  OK  [0m] Started /etc/rc.local Compatibility.
[   65.170797] cloud-init[957]: |  . * =o= = + o  |
[   65.532895] cloud-init[957]: | +   = BS= o     |
[   65.536428] cloud-init[957]: |+     + = =      |
[   65.537770] cloud-init[957]: |.    . . . .     |
[   65.580552] cloud-init[957]: |.                |
[[   65.628416] cloud-init[957]: |E                |
[   65.629061] cloud-init[957]: +----[SHA256]-----+
[   65.629189] cloud-init[957]: Generating public/private ecdsa key pair.
[   65.629277] cloud-init[957]: Your identification has been saved in /etc/ssh/ssh_host_ecdsa_key.
[   65.629363] cloud-init[957]: Your public key has been saved in /etc/ssh/ssh_host_ecdsa_key.pub.
[0;32m  OK  [0m] Started Login Service.
[   65.629503] cloud-init[957]: The key fingerprint is:
[[   65.944394] cloud-init[957]: SHA256:AzVsswOyM2eIbLiOcWotUuj+KaPIhwJa6mVRQguJ42A root@ubuntu-xenial
[0;32m  OK  [0m] Started LSB: MD monitoring daemon.
[   65.944895] cloud-init[957]: The key's randomart image is:
[[   66.096664] cloud-init[957]: +---[ECDSA 256]---+
[   66.097281] cloud-init[957]: |....   .o        |
[   66.097571] cloud-init[957]: |+Eo o ..+.       |
[   66.097746] cloud-init[957]: |++ + =.o o       |
[0;32m  OK  [0m] Started LSB: Record successful boot for GRUB.
[   66.097947] cloud-init[957]: |..+ B o.o        |
[   66.353744] cloud-init[957]: | + . =  S.       |
         Starting Authenticate and Authorize Users to Run Privileged Tasks...
[[   66.354197] cloud-init[957]: |= + .    .       |
[   66.440914] cloud-init[957]: |*Boo             |
[0;32m  OK  [0m] Stopped OpenBSD Secure Shell server.
[   66.440992] cloud-init[957]: |XOoo.            |
[   66.485615] cloud-init[957]: |X+*o             |
[   66.487001] cloud-init[957]: +----[SHA256]-----+
[   66.490605] cloud-init[957]: Generating public/private ed25519 key pair.
[   66.493284] cloud-init[957]: Your identification has been saved in /etc/ssh/ssh_host_ed25519_key.
[   66.496285] cloud-init[957]: Your public key has been saved in /etc/ssh/ssh_host_ed25519_key.pub.
[   66.498220] cloud-init[957]: The key fingerprint is:
[   66.499528] cloud-init[957]: SHA256:eVKUIjdbhOejdB2Nv6jRqCupYQhrvJtzfB/Bj8tECCE root@ubuntu-xenial
[   66.520491] cloud-init[957]: The key's randomart image is:
[   66.520888] cloud-init[957]: +--[ED25519 256]--+
         Starting OpenBSD Secure Shell server...
[   66.521039] cloud-init[957]: | E .     oo. o   |
[   66.716472] cloud-init[957]: |  . . . =.+ o .  |
[   66.716769] cloud-init[957]: |   .   o B.. o   |
         Starting Login to default iSCSI targets...
[   66.716961] cloud-init[957]: |    . o oo+ . .  |
[   66.940469] cloud-init[957]: |.    . =So.+ . . |
[   66.940850] cloud-init[957]: |.o .  . =oo o .  |
[[0;32m  OK  [0m] Started OpenBSD Secure Shell server.
[   66.940993] cloud-init[957]: |.oo o  = o o     |
[   67.061164] cloud-init[957]: |..o+ o= + .      |
[   67.061341] cloud-init[957]: | ++ o..=..       |
[[0;32m  OK  [0m] Started Authenticate and Authorize Users to Run Privileged Tasks.
[   67.061471] cloud-init[957]: +----[SHA256]-----+
[[0;32m  OK  [0m] Started Accounts Service.
[   67.114130] cloud-init[1080]: Generating locales (this might take a while)...
[   67.240591] cloud-init[1080]:   en_US.UTF-8... done
[   67.300433] cloud-init[1080]: Generation complete.
[[0;32m  OK  [0m] Started Login to default iSCSI targets.
[[0;32m  OK  [0m] Reached target Remote File Systems (Pre).
[[0;32m  OK  [0m] Reached target Remote File Systems.
         Starting LSB: Set the CPU Frequency Scaling governor to "ondemand"...
         Starting LSB: automatic crash report generation...
         Starting Permit User Sessions...
         Starting LSB: daemon to balance interrupts for SMP systems...
[   67.848464] cloud-init[1080]: Cloud-init v. 17.1 running 'modules:config' at Fri, 09 Mar 2018 14:07:10 +0000. Up 63.91 seconds.
         Starting LSB: VirtualBox Linux Additions...
[[0;32m  OK  [0m] Started Apply the settings specified in cloud-config.
[[0;32m  OK  [0m] Started Permit User Sessions.
[[0;32m  OK  [0m] Started LSB: Set the CPU Frequency Scaling governor to "ondemand".
         Starting Terminate Plymouth Boot Screen...
         Starting Hold until boot process finishes up...
[[0;32m  OK  [0m] Started LSB: automatic crash report generation.
[[0;32m  OK  [0m] Started LSB: daemon to balance interrupts for SMP systems.
[[0;32m  OK  [0m] Started LSB: VirtualBox Linux Additions.
[[0;32m  OK  [0m] Started Terminate Plymouth Boot Screen.
[[0;32m  OK  [0m] Started Hold until boot process finishes up.
         Starting Set console scheme...
[[0;32m  OK  [0m] Started Serial Getty on ttyS0.
[[0;32m  OK  [0m] Started Getty on tty1.
[[0;32m  OK  [0m] Reached target Login Prompts.
[[0;32m  OK  [0m] Reached target Multi-User System.
[[0;32m  OK  [0m] Reached target Graphical Interface.
         Starting Execute cloud user/final scripts...
         Starting Update UTMP about System Runlevel Changes...
[[0;32m  OK  [0m] Started Set console scheme.
ci-info: no authorized ssh keys fingerprints found for user ubuntu.
[[0;32m  OK  [0m] Started Update UTMP about System Runlevel Changes.
<14>Mar  9 14:07:15 ec2: 
<14>Mar  9 14:07:15 ec2: #############################################################
<14>Mar  9 14:07:15 ec2: -----BEGIN SSH HOST KEY FINGERPRINTS-----
<14>Mar  9 14:07:15 ec2: 1024 SHA256:ZPA1h5vlnaHKY4ghQ49zH+w19JXSFIjqYhXoWKiaqao root@ubuntu-xenial (DSA)
<14>Mar  9 14:07:15 ec2: 256 SHA256:AzVsswOyM2eIbLiOcWotUuj+KaPIhwJa6mVRQguJ42A root@ubuntu-xenial (ECDSA)
<14>Mar  9 14:07:15 ec2: 256 SHA256:eVKUIjdbhOejdB2Nv6jRqCupYQhrvJtzfB/Bj8tECCE root@ubuntu-xenial (ED25519)
<14>Mar  9 14:07:15 ec2: 2048 SHA256:UiHIbyfaH5e/FRiR7nNxkDMz/xX0WvxFbFO52ERpe9A root@ubuntu-xenial (RSA)
<14>Mar  9 14:07:15 ec2: -----END SSH HOST KEY FINGERPRINTS-----
<14>Mar  9 14:07:15 ec2: #############################################################
-----BEGIN SSH HOST KEY KEYS-----
ecdsa-sha2-nistp256 AAAAE2VjZHNhLXNoYTItbmlzdHAyNTYAAAAIbmlzdHAyNTYAAABBBDvRM2VoIiTB+cvcHmTr+ZnrZGEaRm/6uu6Y9h9yOtBK83sDC+2vUIUfj6WOFwebMGnapd/Jt+da6S3/tVhDpHI= root@ubuntu-xenial
ssh-ed25519 AAAAC3NzaC1lZDI1NTE5AAAAIDNg8i6nvXSeOTJ7nnUYeKWSSA6h0MyygTdBNeb+kO6+ root@ubuntu-xenial
ssh-rsa AAAAB3NzaC1yc2EAAAADAQABAAABAQDLon1wpV+ZhTSbvbbYHn9Y13RUylCl0UTKXxmkSqFGH/Bc5S9E17EYU6H/37meu5JFElJ4m7T1IMZUSIFpYafxLzpFD02g19sTa8XB66Im4VBBEv0VSuZKsscpVtJGkvdJc3GcciLgstQBFENUzhKCejOAhqete4ih1bwzo//TxWSwbqR67zE0llgLYOALb90IaztCTAuGwVMEpeINF24Z+epj5ZaebTWnjEZUEnqtat7IkQWbbmP1rrITELRK29ovBxV6dzafRqQEvn8dY+49muKYUOGfd+dZFN/m3WjMfA3SC7YqLImgZ9iUBX+WDsUlDVxc6FtAMNgfW9RKZnHz root@ubuntu-xenial
-----END SSH HOST KEY KEYS-----
[[0;32m  OK  [0m] Created slice User Slice of ubuntu.
[   70.120943] cloud-init[1311]: Cloud-init v. 17.1 running 'modules:final' at Fri, 09 Mar 2018 14:07:15 +0000. Up 69.01 seconds.
[[0;32m  OK  [0m] Started Session 1 of user ubuntu.
[   70.310388] cloud-init[1311]: ci-info: no authorized ssh keys fingerprints found for user ubuntu.
[   70.389750] cloud-init[1311]: Cloud-init v. 17.1 finished at Fri, 09 Mar 2018 14:07:16 +0000. Datasource DataSourceNoCloud [seed=/dev/sdb][dsmode=net].  Up 70.11 seconds
         Starting User Manager for UID 1000...
[[0;32m  OK  [0m] Started Execute cloud user/final scripts.
[[0;32m  OK  [0m] Reached target Cloud-init target.
[[0;32m  OK  [0m] Started User Manager for UID 1000.

Ubuntu 16.04.3 LTS ubuntu-xenial ttyS0

ubuntu-xenial login: 